<?xml version="1.0" encoding="UTF-8"?>
<testsuite xmlns:xsi="http://www.w3.org/2001/XMLSchema-instance" xsi:noNamespaceSchemaLocation="https://maven.apache.org/surefire/maven-surefire-plugin/xsd/surefire-test-report-3.0.xsd" version="3.0" name="top.panyuwen.gigotapibackend.service.UserInterfaceInfoServiceTest" time="0.432" tests="1" errors="1" skipped="0" failures="0">
  <properties>
    <property name="sun.desktop" value="windows"/>
    <property name="awt.toolkit" value="sun.awt.windows.WToolkit"/>
    <property name="file.encoding.pkg" value="sun.io"/>
    <property name="java.specification.version" value="1.8"/>
    <property name="sun.cpu.isalist" value="amd64"/>
    <property name="sun.jnu.encoding" value="GBK"/>
    <property name="java.class.path" value="D:\文件下载\gigot-api-main\gigot-api-main\gigotapi\gigotapi-backend\target\test-classes;D:\文件下载\gigot-api-main\gigot-api-main\gigotapi\gigotapi-backend\target\classes;D:\tools\repository\top\panyuwen\gigotapi-common\0.0.2\gigotapi-common-0.0.2.jar;D:\tools\repository\org\mybatis\spring\boot\mybatis-spring-boot-starter\2.2.2\mybatis-spring-boot-starter-2.2.2.jar;D:\tools\repository\org\mybatis\spring\boot\mybatis-spring-boot-autoconfigure\2.2.2\mybatis-spring-boot-autoconfigure-2.2.2.jar;D:\tools\repository\org\mybatis\mybatis-spring\2.0.7\mybatis-spring-2.0.7.jar;D:\tools\repository\org\redisson\redisson\3.17.5\redisson-3.17.5.jar;D:\tools\repository\io\netty\netty-common\4.1.79.Final\netty-common-4.1.79.Final.jar;D:\tools\repository\io\netty\netty-codec\4.1.79.Final\netty-codec-4.1.79.Final.jar;D:\tools\repository\io\netty\netty-buffer\4.1.79.Final\netty-buffer-4.1.79.Final.jar;D:\tools\repository\io\netty\netty-transport\4.1.79.Final\netty-transport-4.1.79.Final.jar;D:\tools\repository\io\netty\netty-resolver\4.1.79.Final\netty-resolver-4.1.79.Final.jar;D:\tools\repository\io\netty\netty-resolver-dns\4.1.79.Final\netty-resolver-dns-4.1.79.Final.jar;D:\tools\repository\io\netty\netty-codec-dns\4.1.79.Final\netty-codec-dns-4.1.79.Final.jar;D:\tools\repository\io\netty\netty-handler\4.1.79.Final\netty-handler-4.1.79.Final.jar;D:\tools\repository\io\netty\netty-transport-native-unix-common\4.1.79.Final\netty-transport-native-unix-common-4.1.79.Final.jar;D:\tools\repository\javax\cache\cache-api\1.1.1\cache-api-1.1.1.jar;D:\tools\repository\io\projectreactor\reactor-core\3.4.21\reactor-core-3.4.21.jar;D:\tools\repository\org\reactivestreams\reactive-streams\1.0.4\reactive-streams-1.0.4.jar;D:\tools\repository\io\reactivex\rxjava3\rxjava\3.1.5\rxjava-3.1.5.jar;D:\tools\repository\org\jboss\marshalling\jboss-marshalling\2.0.11.Final\jboss-marshalling-2.0.11.Final.jar;D:\tools\repository\org\jboss\marshalling\jboss-marshalling-river\2.0.11.Final\jboss-marshalling-river-2.0.11.Final.jar;D:\tools\repository\org\slf4j\slf4j-api\1.7.36\slf4j-api-1.7.36.jar;D:\tools\repository\com\fasterxml\jackson\core\jackson-annotations\2.13.3\jackson-annotations-2.13.3.jar;D:\tools\repository\com\fasterxml\jackson\dataformat\jackson-dataformat-yaml\2.13.3\jackson-dataformat-yaml-2.13.3.jar;D:\tools\repository\com\fasterxml\jackson\core\jackson-core\2.13.3\jackson-core-2.13.3.jar;D:\tools\repository\com\fasterxml\jackson\core\jackson-databind\2.13.3\jackson-databind-2.13.3.jar;D:\tools\repository\net\bytebuddy\byte-buddy\1.12.12\byte-buddy-1.12.12.jar;D:\tools\repository\org\jodd\jodd-bean\5.1.6\jodd-bean-5.1.6.jar;D:\tools\repository\org\jodd\jodd-core\5.1.6\jodd-core-5.1.6.jar;D:\tools\repository\org\springframework\boot\spring-boot-starter-freemarker\2.7.2\spring-boot-starter-freemarker-2.7.2.jar;D:\tools\repository\org\springframework\boot\spring-boot-starter\2.7.2\spring-boot-starter-2.7.2.jar;D:\tools\repository\org\springframework\boot\spring-boot-starter-logging\2.7.2\spring-boot-starter-logging-2.7.2.jar;D:\tools\repository\ch\qos\logback\logback-classic\1.2.11\logback-classic-1.2.11.jar;D:\tools\repository\ch\qos\logback\logback-core\1.2.11\logback-core-1.2.11.jar;D:\tools\repository\org\apache\logging\log4j\log4j-to-slf4j\2.17.2\log4j-to-slf4j-2.17.2.jar;D:\tools\repository\org\apache\logging\log4j\log4j-api\2.17.2\log4j-api-2.17.2.jar;D:\tools\repository\org\slf4j\jul-to-slf4j\1.7.36\jul-to-slf4j-1.7.36.jar;D:\tools\repository\jakarta\annotation\jakarta.annotation-api\1.3.5\jakarta.annotation-api-1.3.5.jar;D:\tools\repository\org\freemarker\freemarker\2.3.31\freemarker-2.3.31.jar;D:\tools\repository\org\springframework\spring-context-support\5.3.22\spring-context-support-5.3.22.jar;D:\tools\repository\org\springframework\spring-beans\5.3.22\spring-beans-5.3.22.jar;D:\tools\repository\org\springframework\boot\spring-boot-starter-web\2.7.2\spring-boot-starter-web-2.7.2.jar;D:\tools\repository\org\springframework\boot\spring-boot-starter-json\2.7.2\spring-boot-starter-json-2.7.2.jar;D:\tools\repository\com\fasterxml\jackson\datatype\jackson-datatype-jdk8\2.13.3\jackson-datatype-jdk8-2.13.3.jar;D:\tools\repository\com\fasterxml\jackson\datatype\jackson-datatype-jsr310\2.13.3\jackson-datatype-jsr310-2.13.3.jar;D:\tools\repository\com\fasterxml\jackson\module\jackson-module-parameter-names\2.13.3\jackson-module-parameter-names-2.13.3.jar;D:\tools\repository\org\springframework\boot\spring-boot-starter-tomcat\2.7.2\spring-boot-starter-tomcat-2.7.2.jar;D:\tools\repository\org\apache\tomcat\embed\tomcat-embed-core\9.0.65\tomcat-embed-core-9.0.65.jar;D:\tools\repository\org\apache\tomcat\embed\tomcat-embed-el\9.0.65\tomcat-embed-el-9.0.65.jar;D:\tools\repository\org\apache\tomcat\embed\tomcat-embed-websocket\9.0.65\tomcat-embed-websocket-9.0.65.jar;D:\tools\repository\org\springframework\spring-web\5.3.22\spring-web-5.3.22.jar;D:\tools\repository\org\springframework\spring-webmvc\5.3.22\spring-webmvc-5.3.22.jar;D:\tools\repository\org\springframework\spring-expression\5.3.22\spring-expression-5.3.22.jar;D:\tools\repository\org\springframework\boot\spring-boot-starter-aop\2.7.2\spring-boot-starter-aop-2.7.2.jar;D:\tools\repository\org\springframework\spring-aop\5.3.22\spring-aop-5.3.22.jar;D:\tools\repository\org\aspectj\aspectjweaver\1.9.7\aspectjweaver-1.9.7.jar;D:\tools\repository\org\mybatis\mybatis\3.5.11\mybatis-3.5.11.jar;D:\tools\repository\com\baomidou\mybatis-plus-boot-starter\3.5.2\mybatis-plus-boot-starter-3.5.2.jar;D:\tools\repository\com\baomidou\mybatis-plus\3.5.2\mybatis-plus-3.5.2.jar;D:\tools\repository\com\baomidou\mybatis-plus-extension\3.5.2\mybatis-plus-extension-3.5.2.jar;D:\tools\repository\com\baomidou\mybatis-plus-core\3.5.2\mybatis-plus-core-3.5.2.jar;D:\tools\repository\com\baomidou\mybatis-plus-annotation\3.5.2\mybatis-plus-annotation-3.5.2.jar;D:\tools\repository\com\github\jsqlparser\jsqlparser\4.4\jsqlparser-4.4.jar;D:\tools\repository\org\jetbrains\kotlin\kotlin-stdlib-jdk8\1.6.21\kotlin-stdlib-jdk8-1.6.21.jar;D:\tools\repository\org\jetbrains\kotlin\kotlin-stdlib\1.6.21\kotlin-stdlib-1.6.21.jar;D:\tools\repository\org\jetbrains\kotlin\kotlin-stdlib-common\1.6.21\kotlin-stdlib-common-1.6.21.jar;D:\tools\repository\org\jetbrains\annotations\13.0\annotations-13.0.jar;D:\tools\repository\org\jetbrains\kotlin\kotlin-stdlib-jdk7\1.6.21\kotlin-stdlib-jdk7-1.6.21.jar;D:\tools\repository\org\springframework\boot\spring-boot-autoconfigure\2.7.2\spring-boot-autoconfigure-2.7.2.jar;D:\tools\repository\org\springframework\boot\spring-boot-starter-jdbc\2.7.2\spring-boot-starter-jdbc-2.7.2.jar;D:\tools\repository\com\zaxxer\HikariCP\4.0.3\HikariCP-4.0.3.jar;D:\tools\repository\org\springframework\spring-jdbc\5.3.22\spring-jdbc-5.3.22.jar;D:\tools\repository\org\springframework\boot\spring-boot-starter-data-redis\2.7.2\spring-boot-starter-data-redis-2.7.2.jar;D:\tools\repository\org\springframework\data\spring-data-redis\2.6.2\spring-data-redis-2.6.2.jar;D:\tools\repository\org\springframework\data\spring-data-keyvalue\2.7.2\spring-data-keyvalue-2.7.2.jar;D:\tools\repository\org\springframework\data\spring-data-commons\2.7.2\spring-data-commons-2.7.2.jar;D:\tools\repository\org\springframework\spring-tx\5.3.22\spring-tx-5.3.22.jar;D:\tools\repository\org\springframework\spring-oxm\5.3.22\spring-oxm-5.3.22.jar;D:\tools\repository\io\lettuce\lettuce-core\6.1.6.RELEASE\lettuce-core-6.1.6.RELEASE.jar;D:\tools\repository\org\springframework\session\spring-session-data-redis\2.7.0\spring-session-data-redis-2.7.0.jar;D:\tools\repository\org\springframework\session\spring-session-core\2.7.0\spring-session-core-2.7.0.jar;D:\tools\repository\org\springframework\spring-jcl\5.3.22\spring-jcl-5.3.22.jar;D:\tools\repository\org\springframework\boot\spring-boot-starter-data-elasticsearch\2.7.2\spring-boot-starter-data-elasticsearch-2.7.2.jar;D:\tools\repository\org\springframework\data\spring-data-elasticsearch\4.4.2\spring-data-elasticsearch-4.4.2.jar;D:\tools\repository\org\elasticsearch\client\elasticsearch-rest-high-level-client\7.17.4\elasticsearch-rest-high-level-client-7.17.4.jar;D:\tools\repository\org\elasticsearch\elasticsearch\7.17.4\elasticsearch-7.17.4.jar;D:\tools\repository\org\elasticsearch\elasticsearch-core\7.17.4\elasticsearch-core-7.17.4.jar;D:\tools\repository\org\elasticsearch\elasticsearch-secure-sm\7.17.4\elasticsearch-secure-sm-7.17.4.jar;D:\tools\repository\org\elasticsearch\elasticsearch-x-content\7.17.4\elasticsearch-x-content-7.17.4.jar;D:\tools\repository\com\fasterxml\jackson\dataformat\jackson-dataformat-smile\2.13.3\jackson-dataformat-smile-2.13.3.jar;D:\tools\repository\com\fasterxml\jackson\dataformat\jackson-dataformat-cbor\2.13.3\jackson-dataformat-cbor-2.13.3.jar;D:\tools\repository\org\elasticsearch\elasticsearch-geo\7.17.4\elasticsearch-geo-7.17.4.jar;D:\tools\repository\org\elasticsearch\elasticsearch-lz4\7.17.4\elasticsearch-lz4-7.17.4.jar;D:\tools\repository\org\lz4\lz4-java\1.8.0\lz4-java-1.8.0.jar;D:\tools\repository\org\apache\lucene\lucene-core\8.11.1\lucene-core-8.11.1.jar;D:\tools\repository\org\apache\lucene\lucene-analyzers-common\8.11.1\lucene-analyzers-common-8.11.1.jar;D:\tools\repository\org\apache\lucene\lucene-backward-codecs\8.11.1\lucene-backward-codecs-8.11.1.jar;D:\tools\repository\org\apache\lucene\lucene-grouping\8.11.1\lucene-grouping-8.11.1.jar;D:\tools\repository\org\apache\lucene\lucene-highlighter\8.11.1\lucene-highlighter-8.11.1.jar;D:\tools\repository\org\apache\lucene\lucene-join\8.11.1\lucene-join-8.11.1.jar;D:\tools\repository\org\apache\lucene\lucene-memory\8.11.1\lucene-memory-8.11.1.jar;D:\tools\repository\org\apache\lucene\lucene-misc\8.11.1\lucene-misc-8.11.1.jar;D:\tools\repository\org\apache\lucene\lucene-queries\8.11.1\lucene-queries-8.11.1.jar;D:\tools\repository\org\apache\lucene\lucene-queryparser\8.11.1\lucene-queryparser-8.11.1.jar;D:\tools\repository\org\apache\lucene\lucene-sandbox\8.11.1\lucene-sandbox-8.11.1.jar;D:\tools\repository\org\apache\lucene\lucene-spatial3d\8.11.1\lucene-spatial3d-8.11.1.jar;D:\tools\repository\org\apache\lucene\lucene-suggest\8.11.1\lucene-suggest-8.11.1.jar;D:\tools\repository\org\elasticsearch\elasticsearch-cli\7.17.4\elasticsearch-cli-7.17.4.jar;D:\tools\repository\net\sf\jopt-simple\jopt-simple\5.0.2\jopt-simple-5.0.2.jar;D:\tools\repository\com\carrotsearch\hppc\0.8.1\hppc-0.8.1.jar;D:\tools\repository\com\tdunning\t-digest\3.2\t-digest-3.2.jar;D:\tools\repository\org\hdrhistogram\HdrHistogram\2.1.9\HdrHistogram-2.1.9.jar;D:\tools\repository\net\java\dev\jna\jna\5.10.0\jna-5.10.0.jar;D:\tools\repository\org\elasticsearch\elasticsearch-plugin-classloader\7.17.4\elasticsearch-plugin-classloader-7.17.4.jar;D:\tools\repository\org\elasticsearch\plugin\mapper-extras-client\7.17.4\mapper-extras-client-7.17.4.jar;D:\tools\repository\org\elasticsearch\plugin\parent-join-client\7.17.4\parent-join-client-7.17.4.jar;D:\tools\repository\org\elasticsearch\plugin\aggs-matrix-stats-client\7.17.4\aggs-matrix-stats-client-7.17.4.jar;D:\tools\repository\org\elasticsearch\plugin\rank-eval-client\7.17.4\rank-eval-client-7.17.4.jar;D:\tools\repository\org\elasticsearch\plugin\lang-mustache-client\7.17.4\lang-mustache-client-7.17.4.jar;D:\tools\repository\com\github\spullara\mustache\java\compiler\0.9.6\compiler-0.9.6.jar;D:\tools\repository\co\elastic\clients\elasticsearch-java\7.17.4\elasticsearch-java-7.17.4.jar;D:\tools\repository\com\google\code\findbugs\jsr305\3.0.2\jsr305-3.0.2.jar;D:\tools\repository\jakarta\json\jakarta.json-api\1.1.6\jakarta.json-api-1.1.6.jar;D:\tools\repository\org\eclipse\parsson\parsson\1.0.0\parsson-1.0.0.jar;D:\tools\repository\org\elasticsearch\client\elasticsearch-rest-client\7.17.4\elasticsearch-rest-client-7.17.4.jar;D:\tools\repository\com\github\binarywang\wx-java-mp-spring-boot-starter\4.4.0\wx-java-mp-spring-boot-starter-4.4.0.jar;D:\tools\repository\com\github\binarywang\weixin-java-mp\4.4.0\weixin-java-mp-4.4.0.jar;D:\tools\repository\com\github\binarywang\weixin-java-common\4.4.0\weixin-java-common-4.4.0.jar;D:\tools\repository\com\thoughtworks\xstream\xstream\1.4.19\xstream-1.4.19.jar;D:\tools\repository\io\github\x-stream\mxparser\1.2.2\mxparser-1.2.2.jar;D:\tools\repository\xmlpull\xmlpull\1.1.3.1\xmlpull-1.1.3.1.jar;D:\tools\repository\org\apache\httpcomponents\httpmime\4.5.13\httpmime-4.5.13.jar;D:\tools\repository\org\slf4j\jcl-over-slf4j\1.7.36\jcl-over-slf4j-1.7.36.jar;D:\tools\repository\commons-io\commons-io\2.7\commons-io-2.7.jar;D:\tools\repository\com\google\guava\guava\30.0-jre\guava-30.0-jre.jar;D:\tools\repository\com\google\guava\failureaccess\1.0.1\failureaccess-1.0.1.jar;D:\tools\repository\com\google\guava\listenablefuture\9999.0-empty-to-avoid-conflict-with-guava\listenablefuture-9999.0-empty-to-avoid-conflict-with-guava.jar;D:\tools\repository\org\checkerframework\checker-qual\3.5.0\checker-qual-3.5.0.jar;D:\tools\repository\com\google\errorprone\error_prone_annotations\2.3.4\error_prone_annotations-2.3.4.jar;D:\tools\repository\com\google\j2objc\j2objc-annotations\1.3\j2objc-annotations-1.3.jar;D:\tools\repository\javax\validation\validation-api\2.0.1.Final\validation-api-2.0.1.Final.jar;D:\tools\repository\org\dom4j\dom4j\2.1.3\dom4j-2.1.3.jar;D:\tools\repository\redis\clients\jedis\3.8.0\jedis-3.8.0.jar;D:\tools\repository\org\apache\commons\commons-pool2\2.11.1\commons-pool2-2.11.1.jar;D:\tools\repository\com\github\xiaoymin\knife4j-spring-boot-starter\3.0.3\knife4j-spring-boot-starter-3.0.3.jar;D:\tools\repository\com\github\xiaoymin\knife4j-spring-boot-autoconfigure\3.0.3\knife4j-spring-boot-autoconfigure-3.0.3.jar;D:\tools\repository\com\github\xiaoymin\knife4j-spring\3.0.3\knife4j-spring-3.0.3.jar;D:\tools\repository\com\github\xiaoymin\knife4j-annotations\3.0.3\knife4j-annotations-3.0.3.jar;D:\tools\repository\io\swagger\swagger-annotations\1.5.22\swagger-annotations-1.5.22.jar;D:\tools\repository\io\swagger\core\v3\swagger-annotations\2.1.2\swagger-annotations-2.1.2.jar;D:\tools\repository\com\github\xiaoymin\knife4j-core\3.0.3\knife4j-core-3.0.3.jar;D:\tools\repository\io\springfox\springfox-swagger2\3.0.0\springfox-swagger2-3.0.0.jar;D:\tools\repository\io\springfox\springfox-spi\3.0.0\springfox-spi-3.0.0.jar;D:\tools\repository\io\springfox\springfox-schema\3.0.0\springfox-schema-3.0.0.jar;D:\tools\repository\io\springfox\springfox-swagger-common\3.0.0\springfox-swagger-common-3.0.0.jar;D:\tools\repository\io\springfox\springfox-spring-web\3.0.0\springfox-spring-web-3.0.0.jar;D:\tools\repository\io\github\classgraph\classgraph\4.8.83\classgraph-4.8.83.jar;D:\tools\repository\io\springfox\springfox-spring-webflux\3.0.0\springfox-spring-webflux-3.0.0.jar;D:\tools\repository\org\mapstruct\mapstruct\1.3.1.Final\mapstruct-1.3.1.Final.jar;D:\tools\repository\io\springfox\springfox-spring-webmvc\3.0.0\springfox-spring-webmvc-3.0.0.jar;D:\tools\repository\io\springfox\springfox-core\3.0.0\springfox-core-3.0.0.jar;D:\tools\repository\io\springfox\springfox-oas\3.0.0\springfox-oas-3.0.0.jar;D:\tools\repository\io\swagger\core\v3\swagger-models\2.1.2\swagger-models-2.1.2.jar;D:\tools\repository\io\springfox\springfox-bean-validators\3.0.0\springfox-bean-validators-3.0.0.jar;D:\tools\repository\io\swagger\swagger-models\1.5.22\swagger-models-1.5.22.jar;D:\tools\repository\io\swagger\swagger-core\1.5.22\swagger-core-1.5.22.jar;D:\tools\repository\io\springfox\springfox-boot-starter\3.0.0\springfox-boot-starter-3.0.0.jar;D:\tools\repository\io\springfox\springfox-data-rest\3.0.0\springfox-data-rest-3.0.0.jar;D:\tools\repository\com\fasterxml\classmate\1.5.1\classmate-1.5.1.jar;D:\tools\repository\org\springframework\plugin\spring-plugin-core\2.0.0.RELEASE\spring-plugin-core-2.0.0.RELEASE.jar;D:\tools\repository\org\springframework\plugin\spring-plugin-metadata\2.0.0.RELEASE\spring-plugin-metadata-2.0.0.RELEASE.jar;D:\tools\repository\com\github\xiaoymin\knife4j-spring-ui\3.0.3\knife4j-spring-ui-3.0.3.jar;D:\tools\repository\com\qcloud\cos_api\5.6.89\cos_api-5.6.89.jar;D:\tools\repository\org\apache\httpcomponents\httpclient\4.5.13\httpclient-4.5.13.jar;D:\tools\repository\org\apache\httpcomponents\httpcore\4.4.15\httpcore-4.4.15.jar;D:\tools\repository\commons-codec\commons-codec\1.15\commons-codec-1.15.jar;D:\tools\repository\joda-time\joda-time\2.9.9\joda-time-2.9.9.jar;D:\tools\repository\com\tencentcloudapi\tencentcloud-sdk-java-kms\3.1.213\tencentcloud-sdk-java-kms-3.1.213.jar;D:\tools\repository\com\tencentcloudapi\tencentcloud-sdk-java-common\3.1.213\tencentcloud-sdk-java-common-3.1.213.jar;D:\tools\repository\com\squareup\okhttp\logging-interceptor\2.7.5\logging-interceptor-2.7.5.jar;D:\tools\repository\com\squareup\okhttp\okhttp\2.7.5\okhttp-2.7.5.jar;D:\tools\repository\org\bouncycastle\bcprov-jdk15on\1.67\bcprov-jdk15on-1.67.jar;D:\tools\repository\org\apache\commons\commons-lang3\3.12.0\commons-lang3-3.12.0.jar;D:\tools\repository\com\google\code\gson\gson\2.9.1\gson-2.9.1.jar;D:\tools\repository\com\alibaba\fastjson\1.2.76\fastjson-1.2.76.jar;D:\tools\repository\com\alibaba\easyexcel\3.1.1\easyexcel-3.1.1.jar;D:\tools\repository\com\alibaba\easyexcel-core\3.1.1\easyexcel-core-3.1.1.jar;D:\tools\repository\com\alibaba\easyexcel-support\3.1.1\easyexcel-support-3.1.1.jar;D:\tools\repository\org\apache\poi\poi\4.1.2\poi-4.1.2.jar;D:\tools\repository\org\apache\commons\commons-collections4\4.4\commons-collections4-4.4.jar;D:\tools\repository\org\apache\commons\commons-math3\3.6.1\commons-math3-3.6.1.jar;D:\tools\repository\com\zaxxer\SparseBitSet\1.2\SparseBitSet-1.2.jar;D:\tools\repository\org\apache\poi\poi-ooxml\4.1.2\poi-ooxml-4.1.2.jar;D:\tools\repository\org\apache\commons\commons-compress\1.19\commons-compress-1.19.jar;D:\tools\repository\com\github\virtuald\curvesapi\1.06\curvesapi-1.06.jar;D:\tools\repository\org\apache\poi\poi-ooxml-schemas\4.1.2\poi-ooxml-schemas-4.1.2.jar;D:\tools\repository\org\apache\xmlbeans\xmlbeans\3.1.0\xmlbeans-3.1.0.jar;D:\tools\repository\org\apache\commons\commons-csv\1.8\commons-csv-1.8.jar;D:\tools\repository\org\ehcache\ehcache\3.10.0\ehcache-3.10.0.jar;D:\tools\repository\org\glassfish\jaxb\jaxb-runtime\2.3.6\jaxb-runtime-2.3.6.jar;D:\tools\repository\org\glassfish\jaxb\txw2\2.3.6\txw2-2.3.6.jar;D:\tools\repository\com\sun\istack\istack-commons-runtime\3.0.12\istack-commons-runtime-3.0.12.jar;D:\tools\repository\com\sun\activation\jakarta.activation\1.2.2\jakarta.activation-1.2.2.jar;D:\tools\repository\cn\hutool\hutool-all\5.8.8\hutool-all-5.8.8.jar;D:\tools\repository\com\google\zxing\core\3.4.1\core-3.4.1.jar;D:\tools\repository\org\springframework\boot\spring-boot-devtools\2.7.2\spring-boot-devtools-2.7.2.jar;D:\tools\repository\org\springframework\boot\spring-boot\2.7.2\spring-boot-2.7.2.jar;D:\tools\repository\mysql\mysql-connector-java\8.0.29\mysql-connector-java-8.0.29.jar;D:\tools\repository\org\springframework\boot\spring-boot-configuration-processor\2.7.2\spring-boot-configuration-processor-2.7.2.jar;D:\tools\repository\org\projectlombok\lombok\1.18.24\lombok-1.18.24.jar;D:\tools\repository\org\springframework\boot\spring-boot-starter-test\2.7.2\spring-boot-starter-test-2.7.2.jar;D:\tools\repository\org\springframework\boot\spring-boot-test\2.7.2\spring-boot-test-2.7.2.jar;D:\tools\repository\org\springframework\boot\spring-boot-test-autoconfigure\2.7.2\spring-boot-test-autoconfigure-2.7.2.jar;D:\tools\repository\com\jayway\jsonpath\json-path\2.7.0\json-path-2.7.0.jar;D:\tools\repository\net\minidev\json-smart\2.4.8\json-smart-2.4.8.jar;D:\tools\repository\net\minidev\accessors-smart\2.4.8\accessors-smart-2.4.8.jar;D:\tools\repository\org\ow2\asm\asm\9.1\asm-9.1.jar;D:\tools\repository\jakarta\xml\bind\jakarta.xml.bind-api\2.3.3\jakarta.xml.bind-api-2.3.3.jar;D:\tools\repository\jakarta\activation\jakarta.activation-api\1.2.2\jakarta.activation-api-1.2.2.jar;D:\tools\repository\org\assertj\assertj-core\3.22.0\assertj-core-3.22.0.jar;D:\tools\repository\org\hamcrest\hamcrest\2.2\hamcrest-2.2.jar;D:\tools\repository\org\junit\jupiter\junit-jupiter\5.8.2\junit-jupiter-5.8.2.jar;D:\tools\repository\org\junit\jupiter\junit-jupiter-api\5.8.2\junit-jupiter-api-5.8.2.jar;D:\tools\repository\org\opentest4j\opentest4j\1.2.0\opentest4j-1.2.0.jar;D:\tools\repository\org\junit\platform\junit-platform-commons\1.8.2\junit-platform-commons-1.8.2.jar;D:\tools\repository\org\apiguardian\apiguardian-api\1.1.2\apiguardian-api-1.1.2.jar;D:\tools\repository\org\junit\jupiter\junit-jupiter-params\5.8.2\junit-jupiter-params-5.8.2.jar;D:\tools\repository\org\junit\jupiter\junit-jupiter-engine\5.8.2\junit-jupiter-engine-5.8.2.jar;D:\tools\repository\org\junit\platform\junit-platform-engine\1.8.2\junit-platform-engine-1.8.2.jar;D:\tools\repository\org\mockito\mockito-core\4.5.1\mockito-core-4.5.1.jar;D:\tools\repository\net\bytebuddy\byte-buddy-agent\1.12.12\byte-buddy-agent-1.12.12.jar;D:\tools\repository\org\objenesis\objenesis\3.2\objenesis-3.2.jar;D:\tools\repository\org\mockito\mockito-junit-jupiter\4.5.1\mockito-junit-jupiter-4.5.1.jar;D:\tools\repository\org\skyscreamer\jsonassert\1.5.1\jsonassert-1.5.1.jar;D:\tools\repository\com\vaadin\external\google\android-json\0.0.20131108.vaadin1\android-json-0.0.20131108.vaadin1.jar;D:\tools\repository\org\springframework\spring-core\5.3.22\spring-core-5.3.22.jar;D:\tools\repository\org\springframework\spring-test\5.3.22\spring-test-5.3.22.jar;D:\tools\repository\org\xmlunit\xmlunit-core\2.9.0\xmlunit-core-2.9.0.jar;D:\tools\repository\top\panyuwen\gigotapi-client-sdk\0.0.3\gigotapi-client-sdk-0.0.3.jar;D:\tools\repository\org\apache\dubbo\dubbo\3.0.9\dubbo-3.0.9.jar;D:\tools\repository\org\springframework\spring-context\5.3.22\spring-context-5.3.22.jar;D:\tools\repository\com\alibaba\spring\spring-context-support\1.0.8\spring-context-support-1.0.8.jar;D:\tools\repository\org\javassist\javassist\3.28.0-GA\javassist-3.28.0-GA.jar;D:\tools\repository\io\netty\netty-all\4.1.79.Final\netty-all-4.1.79.Final.jar;D:\tools\repository\io\netty\netty-codec-haproxy\4.1.79.Final\netty-codec-haproxy-4.1.79.Final.jar;D:\tools\repository\io\netty\netty-codec-http\4.1.79.Final\netty-codec-http-4.1.79.Final.jar;D:\tools\repository\io\netty\netty-codec-http2\4.1.79.Final\netty-codec-http2-4.1.79.Final.jar;D:\tools\repository\io\netty\netty-codec-memcache\4.1.79.Final\netty-codec-memcache-4.1.79.Final.jar;D:\tools\repository\io\netty\netty-codec-mqtt\4.1.79.Final\netty-codec-mqtt-4.1.79.Final.jar;D:\tools\repository\io\netty\netty-codec-redis\4.1.79.Final\netty-codec-redis-4.1.79.Final.jar;D:\tools\repository\io\netty\netty-codec-smtp\4.1.79.Final\netty-codec-smtp-4.1.79.Final.jar;D:\tools\repository\io\netty\netty-codec-socks\4.1.79.Final\netty-codec-socks-4.1.79.Final.jar;D:\tools\repository\io\netty\netty-codec-stomp\4.1.79.Final\netty-codec-stomp-4.1.79.Final.jar;D:\tools\repository\io\netty\netty-codec-xml\4.1.79.Final\netty-codec-xml-4.1.79.Final.jar;D:\tools\repository\io\netty\netty-handler-proxy\4.1.79.Final\netty-handler-proxy-4.1.79.Final.jar;D:\tools\repository\io\netty\netty-transport-rxtx\4.1.79.Final\netty-transport-rxtx-4.1.79.Final.jar;D:\tools\repository\io\netty\netty-transport-sctp\4.1.79.Final\netty-transport-sctp-4.1.79.Final.jar;D:\tools\repository\io\netty\netty-transport-udt\4.1.79.Final\netty-transport-udt-4.1.79.Final.jar;D:\tools\repository\io\netty\netty-transport-classes-epoll\4.1.79.Final\netty-transport-classes-epoll-4.1.79.Final.jar;D:\tools\repository\io\netty\netty-transport-classes-kqueue\4.1.79.Final\netty-transport-classes-kqueue-4.1.79.Final.jar;D:\tools\repository\io\netty\netty-resolver-dns-classes-macos\4.1.79.Final\netty-resolver-dns-classes-macos-4.1.79.Final.jar;D:\tools\repository\io\netty\netty-transport-native-epoll\4.1.79.Final\netty-transport-native-epoll-4.1.79.Final-linux-x86_64.jar;D:\tools\repository\io\netty\netty-transport-native-epoll\4.1.79.Final\netty-transport-native-epoll-4.1.79.Final-linux-aarch_64.jar;D:\tools\repository\io\netty\netty-transport-native-kqueue\4.1.79.Final\netty-transport-native-kqueue-4.1.79.Final-osx-x86_64.jar;D:\tools\repository\io\netty\netty-transport-native-kqueue\4.1.79.Final\netty-transport-native-kqueue-4.1.79.Final-osx-aarch_64.jar;D:\tools\repository\io\netty\netty-resolver-dns-native-macos\4.1.79.Final\netty-resolver-dns-native-macos-4.1.79.Final-osx-x86_64.jar;D:\tools\repository\io\netty\netty-resolver-dns-native-macos\4.1.79.Final\netty-resolver-dns-native-macos-4.1.79.Final-osx-aarch_64.jar;D:\tools\repository\org\yaml\snakeyaml\1.30\snakeyaml-1.30.jar;D:\tools\repository\com\alibaba\nacos\nacos-client\2.1.0\nacos-client-2.1.0.jar;D:\tools\repository\com\alibaba\nacos\nacos-auth-plugin\2.1.0\nacos-auth-plugin-2.1.0.jar;D:\tools\repository\com\alibaba\nacos\nacos-encryption-plugin\2.1.0\nacos-encryption-plugin-2.1.0.jar;D:\tools\repository\org\apache\httpcomponents\httpasyncclient\4.1.5\httpasyncclient-4.1.5.jar;D:\tools\repository\org\apache\httpcomponents\httpcore-nio\4.4.15\httpcore-nio-4.4.15.jar;D:\tools\repository\io\prometheus\simpleclient\0.15.0\simpleclient-0.15.0.jar;D:\tools\repository\io\prometheus\simpleclient_tracer_otel\0.15.0\simpleclient_tracer_otel-0.15.0.jar;D:\tools\repository\io\prometheus\simpleclient_tracer_common\0.15.0\simpleclient_tracer_common-0.15.0.jar;D:\tools\repository\io\prometheus\simpleclient_tracer_otel_agent\0.15.0\simpleclient_tracer_otel_agent-0.15.0.jar;D:\tools\repository\com\tencentcloudapi\tencentcloud-sdk-java\3.1.764\tencentcloud-sdk-java-3.1.764.jar;D:\tools\repository\commons-logging\commons-logging\1.2\commons-logging-1.2.jar;D:\tools\repository\javax\xml\bind\jaxb-api\2.3.1\jaxb-api-2.3.1.jar;D:\tools\repository\javax\activation\javax.activation-api\1.2.0\javax.activation-api-1.2.0.jar;D:\tools\repository\com\squareup\okhttp3\logging-interceptor\4.9.3\logging-interceptor-4.9.3.jar;D:\tools\repository\org\ini4j\ini4j\0.5.4\ini4j-0.5.4.jar;D:\tools\repository\com\github\wechatpay-apiv3\wechatpay-java\0.2.12\wechatpay-java-0.2.12.jar;D:\tools\repository\com\github\wechatpay-apiv3\wechatpay-java-core\0.2.12\wechatpay-java-core-0.2.12.jar;D:\tools\repository\com\squareup\okhttp3\okhttp\3.10.0\okhttp-3.10.0.jar;D:\tools\repository\com\squareup\okio\okio\1.13.0\okio-1.13.0.jar;D:\tools\repository\javax\activation\activation\1.1.1\activation-1.1.1.jar;D:\tools\repository\javax\mail\mail\1.4.7\mail-1.4.7.jar;D:\tools\repository\org\apache\commons\commons-email\1.4\commons-email-1.4.jar;D:\tools\repository\com\sun\mail\javax.mail\1.5.2\javax.mail-1.5.2.jar;"/>
    <property name="java.vm.vendor" value="Oracle Corporation"/>
    <property name="sun.arch.data.model" value="64"/>
    <property name="user.variant" value=""/>
    <property name="java.vendor.url" value="http://java.oracle.com/"/>
    <property name="user.timezone" value="Asia/Shanghai"/>
    <property name="java.vm.specification.version" value="1.8"/>
    <property name="os.name" value="Windows 10"/>
    <property name="user.country" value="CN"/>
    <property name="sun.java.launcher" value="SUN_STANDARD"/>
    <property name="sun.boot.library.path" value="D:\Environment\Java\jdk1.8.0_221\jre\bin"/>
    <property name="sun.java.command" value="C:\Users\86150\AppData\Local\Temp\surefire5591983871540530604\surefirebooter-20250505130830300_3.jar C:\Users\86150\AppData\Local\Temp\surefire5591983871540530604 2025-05-05T13-08-29_972-jvmRun1 surefire-20250505130830300_1tmp surefire_0-20250505130830300_2tmp"/>
    <property name="surefire.test.class.path" value="D:\文件下载\gigot-api-main\gigot-api-main\gigotapi\gigotapi-backend\target\test-classes;D:\文件下载\gigot-api-main\gigot-api-main\gigotapi\gigotapi-backend\target\classes;D:\tools\repository\top\panyuwen\gigotapi-common\0.0.2\gigotapi-common-0.0.2.jar;D:\tools\repository\org\mybatis\spring\boot\mybatis-spring-boot-starter\2.2.2\mybatis-spring-boot-starter-2.2.2.jar;D:\tools\repository\org\mybatis\spring\boot\mybatis-spring-boot-autoconfigure\2.2.2\mybatis-spring-boot-autoconfigure-2.2.2.jar;D:\tools\repository\org\mybatis\mybatis-spring\2.0.7\mybatis-spring-2.0.7.jar;D:\tools\repository\org\redisson\redisson\3.17.5\redisson-3.17.5.jar;D:\tools\repository\io\netty\netty-common\4.1.79.Final\netty-common-4.1.79.Final.jar;D:\tools\repository\io\netty\netty-codec\4.1.79.Final\netty-codec-4.1.79.Final.jar;D:\tools\repository\io\netty\netty-buffer\4.1.79.Final\netty-buffer-4.1.79.Final.jar;D:\tools\repository\io\netty\netty-transport\4.1.79.Final\netty-transport-4.1.79.Final.jar;D:\tools\repository\io\netty\netty-resolver\4.1.79.Final\netty-resolver-4.1.79.Final.jar;D:\tools\repository\io\netty\netty-resolver-dns\4.1.79.Final\netty-resolver-dns-4.1.79.Final.jar;D:\tools\repository\io\netty\netty-codec-dns\4.1.79.Final\netty-codec-dns-4.1.79.Final.jar;D:\tools\repository\io\netty\netty-handler\4.1.79.Final\netty-handler-4.1.79.Final.jar;D:\tools\repository\io\netty\netty-transport-native-unix-common\4.1.79.Final\netty-transport-native-unix-common-4.1.79.Final.jar;D:\tools\repository\javax\cache\cache-api\1.1.1\cache-api-1.1.1.jar;D:\tools\repository\io\projectreactor\reactor-core\3.4.21\reactor-core-3.4.21.jar;D:\tools\repository\org\reactivestreams\reactive-streams\1.0.4\reactive-streams-1.0.4.jar;D:\tools\repository\io\reactivex\rxjava3\rxjava\3.1.5\rxjava-3.1.5.jar;D:\tools\repository\org\jboss\marshalling\jboss-marshalling\2.0.11.Final\jboss-marshalling-2.0.11.Final.jar;D:\tools\repository\org\jboss\marshalling\jboss-marshalling-river\2.0.11.Final\jboss-marshalling-river-2.0.11.Final.jar;D:\tools\repository\org\slf4j\slf4j-api\1.7.36\slf4j-api-1.7.36.jar;D:\tools\repository\com\fasterxml\jackson\core\jackson-annotations\2.13.3\jackson-annotations-2.13.3.jar;D:\tools\repository\com\fasterxml\jackson\dataformat\jackson-dataformat-yaml\2.13.3\jackson-dataformat-yaml-2.13.3.jar;D:\tools\repository\com\fasterxml\jackson\core\jackson-core\2.13.3\jackson-core-2.13.3.jar;D:\tools\repository\com\fasterxml\jackson\core\jackson-databind\2.13.3\jackson-databind-2.13.3.jar;D:\tools\repository\net\bytebuddy\byte-buddy\1.12.12\byte-buddy-1.12.12.jar;D:\tools\repository\org\jodd\jodd-bean\5.1.6\jodd-bean-5.1.6.jar;D:\tools\repository\org\jodd\jodd-core\5.1.6\jodd-core-5.1.6.jar;D:\tools\repository\org\springframework\boot\spring-boot-starter-freemarker\2.7.2\spring-boot-starter-freemarker-2.7.2.jar;D:\tools\repository\org\springframework\boot\spring-boot-starter\2.7.2\spring-boot-starter-2.7.2.jar;D:\tools\repository\org\springframework\boot\spring-boot-starter-logging\2.7.2\spring-boot-starter-logging-2.7.2.jar;D:\tools\repository\ch\qos\logback\logback-classic\1.2.11\logback-classic-1.2.11.jar;D:\tools\repository\ch\qos\logback\logback-core\1.2.11\logback-core-1.2.11.jar;D:\tools\repository\org\apache\logging\log4j\log4j-to-slf4j\2.17.2\log4j-to-slf4j-2.17.2.jar;D:\tools\repository\org\apache\logging\log4j\log4j-api\2.17.2\log4j-api-2.17.2.jar;D:\tools\repository\org\slf4j\jul-to-slf4j\1.7.36\jul-to-slf4j-1.7.36.jar;D:\tools\repository\jakarta\annotation\jakarta.annotation-api\1.3.5\jakarta.annotation-api-1.3.5.jar;D:\tools\repository\org\freemarker\freemarker\2.3.31\freemarker-2.3.31.jar;D:\tools\repository\org\springframework\spring-context-support\5.3.22\spring-context-support-5.3.22.jar;D:\tools\repository\org\springframework\spring-beans\5.3.22\spring-beans-5.3.22.jar;D:\tools\repository\org\springframework\boot\spring-boot-starter-web\2.7.2\spring-boot-starter-web-2.7.2.jar;D:\tools\repository\org\springframework\boot\spring-boot-starter-json\2.7.2\spring-boot-starter-json-2.7.2.jar;D:\tools\repository\com\fasterxml\jackson\datatype\jackson-datatype-jdk8\2.13.3\jackson-datatype-jdk8-2.13.3.jar;D:\tools\repository\com\fasterxml\jackson\datatype\jackson-datatype-jsr310\2.13.3\jackson-datatype-jsr310-2.13.3.jar;D:\tools\repository\com\fasterxml\jackson\module\jackson-module-parameter-names\2.13.3\jackson-module-parameter-names-2.13.3.jar;D:\tools\repository\org\springframework\boot\spring-boot-starter-tomcat\2.7.2\spring-boot-starter-tomcat-2.7.2.jar;D:\tools\repository\org\apache\tomcat\embed\tomcat-embed-core\9.0.65\tomcat-embed-core-9.0.65.jar;D:\tools\repository\org\apache\tomcat\embed\tomcat-embed-el\9.0.65\tomcat-embed-el-9.0.65.jar;D:\tools\repository\org\apache\tomcat\embed\tomcat-embed-websocket\9.0.65\tomcat-embed-websocket-9.0.65.jar;D:\tools\repository\org\springframework\spring-web\5.3.22\spring-web-5.3.22.jar;D:\tools\repository\org\springframework\spring-webmvc\5.3.22\spring-webmvc-5.3.22.jar;D:\tools\repository\org\springframework\spring-expression\5.3.22\spring-expression-5.3.22.jar;D:\tools\repository\org\springframework\boot\spring-boot-starter-aop\2.7.2\spring-boot-starter-aop-2.7.2.jar;D:\tools\repository\org\springframework\spring-aop\5.3.22\spring-aop-5.3.22.jar;D:\tools\repository\org\aspectj\aspectjweaver\1.9.7\aspectjweaver-1.9.7.jar;D:\tools\repository\org\mybatis\mybatis\3.5.11\mybatis-3.5.11.jar;D:\tools\repository\com\baomidou\mybatis-plus-boot-starter\3.5.2\mybatis-plus-boot-starter-3.5.2.jar;D:\tools\repository\com\baomidou\mybatis-plus\3.5.2\mybatis-plus-3.5.2.jar;D:\tools\repository\com\baomidou\mybatis-plus-extension\3.5.2\mybatis-plus-extension-3.5.2.jar;D:\tools\repository\com\baomidou\mybatis-plus-core\3.5.2\mybatis-plus-core-3.5.2.jar;D:\tools\repository\com\baomidou\mybatis-plus-annotation\3.5.2\mybatis-plus-annotation-3.5.2.jar;D:\tools\repository\com\github\jsqlparser\jsqlparser\4.4\jsqlparser-4.4.jar;D:\tools\repository\org\jetbrains\kotlin\kotlin-stdlib-jdk8\1.6.21\kotlin-stdlib-jdk8-1.6.21.jar;D:\tools\repository\org\jetbrains\kotlin\kotlin-stdlib\1.6.21\kotlin-stdlib-1.6.21.jar;D:\tools\repository\org\jetbrains\kotlin\kotlin-stdlib-common\1.6.21\kotlin-stdlib-common-1.6.21.jar;D:\tools\repository\org\jetbrains\annotations\13.0\annotations-13.0.jar;D:\tools\repository\org\jetbrains\kotlin\kotlin-stdlib-jdk7\1.6.21\kotlin-stdlib-jdk7-1.6.21.jar;D:\tools\repository\org\springframework\boot\spring-boot-autoconfigure\2.7.2\spring-boot-autoconfigure-2.7.2.jar;D:\tools\repository\org\springframework\boot\spring-boot-starter-jdbc\2.7.2\spring-boot-starter-jdbc-2.7.2.jar;D:\tools\repository\com\zaxxer\HikariCP\4.0.3\HikariCP-4.0.3.jar;D:\tools\repository\org\springframework\spring-jdbc\5.3.22\spring-jdbc-5.3.22.jar;D:\tools\repository\org\springframework\boot\spring-boot-starter-data-redis\2.7.2\spring-boot-starter-data-redis-2.7.2.jar;D:\tools\repository\org\springframework\data\spring-data-redis\2.6.2\spring-data-redis-2.6.2.jar;D:\tools\repository\org\springframework\data\spring-data-keyvalue\2.7.2\spring-data-keyvalue-2.7.2.jar;D:\tools\repository\org\springframework\data\spring-data-commons\2.7.2\spring-data-commons-2.7.2.jar;D:\tools\repository\org\springframework\spring-tx\5.3.22\spring-tx-5.3.22.jar;D:\tools\repository\org\springframework\spring-oxm\5.3.22\spring-oxm-5.3.22.jar;D:\tools\repository\io\lettuce\lettuce-core\6.1.6.RELEASE\lettuce-core-6.1.6.RELEASE.jar;D:\tools\repository\org\springframework\session\spring-session-data-redis\2.7.0\spring-session-data-redis-2.7.0.jar;D:\tools\repository\org\springframework\session\spring-session-core\2.7.0\spring-session-core-2.7.0.jar;D:\tools\repository\org\springframework\spring-jcl\5.3.22\spring-jcl-5.3.22.jar;D:\tools\repository\org\springframework\boot\spring-boot-starter-data-elasticsearch\2.7.2\spring-boot-starter-data-elasticsearch-2.7.2.jar;D:\tools\repository\org\springframework\data\spring-data-elasticsearch\4.4.2\spring-data-elasticsearch-4.4.2.jar;D:\tools\repository\org\elasticsearch\client\elasticsearch-rest-high-level-client\7.17.4\elasticsearch-rest-high-level-client-7.17.4.jar;D:\tools\repository\org\elasticsearch\elasticsearch\7.17.4\elasticsearch-7.17.4.jar;D:\tools\repository\org\elasticsearch\elasticsearch-core\7.17.4\elasticsearch-core-7.17.4.jar;D:\tools\repository\org\elasticsearch\elasticsearch-secure-sm\7.17.4\elasticsearch-secure-sm-7.17.4.jar;D:\tools\repository\org\elasticsearch\elasticsearch-x-content\7.17.4\elasticsearch-x-content-7.17.4.jar;D:\tools\repository\com\fasterxml\jackson\dataformat\jackson-dataformat-smile\2.13.3\jackson-dataformat-smile-2.13.3.jar;D:\tools\repository\com\fasterxml\jackson\dataformat\jackson-dataformat-cbor\2.13.3\jackson-dataformat-cbor-2.13.3.jar;D:\tools\repository\org\elasticsearch\elasticsearch-geo\7.17.4\elasticsearch-geo-7.17.4.jar;D:\tools\repository\org\elasticsearch\elasticsearch-lz4\7.17.4\elasticsearch-lz4-7.17.4.jar;D:\tools\repository\org\lz4\lz4-java\1.8.0\lz4-java-1.8.0.jar;D:\tools\repository\org\apache\lucene\lucene-core\8.11.1\lucene-core-8.11.1.jar;D:\tools\repository\org\apache\lucene\lucene-analyzers-common\8.11.1\lucene-analyzers-common-8.11.1.jar;D:\tools\repository\org\apache\lucene\lucene-backward-codecs\8.11.1\lucene-backward-codecs-8.11.1.jar;D:\tools\repository\org\apache\lucene\lucene-grouping\8.11.1\lucene-grouping-8.11.1.jar;D:\tools\repository\org\apache\lucene\lucene-highlighter\8.11.1\lucene-highlighter-8.11.1.jar;D:\tools\repository\org\apache\lucene\lucene-join\8.11.1\lucene-join-8.11.1.jar;D:\tools\repository\org\apache\lucene\lucene-memory\8.11.1\lucene-memory-8.11.1.jar;D:\tools\repository\org\apache\lucene\lucene-misc\8.11.1\lucene-misc-8.11.1.jar;D:\tools\repository\org\apache\lucene\lucene-queries\8.11.1\lucene-queries-8.11.1.jar;D:\tools\repository\org\apache\lucene\lucene-queryparser\8.11.1\lucene-queryparser-8.11.1.jar;D:\tools\repository\org\apache\lucene\lucene-sandbox\8.11.1\lucene-sandbox-8.11.1.jar;D:\tools\repository\org\apache\lucene\lucene-spatial3d\8.11.1\lucene-spatial3d-8.11.1.jar;D:\tools\repository\org\apache\lucene\lucene-suggest\8.11.1\lucene-suggest-8.11.1.jar;D:\tools\repository\org\elasticsearch\elasticsearch-cli\7.17.4\elasticsearch-cli-7.17.4.jar;D:\tools\repository\net\sf\jopt-simple\jopt-simple\5.0.2\jopt-simple-5.0.2.jar;D:\tools\repository\com\carrotsearch\hppc\0.8.1\hppc-0.8.1.jar;D:\tools\repository\com\tdunning\t-digest\3.2\t-digest-3.2.jar;D:\tools\repository\org\hdrhistogram\HdrHistogram\2.1.9\HdrHistogram-2.1.9.jar;D:\tools\repository\net\java\dev\jna\jna\5.10.0\jna-5.10.0.jar;D:\tools\repository\org\elasticsearch\elasticsearch-plugin-classloader\7.17.4\elasticsearch-plugin-classloader-7.17.4.jar;D:\tools\repository\org\elasticsearch\plugin\mapper-extras-client\7.17.4\mapper-extras-client-7.17.4.jar;D:\tools\repository\org\elasticsearch\plugin\parent-join-client\7.17.4\parent-join-client-7.17.4.jar;D:\tools\repository\org\elasticsearch\plugin\aggs-matrix-stats-client\7.17.4\aggs-matrix-stats-client-7.17.4.jar;D:\tools\repository\org\elasticsearch\plugin\rank-eval-client\7.17.4\rank-eval-client-7.17.4.jar;D:\tools\repository\org\elasticsearch\plugin\lang-mustache-client\7.17.4\lang-mustache-client-7.17.4.jar;D:\tools\repository\com\github\spullara\mustache\java\compiler\0.9.6\compiler-0.9.6.jar;D:\tools\repository\co\elastic\clients\elasticsearch-java\7.17.4\elasticsearch-java-7.17.4.jar;D:\tools\repository\com\google\code\findbugs\jsr305\3.0.2\jsr305-3.0.2.jar;D:\tools\repository\jakarta\json\jakarta.json-api\1.1.6\jakarta.json-api-1.1.6.jar;D:\tools\repository\org\eclipse\parsson\parsson\1.0.0\parsson-1.0.0.jar;D:\tools\repository\org\elasticsearch\client\elasticsearch-rest-client\7.17.4\elasticsearch-rest-client-7.17.4.jar;D:\tools\repository\com\github\binarywang\wx-java-mp-spring-boot-starter\4.4.0\wx-java-mp-spring-boot-starter-4.4.0.jar;D:\tools\repository\com\github\binarywang\weixin-java-mp\4.4.0\weixin-java-mp-4.4.0.jar;D:\tools\repository\com\github\binarywang\weixin-java-common\4.4.0\weixin-java-common-4.4.0.jar;D:\tools\repository\com\thoughtworks\xstream\xstream\1.4.19\xstream-1.4.19.jar;D:\tools\repository\io\github\x-stream\mxparser\1.2.2\mxparser-1.2.2.jar;D:\tools\repository\xmlpull\xmlpull\1.1.3.1\xmlpull-1.1.3.1.jar;D:\tools\repository\org\apache\httpcomponents\httpmime\4.5.13\httpmime-4.5.13.jar;D:\tools\repository\org\slf4j\jcl-over-slf4j\1.7.36\jcl-over-slf4j-1.7.36.jar;D:\tools\repository\commons-io\commons-io\2.7\commons-io-2.7.jar;D:\tools\repository\com\google\guava\guava\30.0-jre\guava-30.0-jre.jar;D:\tools\repository\com\google\guava\failureaccess\1.0.1\failureaccess-1.0.1.jar;D:\tools\repository\com\google\guava\listenablefuture\9999.0-empty-to-avoid-conflict-with-guava\listenablefuture-9999.0-empty-to-avoid-conflict-with-guava.jar;D:\tools\repository\org\checkerframework\checker-qual\3.5.0\checker-qual-3.5.0.jar;D:\tools\repository\com\google\errorprone\error_prone_annotations\2.3.4\error_prone_annotations-2.3.4.jar;D:\tools\repository\com\google\j2objc\j2objc-annotations\1.3\j2objc-annotations-1.3.jar;D:\tools\repository\javax\validation\validation-api\2.0.1.Final\validation-api-2.0.1.Final.jar;D:\tools\repository\org\dom4j\dom4j\2.1.3\dom4j-2.1.3.jar;D:\tools\repository\redis\clients\jedis\3.8.0\jedis-3.8.0.jar;D:\tools\repository\org\apache\commons\commons-pool2\2.11.1\commons-pool2-2.11.1.jar;D:\tools\repository\com\github\xiaoymin\knife4j-spring-boot-starter\3.0.3\knife4j-spring-boot-starter-3.0.3.jar;D:\tools\repository\com\github\xiaoymin\knife4j-spring-boot-autoconfigure\3.0.3\knife4j-spring-boot-autoconfigure-3.0.3.jar;D:\tools\repository\com\github\xiaoymin\knife4j-spring\3.0.3\knife4j-spring-3.0.3.jar;D:\tools\repository\com\github\xiaoymin\knife4j-annotations\3.0.3\knife4j-annotations-3.0.3.jar;D:\tools\repository\io\swagger\swagger-annotations\1.5.22\swagger-annotations-1.5.22.jar;D:\tools\repository\io\swagger\core\v3\swagger-annotations\2.1.2\swagger-annotations-2.1.2.jar;D:\tools\repository\com\github\xiaoymin\knife4j-core\3.0.3\knife4j-core-3.0.3.jar;D:\tools\repository\io\springfox\springfox-swagger2\3.0.0\springfox-swagger2-3.0.0.jar;D:\tools\repository\io\springfox\springfox-spi\3.0.0\springfox-spi-3.0.0.jar;D:\tools\repository\io\springfox\springfox-schema\3.0.0\springfox-schema-3.0.0.jar;D:\tools\repository\io\springfox\springfox-swagger-common\3.0.0\springfox-swagger-common-3.0.0.jar;D:\tools\repository\io\springfox\springfox-spring-web\3.0.0\springfox-spring-web-3.0.0.jar;D:\tools\repository\io\github\classgraph\classgraph\4.8.83\classgraph-4.8.83.jar;D:\tools\repository\io\springfox\springfox-spring-webflux\3.0.0\springfox-spring-webflux-3.0.0.jar;D:\tools\repository\org\mapstruct\mapstruct\1.3.1.Final\mapstruct-1.3.1.Final.jar;D:\tools\repository\io\springfox\springfox-spring-webmvc\3.0.0\springfox-spring-webmvc-3.0.0.jar;D:\tools\repository\io\springfox\springfox-core\3.0.0\springfox-core-3.0.0.jar;D:\tools\repository\io\springfox\springfox-oas\3.0.0\springfox-oas-3.0.0.jar;D:\tools\repository\io\swagger\core\v3\swagger-models\2.1.2\swagger-models-2.1.2.jar;D:\tools\repository\io\springfox\springfox-bean-validators\3.0.0\springfox-bean-validators-3.0.0.jar;D:\tools\repository\io\swagger\swagger-models\1.5.22\swagger-models-1.5.22.jar;D:\tools\repository\io\swagger\swagger-core\1.5.22\swagger-core-1.5.22.jar;D:\tools\repository\io\springfox\springfox-boot-starter\3.0.0\springfox-boot-starter-3.0.0.jar;D:\tools\repository\io\springfox\springfox-data-rest\3.0.0\springfox-data-rest-3.0.0.jar;D:\tools\repository\com\fasterxml\classmate\1.5.1\classmate-1.5.1.jar;D:\tools\repository\org\springframework\plugin\spring-plugin-core\2.0.0.RELEASE\spring-plugin-core-2.0.0.RELEASE.jar;D:\tools\repository\org\springframework\plugin\spring-plugin-metadata\2.0.0.RELEASE\spring-plugin-metadata-2.0.0.RELEASE.jar;D:\tools\repository\com\github\xiaoymin\knife4j-spring-ui\3.0.3\knife4j-spring-ui-3.0.3.jar;D:\tools\repository\com\qcloud\cos_api\5.6.89\cos_api-5.6.89.jar;D:\tools\repository\org\apache\httpcomponents\httpclient\4.5.13\httpclient-4.5.13.jar;D:\tools\repository\org\apache\httpcomponents\httpcore\4.4.15\httpcore-4.4.15.jar;D:\tools\repository\commons-codec\commons-codec\1.15\commons-codec-1.15.jar;D:\tools\repository\joda-time\joda-time\2.9.9\joda-time-2.9.9.jar;D:\tools\repository\com\tencentcloudapi\tencentcloud-sdk-java-kms\3.1.213\tencentcloud-sdk-java-kms-3.1.213.jar;D:\tools\repository\com\tencentcloudapi\tencentcloud-sdk-java-common\3.1.213\tencentcloud-sdk-java-common-3.1.213.jar;D:\tools\repository\com\squareup\okhttp\logging-interceptor\2.7.5\logging-interceptor-2.7.5.jar;D:\tools\repository\com\squareup\okhttp\okhttp\2.7.5\okhttp-2.7.5.jar;D:\tools\repository\org\bouncycastle\bcprov-jdk15on\1.67\bcprov-jdk15on-1.67.jar;D:\tools\repository\org\apache\commons\commons-lang3\3.12.0\commons-lang3-3.12.0.jar;D:\tools\repository\com\google\code\gson\gson\2.9.1\gson-2.9.1.jar;D:\tools\repository\com\alibaba\fastjson\1.2.76\fastjson-1.2.76.jar;D:\tools\repository\com\alibaba\easyexcel\3.1.1\easyexcel-3.1.1.jar;D:\tools\repository\com\alibaba\easyexcel-core\3.1.1\easyexcel-core-3.1.1.jar;D:\tools\repository\com\alibaba\easyexcel-support\3.1.1\easyexcel-support-3.1.1.jar;D:\tools\repository\org\apache\poi\poi\4.1.2\poi-4.1.2.jar;D:\tools\repository\org\apache\commons\commons-collections4\4.4\commons-collections4-4.4.jar;D:\tools\repository\org\apache\commons\commons-math3\3.6.1\commons-math3-3.6.1.jar;D:\tools\repository\com\zaxxer\SparseBitSet\1.2\SparseBitSet-1.2.jar;D:\tools\repository\org\apache\poi\poi-ooxml\4.1.2\poi-ooxml-4.1.2.jar;D:\tools\repository\org\apache\commons\commons-compress\1.19\commons-compress-1.19.jar;D:\tools\repository\com\github\virtuald\curvesapi\1.06\curvesapi-1.06.jar;D:\tools\repository\org\apache\poi\poi-ooxml-schemas\4.1.2\poi-ooxml-schemas-4.1.2.jar;D:\tools\repository\org\apache\xmlbeans\xmlbeans\3.1.0\xmlbeans-3.1.0.jar;D:\tools\repository\org\apache\commons\commons-csv\1.8\commons-csv-1.8.jar;D:\tools\repository\org\ehcache\ehcache\3.10.0\ehcache-3.10.0.jar;D:\tools\repository\org\glassfish\jaxb\jaxb-runtime\2.3.6\jaxb-runtime-2.3.6.jar;D:\tools\repository\org\glassfish\jaxb\txw2\2.3.6\txw2-2.3.6.jar;D:\tools\repository\com\sun\istack\istack-commons-runtime\3.0.12\istack-commons-runtime-3.0.12.jar;D:\tools\repository\com\sun\activation\jakarta.activation\1.2.2\jakarta.activation-1.2.2.jar;D:\tools\repository\cn\hutool\hutool-all\5.8.8\hutool-all-5.8.8.jar;D:\tools\repository\com\google\zxing\core\3.4.1\core-3.4.1.jar;D:\tools\repository\org\springframework\boot\spring-boot-devtools\2.7.2\spring-boot-devtools-2.7.2.jar;D:\tools\repository\org\springframework\boot\spring-boot\2.7.2\spring-boot-2.7.2.jar;D:\tools\repository\mysql\mysql-connector-java\8.0.29\mysql-connector-java-8.0.29.jar;D:\tools\repository\org\springframework\boot\spring-boot-configuration-processor\2.7.2\spring-boot-configuration-processor-2.7.2.jar;D:\tools\repository\org\projectlombok\lombok\1.18.24\lombok-1.18.24.jar;D:\tools\repository\org\springframework\boot\spring-boot-starter-test\2.7.2\spring-boot-starter-test-2.7.2.jar;D:\tools\repository\org\springframework\boot\spring-boot-test\2.7.2\spring-boot-test-2.7.2.jar;D:\tools\repository\org\springframework\boot\spring-boot-test-autoconfigure\2.7.2\spring-boot-test-autoconfigure-2.7.2.jar;D:\tools\repository\com\jayway\jsonpath\json-path\2.7.0\json-path-2.7.0.jar;D:\tools\repository\net\minidev\json-smart\2.4.8\json-smart-2.4.8.jar;D:\tools\repository\net\minidev\accessors-smart\2.4.8\accessors-smart-2.4.8.jar;D:\tools\repository\org\ow2\asm\asm\9.1\asm-9.1.jar;D:\tools\repository\jakarta\xml\bind\jakarta.xml.bind-api\2.3.3\jakarta.xml.bind-api-2.3.3.jar;D:\tools\repository\jakarta\activation\jakarta.activation-api\1.2.2\jakarta.activation-api-1.2.2.jar;D:\tools\repository\org\assertj\assertj-core\3.22.0\assertj-core-3.22.0.jar;D:\tools\repository\org\hamcrest\hamcrest\2.2\hamcrest-2.2.jar;D:\tools\repository\org\junit\jupiter\junit-jupiter\5.8.2\junit-jupiter-5.8.2.jar;D:\tools\repository\org\junit\jupiter\junit-jupiter-api\5.8.2\junit-jupiter-api-5.8.2.jar;D:\tools\repository\org\opentest4j\opentest4j\1.2.0\opentest4j-1.2.0.jar;D:\tools\repository\org\junit\platform\junit-platform-commons\1.8.2\junit-platform-commons-1.8.2.jar;D:\tools\repository\org\apiguardian\apiguardian-api\1.1.2\apiguardian-api-1.1.2.jar;D:\tools\repository\org\junit\jupiter\junit-jupiter-params\5.8.2\junit-jupiter-params-5.8.2.jar;D:\tools\repository\org\junit\jupiter\junit-jupiter-engine\5.8.2\junit-jupiter-engine-5.8.2.jar;D:\tools\repository\org\junit\platform\junit-platform-engine\1.8.2\junit-platform-engine-1.8.2.jar;D:\tools\repository\org\mockito\mockito-core\4.5.1\mockito-core-4.5.1.jar;D:\tools\repository\net\bytebuddy\byte-buddy-agent\1.12.12\byte-buddy-agent-1.12.12.jar;D:\tools\repository\org\objenesis\objenesis\3.2\objenesis-3.2.jar;D:\tools\repository\org\mockito\mockito-junit-jupiter\4.5.1\mockito-junit-jupiter-4.5.1.jar;D:\tools\repository\org\skyscreamer\jsonassert\1.5.1\jsonassert-1.5.1.jar;D:\tools\repository\com\vaadin\external\google\android-json\0.0.20131108.vaadin1\android-json-0.0.20131108.vaadin1.jar;D:\tools\repository\org\springframework\spring-core\5.3.22\spring-core-5.3.22.jar;D:\tools\repository\org\springframework\spring-test\5.3.22\spring-test-5.3.22.jar;D:\tools\repository\org\xmlunit\xmlunit-core\2.9.0\xmlunit-core-2.9.0.jar;D:\tools\repository\top\panyuwen\gigotapi-client-sdk\0.0.3\gigotapi-client-sdk-0.0.3.jar;D:\tools\repository\org\apache\dubbo\dubbo\3.0.9\dubbo-3.0.9.jar;D:\tools\repository\org\springframework\spring-context\5.3.22\spring-context-5.3.22.jar;D:\tools\repository\com\alibaba\spring\spring-context-support\1.0.8\spring-context-support-1.0.8.jar;D:\tools\repository\org\javassist\javassist\3.28.0-GA\javassist-3.28.0-GA.jar;D:\tools\repository\io\netty\netty-all\4.1.79.Final\netty-all-4.1.79.Final.jar;D:\tools\repository\io\netty\netty-codec-haproxy\4.1.79.Final\netty-codec-haproxy-4.1.79.Final.jar;D:\tools\repository\io\netty\netty-codec-http\4.1.79.Final\netty-codec-http-4.1.79.Final.jar;D:\tools\repository\io\netty\netty-codec-http2\4.1.79.Final\netty-codec-http2-4.1.79.Final.jar;D:\tools\repository\io\netty\netty-codec-memcache\4.1.79.Final\netty-codec-memcache-4.1.79.Final.jar;D:\tools\repository\io\netty\netty-codec-mqtt\4.1.79.Final\netty-codec-mqtt-4.1.79.Final.jar;D:\tools\repository\io\netty\netty-codec-redis\4.1.79.Final\netty-codec-redis-4.1.79.Final.jar;D:\tools\repository\io\netty\netty-codec-smtp\4.1.79.Final\netty-codec-smtp-4.1.79.Final.jar;D:\tools\repository\io\netty\netty-codec-socks\4.1.79.Final\netty-codec-socks-4.1.79.Final.jar;D:\tools\repository\io\netty\netty-codec-stomp\4.1.79.Final\netty-codec-stomp-4.1.79.Final.jar;D:\tools\repository\io\netty\netty-codec-xml\4.1.79.Final\netty-codec-xml-4.1.79.Final.jar;D:\tools\repository\io\netty\netty-handler-proxy\4.1.79.Final\netty-handler-proxy-4.1.79.Final.jar;D:\tools\repository\io\netty\netty-transport-rxtx\4.1.79.Final\netty-transport-rxtx-4.1.79.Final.jar;D:\tools\repository\io\netty\netty-transport-sctp\4.1.79.Final\netty-transport-sctp-4.1.79.Final.jar;D:\tools\repository\io\netty\netty-transport-udt\4.1.79.Final\netty-transport-udt-4.1.79.Final.jar;D:\tools\repository\io\netty\netty-transport-classes-epoll\4.1.79.Final\netty-transport-classes-epoll-4.1.79.Final.jar;D:\tools\repository\io\netty\netty-transport-classes-kqueue\4.1.79.Final\netty-transport-classes-kqueue-4.1.79.Final.jar;D:\tools\repository\io\netty\netty-resolver-dns-classes-macos\4.1.79.Final\netty-resolver-dns-classes-macos-4.1.79.Final.jar;D:\tools\repository\io\netty\netty-transport-native-epoll\4.1.79.Final\netty-transport-native-epoll-4.1.79.Final-linux-x86_64.jar;D:\tools\repository\io\netty\netty-transport-native-epoll\4.1.79.Final\netty-transport-native-epoll-4.1.79.Final-linux-aarch_64.jar;D:\tools\repository\io\netty\netty-transport-native-kqueue\4.1.79.Final\netty-transport-native-kqueue-4.1.79.Final-osx-x86_64.jar;D:\tools\repository\io\netty\netty-transport-native-kqueue\4.1.79.Final\netty-transport-native-kqueue-4.1.79.Final-osx-aarch_64.jar;D:\tools\repository\io\netty\netty-resolver-dns-native-macos\4.1.79.Final\netty-resolver-dns-native-macos-4.1.79.Final-osx-x86_64.jar;D:\tools\repository\io\netty\netty-resolver-dns-native-macos\4.1.79.Final\netty-resolver-dns-native-macos-4.1.79.Final-osx-aarch_64.jar;D:\tools\repository\org\yaml\snakeyaml\1.30\snakeyaml-1.30.jar;D:\tools\repository\com\alibaba\nacos\nacos-client\2.1.0\nacos-client-2.1.0.jar;D:\tools\repository\com\alibaba\nacos\nacos-auth-plugin\2.1.0\nacos-auth-plugin-2.1.0.jar;D:\tools\repository\com\alibaba\nacos\nacos-encryption-plugin\2.1.0\nacos-encryption-plugin-2.1.0.jar;D:\tools\repository\org\apache\httpcomponents\httpasyncclient\4.1.5\httpasyncclient-4.1.5.jar;D:\tools\repository\org\apache\httpcomponents\httpcore-nio\4.4.15\httpcore-nio-4.4.15.jar;D:\tools\repository\io\prometheus\simpleclient\0.15.0\simpleclient-0.15.0.jar;D:\tools\repository\io\prometheus\simpleclient_tracer_otel\0.15.0\simpleclient_tracer_otel-0.15.0.jar;D:\tools\repository\io\prometheus\simpleclient_tracer_common\0.15.0\simpleclient_tracer_common-0.15.0.jar;D:\tools\repository\io\prometheus\simpleclient_tracer_otel_agent\0.15.0\simpleclient_tracer_otel_agent-0.15.0.jar;D:\tools\repository\com\tencentcloudapi\tencentcloud-sdk-java\3.1.764\tencentcloud-sdk-java-3.1.764.jar;D:\tools\repository\commons-logging\commons-logging\1.2\commons-logging-1.2.jar;D:\tools\repository\javax\xml\bind\jaxb-api\2.3.1\jaxb-api-2.3.1.jar;D:\tools\repository\javax\activation\javax.activation-api\1.2.0\javax.activation-api-1.2.0.jar;D:\tools\repository\com\squareup\okhttp3\logging-interceptor\4.9.3\logging-interceptor-4.9.3.jar;D:\tools\repository\org\ini4j\ini4j\0.5.4\ini4j-0.5.4.jar;D:\tools\repository\com\github\wechatpay-apiv3\wechatpay-java\0.2.12\wechatpay-java-0.2.12.jar;D:\tools\repository\com\github\wechatpay-apiv3\wechatpay-java-core\0.2.12\wechatpay-java-core-0.2.12.jar;D:\tools\repository\com\squareup\okhttp3\okhttp\3.10.0\okhttp-3.10.0.jar;D:\tools\repository\com\squareup\okio\okio\1.13.0\okio-1.13.0.jar;D:\tools\repository\javax\activation\activation\1.1.1\activation-1.1.1.jar;D:\tools\repository\javax\mail\mail\1.4.7\mail-1.4.7.jar;D:\tools\repository\org\apache\commons\commons-email\1.4\commons-email-1.4.jar;D:\tools\repository\com\sun\mail\javax.mail\1.5.2\javax.mail-1.5.2.jar;"/>
    <property name="sun.cpu.endian" value="little"/>
    <property name="user.home" value="C:\Users\86150"/>
    <property name="user.language" value="zh"/>
    <property name="java.specification.vendor" value="Oracle Corporation"/>
    <property name="java.home" value="D:\Environment\Java\jdk1.8.0_221\jre"/>
    <property name="basedir" value="D:\文件下载\gigot-api-main\gigot-api-main\gigotapi\gigotapi-backend"/>
    <property name="file.separator" value="\"/>
    <property name="line.separator" value="&#10;"/>
    <property name="java.vm.specification.vendor" value="Oracle Corporation"/>
    <property name="java.specification.name" value="Java Platform API Specification"/>
    <property name="FILE_LOG_CHARSET" value="GBK"/>
    <property name="java.awt.graphicsenv" value="sun.awt.Win32GraphicsEnvironment"/>
    <property name="java.awt.headless" value="true"/>
    <property name="surefire.real.class.path" value="C:\Users\86150\AppData\Local\Temp\surefire5591983871540530604\surefirebooter-20250505130830300_3.jar"/>
    <property name="sun.boot.class.path" value="D:\Environment\Java\jdk1.8.0_221\jre\lib\resources.jar;D:\Environment\Java\jdk1.8.0_221\jre\lib\rt.jar;D:\Environment\Java\jdk1.8.0_221\jre\lib\sunrsasign.jar;D:\Environment\Java\jdk1.8.0_221\jre\lib\jsse.jar;D:\Environment\Java\jdk1.8.0_221\jre\lib\jce.jar;D:\Environment\Java\jdk1.8.0_221\jre\lib\charsets.jar;D:\Environment\Java\jdk1.8.0_221\jre\lib\jfr.jar;D:\Environment\Java\jdk1.8.0_221\jre\classes"/>
    <property name="user.script" value=""/>
    <property name="JM.LOG.PATH" value="C:\Users\86150\logs"/>
    <property name="sun.management.compiler" value="HotSpot 64-Bit Tiered Compilers"/>
    <property name="java.runtime.version" value="1.8.0_221-b11"/>
    <property name="user.name" value="86150"/>
    <property name="path.separator" value=";"/>
    <property name="os.version" value="10.0"/>
    <property name="java.endorsed.dirs" value="D:\Environment\Java\jdk1.8.0_221\jre\lib\endorsed"/>
    <property name="java.runtime.name" value="Java(TM) SE Runtime Environment"/>
    <property name="file.encoding" value="GBK"/>
    <property name="spring.beaninfo.ignore" value="true"/>
    <property name="sun.nio.ch.bugLevel" value=""/>
    <property name="java.vm.name" value="Java HotSpot(TM) 64-Bit Server VM"/>
    <property name="localRepository" value="D:\tools\repository"/>
    <property name="java.vendor.url.bug" value="http://bugreport.sun.com/bugreport/"/>
    <property name="java.io.tmpdir" value="C:\Users\86150\AppData\Local\Temp\"/>
    <property name="idea.version" value="2023.2.3"/>
    <property name="com.zaxxer.hikari.pool_number" value="1"/>
    <property name="java.version" value="1.8.0_221"/>
    <property name="user.dir" value="D:\文件下载\gigot-api-main\gigot-api-main\gigotapi\gigotapi-backend"/>
    <property name="os.arch" value="amd64"/>
    <property name="java.vm.specification.name" value="Java Virtual Machine Specification"/>
    <property name="PID" value="31524"/>
    <property name="java.awt.printerjob" value="sun.awt.windows.WPrinterJob"/>
    <property name="sun.os.patch.level" value=""/>
    <property name="CONSOLE_LOG_CHARSET" value="GBK"/>
    <property name="java.library.path" value="D:\Environment\Java\jdk1.8.0_221\jre\bin;C:\Windows\Sun\Java\bin;C:\Windows\system32;C:\Windows;C:\Program Files\Common Files\Oracle\Java\javapath;D:\candao\ZenTao\zbox\nssm\win64;D:\VM\bin\;D:\ssh\OpenSSH-Win64;C:\Windows\system32;C:\Windows;C:\Windows\System32\Wbem;C:\Windows\System32\WindowsPowerShell\v1.0\;C:\Windows\System32\OpenSSH\;D:\software\camke\bin;D:\software\CodeBlocks;D:\openssh\bin;D:\xshell\;D:\software\WinSCP\;D:\software\;D:\wenjianxiazai\MATLAB R2018a\runtime\win64;D:\wenjianxiazai\MATLAB R2018a\bin;D:\LINGO64_15\;D:\LINGO64_18\;D:\software\git\Git\cmd;D:\mingw64\bin;C:\Program Files\Google\Chrome\Application;C:\Program Files\Google\Chrome\Application\chromedriver-win64\chromedriver-win64;D:\tomcat\apache-tomcat-9.0.91\bin;D:\tomcat\apache-tomcat-9.0.91\lib;D:\software\Microsoft VS;D:\software\apache-jmeter-5.6.3\apache-jmeter-5.6.3\bin;D:\toroiseGit\bin;D:\python\Python312;D:\tools\apache-maven-3.9.9\bin;D:\tools\spark-2.4.3-bin-hadoop2.7\bin;D:\tools\scala\scala-2.12.11\bin;D:\tools\hadoop\hadoop-3.2.2\hadoop-3.2.2\bin\winutils.exe;D:\python\Python312\Scripts;&quot;D:\Environment\Java\jdk1.8.0_221\bin;D:\Environment\Java\jdk1.8.0_221\jre\bin;&quot;;C:\Program Files\MySQL\MySQL Shell 8.0\bin;D:\Ollama\;D:\tools\nvm;D:\tools\nvm4w\nodejs;D:\tools\nvm\node_global\node_modules\yarn\bin;C:\Program Files\MySQL\MySQL Shell 8.0\bin\;C:\Users\86150\AppData\Local\Microsoft\WindowsApps;D:\software\Microsoft VS Code\bin;D:\software\PyCharm 2023.2.4\bin;;D:\software\IntelliJ IDEA 2023.2.3\bin;;&quot;D:\Environment\Java\jdk1.8.0_221\bin;D:\Environment\Java\jdk1.8.0_221\jre\bin;&quot;;D:\software\DevEco Studio\bin;;C:\Users\86150\AppData\Local\Programs\Ollama;D:\software\WebStorm 2024.3.5\bin;;D:\tools\nvm;D:\tools\nvm4w\nodejs;."/>
    <property name="java.vm.info" value="mixed mode"/>
    <property name="java.vendor" value="Oracle Corporation"/>
    <property name="java.vm.version" value="25.221-b11"/>
    <property name="java.ext.dirs" value="D:\Environment\Java\jdk1.8.0_221\jre\lib\ext;C:\Windows\Sun\Java\lib\ext"/>
    <property name="sun.io.unicode.encoding" value="UnicodeLittle"/>
    <property name="maven.repo.local" value="D:\tools\repository"/>
    <property name="java.class.version" value="52.0"/>
  </properties>
  <testcase name="invokeCount" classname="top.panyuwen.gigotapibackend.service.UserInterfaceInfoServiceTest" time="0.42">
    <error message="接口信息或用户不存在" type="top.panyuwen.gigotapibackend.exception.BusinessException"><![CDATA[top.panyuwen.gigotapibackend.exception.BusinessException: 接口信息或用户不存在
	at top.panyuwen.gigotapibackend.service.impl.UserInterfaceInfoServiceImpl.invoke(UserInterfaceInfoServiceImpl.java:258)
	at top.panyuwen.gigotapibackend.service.impl.UserInterfaceInfoServiceImpl$$FastClassBySpringCGLIB$$8c13f796.invoke(<generated>)
	at org.springframework.cglib.proxy.MethodProxy.invoke(MethodProxy.java:218)
	at org.springframework.aop.framework.CglibAopProxy$CglibMethodInvocation.invokeJoinpoint(CglibAopProxy.java:793)
	at org.springframework.aop.framework.ReflectiveMethodInvocation.proceed(ReflectiveMethodInvocation.java:163)
	at org.springframework.aop.framework.CglibAopProxy$CglibMethodInvocation.proceed(CglibAopProxy.java:763)
	at org.springframework.transaction.interceptor.TransactionInterceptor$1.proceedWithInvocation(TransactionInterceptor.java:123)
	at org.springframework.transaction.interceptor.TransactionAspectSupport.invokeWithinTransaction(TransactionAspectSupport.java:388)
	at org.springframework.transaction.interceptor.TransactionInterceptor.invoke(TransactionInterceptor.java:119)
	at org.springframework.aop.framework.ReflectiveMethodInvocation.proceed(ReflectiveMethodInvocation.java:186)
	at org.springframework.aop.framework.CglibAopProxy$CglibMethodInvocation.proceed(CglibAopProxy.java:763)
	at org.springframework.aop.framework.CglibAopProxy$DynamicAdvisedInterceptor.intercept(CglibAopProxy.java:708)
	at top.panyuwen.gigotapibackend.service.impl.UserInterfaceInfoServiceImpl$$EnhancerBySpringCGLIB$$4e56ec9d.invoke(<generated>)
	at top.panyuwen.gigotapibackend.service.UserInterfaceInfoServiceTest.invokeCount(UserInterfaceInfoServiceTest.java:14)
	at sun.reflect.NativeMethodAccessorImpl.invoke0(Native Method)
	at sun.reflect.NativeMethodAccessorImpl.invoke(NativeMethodAccessorImpl.java:62)
	at sun.reflect.DelegatingMethodAccessorImpl.invoke(DelegatingMethodAccessorImpl.java:43)
	at java.lang.reflect.Method.invoke(Method.java:498)
	at org.junit.platform.commons.util.ReflectionUtils.invokeMethod(ReflectionUtils.java:725)
	at org.junit.jupiter.engine.execution.MethodInvocation.proceed(MethodInvocation.java:60)
	at org.junit.jupiter.engine.execution.InvocationInterceptorChain$ValidatingInvocation.proceed(InvocationInterceptorChain.java:131)
	at org.junit.jupiter.engine.extension.TimeoutExtension.intercept(TimeoutExtension.java:149)
	at org.junit.jupiter.engine.extension.TimeoutExtension.interceptTestableMethod(TimeoutExtension.java:140)
	at org.junit.jupiter.engine.extension.TimeoutExtension.interceptTestMethod(TimeoutExtension.java:84)
	at org.junit.jupiter.engine.execution.ExecutableInvoker$ReflectiveInterceptorCall.lambda$ofVoidMethod$0(ExecutableInvoker.java:115)
	at org.junit.jupiter.engine.execution.ExecutableInvoker.lambda$invoke$0(ExecutableInvoker.java:105)
	at org.junit.jupiter.engine.execution.InvocationInterceptorChain$InterceptedInvocation.proceed(InvocationInterceptorChain.java:106)
	at org.junit.jupiter.engine.execution.InvocationInterceptorChain.proceed(InvocationInterceptorChain.java:64)
	at org.junit.jupiter.engine.execution.InvocationInterceptorChain.chainAndInvoke(InvocationInterceptorChain.java:45)
	at org.junit.jupiter.engine.execution.InvocationInterceptorChain.invoke(InvocationInterceptorChain.java:37)
	at org.junit.jupiter.engine.execution.ExecutableInvoker.invoke(ExecutableInvoker.java:104)
	at org.junit.jupiter.engine.execution.ExecutableInvoker.invoke(ExecutableInvoker.java:98)
	at org.junit.jupiter.engine.descriptor.TestMethodTestDescriptor.lambda$invokeTestMethod$7(TestMethodTestDescriptor.java:214)
	at org.junit.platform.engine.support.hierarchical.ThrowableCollector.execute(ThrowableCollector.java:73)
	at org.junit.jupiter.engine.descriptor.TestMethodTestDescriptor.invokeTestMethod(TestMethodTestDescriptor.java:210)
	at org.junit.jupiter.engine.descriptor.TestMethodTestDescriptor.execute(TestMethodTestDescriptor.java:135)
	at org.junit.jupiter.engine.descriptor.TestMethodTestDescriptor.execute(TestMethodTestDescriptor.java:66)
	at org.junit.platform.engine.support.hierarchical.NodeTestTask.lambda$executeRecursively$6(NodeTestTask.java:151)
	at org.junit.platform.engine.support.hierarchical.ThrowableCollector.execute(ThrowableCollector.java:73)
	at org.junit.platform.engine.support.hierarchical.NodeTestTask.lambda$executeRecursively$8(NodeTestTask.java:141)
	at org.junit.platform.engine.support.hierarchical.Node.around(Node.java:137)
	at org.junit.platform.engine.support.hierarchical.NodeTestTask.lambda$executeRecursively$9(NodeTestTask.java:139)
	at org.junit.platform.engine.support.hierarchical.ThrowableCollector.execute(ThrowableCollector.java:73)
	at org.junit.platform.engine.support.hierarchical.NodeTestTask.executeRecursively(NodeTestTask.java:138)
	at org.junit.platform.engine.support.hierarchical.NodeTestTask.execute(NodeTestTask.java:95)
	at java.util.ArrayList.forEach(ArrayList.java:1257)
	at org.junit.platform.engine.support.hierarchical.SameThreadHierarchicalTestExecutorService.invokeAll(SameThreadHierarchicalTestExecutorService.java:41)
	at org.junit.platform.engine.support.hierarchical.NodeTestTask.lambda$executeRecursively$6(NodeTestTask.java:155)
	at org.junit.platform.engine.support.hierarchical.ThrowableCollector.execute(ThrowableCollector.java:73)
	at org.junit.platform.engine.support.hierarchical.NodeTestTask.lambda$executeRecursively$8(NodeTestTask.java:141)
	at org.junit.platform.engine.support.hierarchical.Node.around(Node.java:137)
	at org.junit.platform.engine.support.hierarchical.NodeTestTask.lambda$executeRecursively$9(NodeTestTask.java:139)
	at org.junit.platform.engine.support.hierarchical.ThrowableCollector.execute(ThrowableCollector.java:73)
	at org.junit.platform.engine.support.hierarchical.NodeTestTask.executeRecursively(NodeTestTask.java:138)
	at org.junit.platform.engine.support.hierarchical.NodeTestTask.execute(NodeTestTask.java:95)
	at java.util.ArrayList.forEach(ArrayList.java:1257)
	at org.junit.platform.engine.support.hierarchical.SameThreadHierarchicalTestExecutorService.invokeAll(SameThreadHierarchicalTestExecutorService.java:41)
	at org.junit.platform.engine.support.hierarchical.NodeTestTask.lambda$executeRecursively$6(NodeTestTask.java:155)
	at org.junit.platform.engine.support.hierarchical.ThrowableCollector.execute(ThrowableCollector.java:73)
	at org.junit.platform.engine.support.hierarchical.NodeTestTask.lambda$executeRecursively$8(NodeTestTask.java:141)
	at org.junit.platform.engine.support.hierarchical.Node.around(Node.java:137)
	at org.junit.platform.engine.support.hierarchical.NodeTestTask.lambda$executeRecursively$9(NodeTestTask.java:139)
	at org.junit.platform.engine.support.hierarchical.ThrowableCollector.execute(ThrowableCollector.java:73)
	at org.junit.platform.engine.support.hierarchical.NodeTestTask.executeRecursively(NodeTestTask.java:138)
	at org.junit.platform.engine.support.hierarchical.NodeTestTask.execute(NodeTestTask.java:95)
	at org.junit.platform.engine.support.hierarchical.SameThreadHierarchicalTestExecutorService.submit(SameThreadHierarchicalTestExecutorService.java:35)
	at org.junit.platform.engine.support.hierarchical.HierarchicalTestExecutor.execute(HierarchicalTestExecutor.java:57)
	at org.junit.platform.engine.support.hierarchical.HierarchicalTestEngine.execute(HierarchicalTestEngine.java:54)
	at org.junit.platform.launcher.core.EngineExecutionOrchestrator.execute(EngineExecutionOrchestrator.java:107)
	at org.junit.platform.launcher.core.EngineExecutionOrchestrator.execute(EngineExecutionOrchestrator.java:88)
	at org.junit.platform.launcher.core.EngineExecutionOrchestrator.lambda$execute$0(EngineExecutionOrchestrator.java:54)
	at org.junit.platform.launcher.core.EngineExecutionOrchestrator.withInterceptedStreams(EngineExecutionOrchestrator.java:67)
	at org.junit.platform.launcher.core.EngineExecutionOrchestrator.execute(EngineExecutionOrchestrator.java:52)
	at org.junit.platform.launcher.core.DefaultLauncher.execute(DefaultLauncher.java:114)
	at org.junit.platform.launcher.core.DefaultLauncher.execute(DefaultLauncher.java:86)
	at org.junit.platform.launcher.core.DefaultLauncherSession$DelegatingLauncher.execute(DefaultLauncherSession.java:86)
	at org.apache.maven.surefire.junitplatform.LazyLauncher.execute(LazyLauncher.java:56)
	at org.apache.maven.surefire.junitplatform.JUnitPlatformProvider.execute(JUnitPlatformProvider.java:184)
	at org.apache.maven.surefire.junitplatform.JUnitPlatformProvider.invokeAllTests(JUnitPlatformProvider.java:148)
	at org.apache.maven.surefire.junitplatform.JUnitPlatformProvider.invoke(JUnitPlatformProvider.java:122)
	at org.apache.maven.surefire.booter.ForkedBooter.runSuitesInProcess(ForkedBooter.java:385)
	at org.apache.maven.surefire.booter.ForkedBooter.execute(ForkedBooter.java:162)
	at org.apache.maven.surefire.booter.ForkedBooter.run(ForkedBooter.java:507)
	at org.apache.maven.surefire.booter.ForkedBooter.main(ForkedBooter.java:495)
]]></error>
    <system-out><![CDATA[2025-05-05 13:08:46.914  INFO 31524 --- [           main] .b.t.c.SpringBootTestContextBootstrapper : Neither @ContextConfiguration nor @ContextHierarchy found for test class [top.panyuwen.gigotapibackend.service.UserInterfaceInfoServiceTest], using SpringBootContextLoader
2025-05-05 13:08:46.915  INFO 31524 --- [           main] o.s.t.c.support.AbstractContextLoader    : Could not detect default resource locations for test class [top.panyuwen.gigotapibackend.service.UserInterfaceInfoServiceTest]: no resource found for suffixes {-context.xml, Context.groovy}.
2025-05-05 13:08:46.915  INFO 31524 --- [           main] t.c.s.AnnotationConfigContextLoaderUtils : Could not detect default configuration classes for test class [top.panyuwen.gigotapibackend.service.UserInterfaceInfoServiceTest]: UserInterfaceInfoServiceTest does not declare any static, non-private, non-final, nested classes annotated with @Configuration.
2025-05-05 13:08:46.919  INFO 31524 --- [           main] .b.t.c.SpringBootTestContextBootstrapper : Found @SpringBootConfiguration top.panyuwen.gigotapibackend.GigotApiApplication for test class top.panyuwen.gigotapibackend.service.UserInterfaceInfoServiceTest
2025-05-05 13:08:46.921  INFO 31524 --- [           main] .b.t.c.SpringBootTestContextBootstrapper : Loaded default TestExecutionListener class names from location [META-INF/spring.factories]: [org.springframework.boot.test.mock.mockito.MockitoTestExecutionListener, org.springframework.boot.test.mock.mockito.ResetMocksTestExecutionListener, org.springframework.boot.test.autoconfigure.restdocs.RestDocsTestExecutionListener, org.springframework.boot.test.autoconfigure.web.client.MockRestServiceServerResetTestExecutionListener, org.springframework.boot.test.autoconfigure.web.servlet.MockMvcPrintOnlyOnFailureTestExecutionListener, org.springframework.boot.test.autoconfigure.web.servlet.WebDriverTestExecutionListener, org.springframework.boot.test.autoconfigure.webservices.client.MockWebServiceServerTestExecutionListener, org.springframework.test.context.web.ServletTestExecutionListener, org.springframework.test.context.support.DirtiesContextBeforeModesTestExecutionListener, org.springframework.test.context.event.ApplicationEventsTestExecutionListener, org.springframework.test.context.support.DependencyInjectionTestExecutionListener, org.springframework.test.context.support.DirtiesContextTestExecutionListener, org.springframework.test.context.transaction.TransactionalTestExecutionListener, org.springframework.test.context.jdbc.SqlScriptsTestExecutionListener, org.springframework.test.context.event.EventPublishingTestExecutionListener]
2025-05-05 13:08:46.922  INFO 31524 --- [           main] .b.t.c.SpringBootTestContextBootstrapper : Using TestExecutionListeners: [org.springframework.test.context.web.ServletTestExecutionListener@45b63133, org.springframework.test.context.support.DirtiesContextBeforeModesTestExecutionListener@2c1eba2e, org.springframework.test.context.event.ApplicationEventsTestExecutionListener@25c6f0fc, org.springframework.boot.test.mock.mockito.MockitoTestExecutionListener@531455c1, org.springframework.boot.test.autoconfigure.SpringBootDependencyInjectionTestExecutionListener@27dfd939, org.springframework.test.context.support.DirtiesContextTestExecutionListener@7ec9d826, org.springframework.test.context.transaction.TransactionalTestExecutionListener@6c1a9613, org.springframework.test.context.jdbc.SqlScriptsTestExecutionListener@1dd17c0c, org.springframework.test.context.event.EventPublishingTestExecutionListener@441e789e, org.springframework.boot.test.mock.mockito.ResetMocksTestExecutionListener@74a680d3, org.springframework.boot.test.autoconfigure.restdocs.RestDocsTestExecutionListener@4cb42a5a, org.springframework.boot.test.autoconfigure.web.client.MockRestServiceServerResetTestExecutionListener@5a131edc, org.springframework.boot.test.autoconfigure.web.servlet.MockMvcPrintOnlyOnFailureTestExecutionListener@6dfe4788, org.springframework.boot.test.autoconfigure.web.servlet.WebDriverTestExecutionListener@2d1ef2fc, org.springframework.boot.test.autoconfigure.webservices.client.MockWebServiceServerTestExecutionListener@4095ebff]
2025-05-05 13:08:46.934  INFO 31524 --- [           main] com.zaxxer.hikari.HikariDataSource       : HikariPool-1 - Starting...
2025-05-05 13:08:47.194  INFO 31524 --- [           main] com.zaxxer.hikari.HikariDataSource       : HikariPool-1 - Start completed.
Creating a new SqlSession
Registering transaction synchronization for SqlSession [org.apache.ibatis.session.defaults.DefaultSqlSession@b729651]
JDBC Connection [HikariProxyConnection@652319213 wrapping com.mysql.cj.jdbc.ConnectionImpl@46d8d38] will be managed by Spring
==>  Preparing: SELECT id,userId,interfaceId,totalInvokes,status,createTime,updateTime,isDelete FROM user_interfaceinfo WHERE isDelete=0 AND (interfaceId = ? AND userId = ?) ORDER BY totalInvokes DESC
==> Parameters: 1740293333210652673(Long), 1734836623293214721(Long)
<==      Total: 0
Releasing transactional SqlSession [org.apache.ibatis.session.defaults.DefaultSqlSession@b729651]
Fetched SqlSession [org.apache.ibatis.session.defaults.DefaultSqlSession@b729651] from current transaction
==>  Preparing: SELECT id,name,description,url,method,requestParams,responseParams,requestHeader,responseHeader,payGoldCoin,liked,requestExample,totalInvokes,returnFormat,status,userId,createTime,updateTime,isDelete FROM interface_info WHERE id=? AND isDelete=0
==> Parameters: 1740293333210652673(Long)
<==      Total: 0
Releasing transactional SqlSession [org.apache.ibatis.session.defaults.DefaultSqlSession@b729651]
Fetched SqlSession [org.apache.ibatis.session.defaults.DefaultSqlSession@b729651] from current transaction
==>  Preparing: SELECT id,userAccount,userPassword,unionId,mpOpenId,userName,userAvatar,userProfile,userRole,email,phone,secretId,secretKey,balanceGoldCoin,createTime,updateTime,isDelete FROM user WHERE id=? AND isDelete=0
==> Parameters: 1734836623293214721(Long)
<==      Total: 0
Releasing transactional SqlSession [org.apache.ibatis.session.defaults.DefaultSqlSession@b729651]
Transaction synchronization deregistering SqlSession [org.apache.ibatis.session.defaults.DefaultSqlSession@b729651]
Transaction synchronization closing SqlSession [org.apache.ibatis.session.defaults.DefaultSqlSession@b729651]
]]></system-out>
  </testcase>
</testsuite>