<?xml version="1.0" encoding="UTF-8"?>
<testsuite xmlns:xsi="http://www.w3.org/2001/XMLSchema-instance" xsi:noNamespaceSchemaLocation="https://maven.apache.org/surefire/maven-surefire-plugin/xsd/surefire-test-report-3.0.xsd" version="3.0" name="top.panyuwen.gigotapibackend.MainApplicationTests" time="15.919" tests="1" errors="0" skipped="0" failures="0">
  <properties>
    <property name="sun.desktop" value="windows"/>
    <property name="awt.toolkit" value="sun.awt.windows.WToolkit"/>
    <property name="file.encoding.pkg" value="sun.io"/>
    <property name="java.specification.version" value="1.8"/>
    <property name="sun.cpu.isalist" value="amd64"/>
    <property name="sun.jnu.encoding" value="GBK"/>
    <property name="java.class.path" value="D:\文件下载\gigot-api-main\gigot-api-main\gigotapi\gigotapi-backend\target\test-classes;D:\文件下载\gigot-api-main\gigot-api-main\gigotapi\gigotapi-backend\target\classes;D:\tools\repository\top\panyuwen\gigotapi-common\0.0.2\gigotapi-common-0.0.2.jar;D:\tools\repository\org\mybatis\spring\boot\mybatis-spring-boot-starter\2.2.2\mybatis-spring-boot-starter-2.2.2.jar;D:\tools\repository\org\mybatis\spring\boot\mybatis-spring-boot-autoconfigure\2.2.2\mybatis-spring-boot-autoconfigure-2.2.2.jar;D:\tools\repository\org\mybatis\mybatis-spring\2.0.7\mybatis-spring-2.0.7.jar;D:\tools\repository\org\redisson\redisson\3.17.5\redisson-3.17.5.jar;D:\tools\repository\io\netty\netty-common\4.1.79.Final\netty-common-4.1.79.Final.jar;D:\tools\repository\io\netty\netty-codec\4.1.79.Final\netty-codec-4.1.79.Final.jar;D:\tools\repository\io\netty\netty-buffer\4.1.79.Final\netty-buffer-4.1.79.Final.jar;D:\tools\repository\io\netty\netty-transport\4.1.79.Final\netty-transport-4.1.79.Final.jar;D:\tools\repository\io\netty\netty-resolver\4.1.79.Final\netty-resolver-4.1.79.Final.jar;D:\tools\repository\io\netty\netty-resolver-dns\4.1.79.Final\netty-resolver-dns-4.1.79.Final.jar;D:\tools\repository\io\netty\netty-codec-dns\4.1.79.Final\netty-codec-dns-4.1.79.Final.jar;D:\tools\repository\io\netty\netty-handler\4.1.79.Final\netty-handler-4.1.79.Final.jar;D:\tools\repository\io\netty\netty-transport-native-unix-common\4.1.79.Final\netty-transport-native-unix-common-4.1.79.Final.jar;D:\tools\repository\javax\cache\cache-api\1.1.1\cache-api-1.1.1.jar;D:\tools\repository\io\projectreactor\reactor-core\3.4.21\reactor-core-3.4.21.jar;D:\tools\repository\org\reactivestreams\reactive-streams\1.0.4\reactive-streams-1.0.4.jar;D:\tools\repository\io\reactivex\rxjava3\rxjava\3.1.5\rxjava-3.1.5.jar;D:\tools\repository\org\jboss\marshalling\jboss-marshalling\2.0.11.Final\jboss-marshalling-2.0.11.Final.jar;D:\tools\repository\org\jboss\marshalling\jboss-marshalling-river\2.0.11.Final\jboss-marshalling-river-2.0.11.Final.jar;D:\tools\repository\org\slf4j\slf4j-api\1.7.36\slf4j-api-1.7.36.jar;D:\tools\repository\com\fasterxml\jackson\core\jackson-annotations\2.13.3\jackson-annotations-2.13.3.jar;D:\tools\repository\com\fasterxml\jackson\dataformat\jackson-dataformat-yaml\2.13.3\jackson-dataformat-yaml-2.13.3.jar;D:\tools\repository\com\fasterxml\jackson\core\jackson-core\2.13.3\jackson-core-2.13.3.jar;D:\tools\repository\com\fasterxml\jackson\core\jackson-databind\2.13.3\jackson-databind-2.13.3.jar;D:\tools\repository\net\bytebuddy\byte-buddy\1.12.12\byte-buddy-1.12.12.jar;D:\tools\repository\org\jodd\jodd-bean\5.1.6\jodd-bean-5.1.6.jar;D:\tools\repository\org\jodd\jodd-core\5.1.6\jodd-core-5.1.6.jar;D:\tools\repository\org\springframework\boot\spring-boot-starter-freemarker\2.7.2\spring-boot-starter-freemarker-2.7.2.jar;D:\tools\repository\org\springframework\boot\spring-boot-starter\2.7.2\spring-boot-starter-2.7.2.jar;D:\tools\repository\org\springframework\boot\spring-boot-starter-logging\2.7.2\spring-boot-starter-logging-2.7.2.jar;D:\tools\repository\ch\qos\logback\logback-classic\1.2.11\logback-classic-1.2.11.jar;D:\tools\repository\ch\qos\logback\logback-core\1.2.11\logback-core-1.2.11.jar;D:\tools\repository\org\apache\logging\log4j\log4j-to-slf4j\2.17.2\log4j-to-slf4j-2.17.2.jar;D:\tools\repository\org\apache\logging\log4j\log4j-api\2.17.2\log4j-api-2.17.2.jar;D:\tools\repository\org\slf4j\jul-to-slf4j\1.7.36\jul-to-slf4j-1.7.36.jar;D:\tools\repository\jakarta\annotation\jakarta.annotation-api\1.3.5\jakarta.annotation-api-1.3.5.jar;D:\tools\repository\org\freemarker\freemarker\2.3.31\freemarker-2.3.31.jar;D:\tools\repository\org\springframework\spring-context-support\5.3.22\spring-context-support-5.3.22.jar;D:\tools\repository\org\springframework\spring-beans\5.3.22\spring-beans-5.3.22.jar;D:\tools\repository\org\springframework\boot\spring-boot-starter-web\2.7.2\spring-boot-starter-web-2.7.2.jar;D:\tools\repository\org\springframework\boot\spring-boot-starter-json\2.7.2\spring-boot-starter-json-2.7.2.jar;D:\tools\repository\com\fasterxml\jackson\datatype\jackson-datatype-jdk8\2.13.3\jackson-datatype-jdk8-2.13.3.jar;D:\tools\repository\com\fasterxml\jackson\datatype\jackson-datatype-jsr310\2.13.3\jackson-datatype-jsr310-2.13.3.jar;D:\tools\repository\com\fasterxml\jackson\module\jackson-module-parameter-names\2.13.3\jackson-module-parameter-names-2.13.3.jar;D:\tools\repository\org\springframework\boot\spring-boot-starter-tomcat\2.7.2\spring-boot-starter-tomcat-2.7.2.jar;D:\tools\repository\org\apache\tomcat\embed\tomcat-embed-core\9.0.65\tomcat-embed-core-9.0.65.jar;D:\tools\repository\org\apache\tomcat\embed\tomcat-embed-el\9.0.65\tomcat-embed-el-9.0.65.jar;D:\tools\repository\org\apache\tomcat\embed\tomcat-embed-websocket\9.0.65\tomcat-embed-websocket-9.0.65.jar;D:\tools\repository\org\springframework\spring-web\5.3.22\spring-web-5.3.22.jar;D:\tools\repository\org\springframework\spring-webmvc\5.3.22\spring-webmvc-5.3.22.jar;D:\tools\repository\org\springframework\spring-expression\5.3.22\spring-expression-5.3.22.jar;D:\tools\repository\org\springframework\boot\spring-boot-starter-aop\2.7.2\spring-boot-starter-aop-2.7.2.jar;D:\tools\repository\org\springframework\spring-aop\5.3.22\spring-aop-5.3.22.jar;D:\tools\repository\org\aspectj\aspectjweaver\1.9.7\aspectjweaver-1.9.7.jar;D:\tools\repository\org\mybatis\mybatis\3.5.11\mybatis-3.5.11.jar;D:\tools\repository\com\baomidou\mybatis-plus-boot-starter\3.5.2\mybatis-plus-boot-starter-3.5.2.jar;D:\tools\repository\com\baomidou\mybatis-plus\3.5.2\mybatis-plus-3.5.2.jar;D:\tools\repository\com\baomidou\mybatis-plus-extension\3.5.2\mybatis-plus-extension-3.5.2.jar;D:\tools\repository\com\baomidou\mybatis-plus-core\3.5.2\mybatis-plus-core-3.5.2.jar;D:\tools\repository\com\baomidou\mybatis-plus-annotation\3.5.2\mybatis-plus-annotation-3.5.2.jar;D:\tools\repository\com\github\jsqlparser\jsqlparser\4.4\jsqlparser-4.4.jar;D:\tools\repository\org\jetbrains\kotlin\kotlin-stdlib-jdk8\1.6.21\kotlin-stdlib-jdk8-1.6.21.jar;D:\tools\repository\org\jetbrains\kotlin\kotlin-stdlib\1.6.21\kotlin-stdlib-1.6.21.jar;D:\tools\repository\org\jetbrains\kotlin\kotlin-stdlib-common\1.6.21\kotlin-stdlib-common-1.6.21.jar;D:\tools\repository\org\jetbrains\annotations\13.0\annotations-13.0.jar;D:\tools\repository\org\jetbrains\kotlin\kotlin-stdlib-jdk7\1.6.21\kotlin-stdlib-jdk7-1.6.21.jar;D:\tools\repository\org\springframework\boot\spring-boot-autoconfigure\2.7.2\spring-boot-autoconfigure-2.7.2.jar;D:\tools\repository\org\springframework\boot\spring-boot-starter-jdbc\2.7.2\spring-boot-starter-jdbc-2.7.2.jar;D:\tools\repository\com\zaxxer\HikariCP\4.0.3\HikariCP-4.0.3.jar;D:\tools\repository\org\springframework\spring-jdbc\5.3.22\spring-jdbc-5.3.22.jar;D:\tools\repository\org\springframework\boot\spring-boot-starter-data-redis\2.7.2\spring-boot-starter-data-redis-2.7.2.jar;D:\tools\repository\org\springframework\data\spring-data-redis\2.6.2\spring-data-redis-2.6.2.jar;D:\tools\repository\org\springframework\data\spring-data-keyvalue\2.7.2\spring-data-keyvalue-2.7.2.jar;D:\tools\repository\org\springframework\data\spring-data-commons\2.7.2\spring-data-commons-2.7.2.jar;D:\tools\repository\org\springframework\spring-tx\5.3.22\spring-tx-5.3.22.jar;D:\tools\repository\org\springframework\spring-oxm\5.3.22\spring-oxm-5.3.22.jar;D:\tools\repository\io\lettuce\lettuce-core\6.1.6.RELEASE\lettuce-core-6.1.6.RELEASE.jar;D:\tools\repository\org\springframework\session\spring-session-data-redis\2.7.0\spring-session-data-redis-2.7.0.jar;D:\tools\repository\org\springframework\session\spring-session-core\2.7.0\spring-session-core-2.7.0.jar;D:\tools\repository\org\springframework\spring-jcl\5.3.22\spring-jcl-5.3.22.jar;D:\tools\repository\org\springframework\boot\spring-boot-starter-data-elasticsearch\2.7.2\spring-boot-starter-data-elasticsearch-2.7.2.jar;D:\tools\repository\org\springframework\data\spring-data-elasticsearch\4.4.2\spring-data-elasticsearch-4.4.2.jar;D:\tools\repository\org\elasticsearch\client\elasticsearch-rest-high-level-client\7.17.4\elasticsearch-rest-high-level-client-7.17.4.jar;D:\tools\repository\org\elasticsearch\elasticsearch\7.17.4\elasticsearch-7.17.4.jar;D:\tools\repository\org\elasticsearch\elasticsearch-core\7.17.4\elasticsearch-core-7.17.4.jar;D:\tools\repository\org\elasticsearch\elasticsearch-secure-sm\7.17.4\elasticsearch-secure-sm-7.17.4.jar;D:\tools\repository\org\elasticsearch\elasticsearch-x-content\7.17.4\elasticsearch-x-content-7.17.4.jar;D:\tools\repository\com\fasterxml\jackson\dataformat\jackson-dataformat-smile\2.13.3\jackson-dataformat-smile-2.13.3.jar;D:\tools\repository\com\fasterxml\jackson\dataformat\jackson-dataformat-cbor\2.13.3\jackson-dataformat-cbor-2.13.3.jar;D:\tools\repository\org\elasticsearch\elasticsearch-geo\7.17.4\elasticsearch-geo-7.17.4.jar;D:\tools\repository\org\elasticsearch\elasticsearch-lz4\7.17.4\elasticsearch-lz4-7.17.4.jar;D:\tools\repository\org\lz4\lz4-java\1.8.0\lz4-java-1.8.0.jar;D:\tools\repository\org\apache\lucene\lucene-core\8.11.1\lucene-core-8.11.1.jar;D:\tools\repository\org\apache\lucene\lucene-analyzers-common\8.11.1\lucene-analyzers-common-8.11.1.jar;D:\tools\repository\org\apache\lucene\lucene-backward-codecs\8.11.1\lucene-backward-codecs-8.11.1.jar;D:\tools\repository\org\apache\lucene\lucene-grouping\8.11.1\lucene-grouping-8.11.1.jar;D:\tools\repository\org\apache\lucene\lucene-highlighter\8.11.1\lucene-highlighter-8.11.1.jar;D:\tools\repository\org\apache\lucene\lucene-join\8.11.1\lucene-join-8.11.1.jar;D:\tools\repository\org\apache\lucene\lucene-memory\8.11.1\lucene-memory-8.11.1.jar;D:\tools\repository\org\apache\lucene\lucene-misc\8.11.1\lucene-misc-8.11.1.jar;D:\tools\repository\org\apache\lucene\lucene-queries\8.11.1\lucene-queries-8.11.1.jar;D:\tools\repository\org\apache\lucene\lucene-queryparser\8.11.1\lucene-queryparser-8.11.1.jar;D:\tools\repository\org\apache\lucene\lucene-sandbox\8.11.1\lucene-sandbox-8.11.1.jar;D:\tools\repository\org\apache\lucene\lucene-spatial3d\8.11.1\lucene-spatial3d-8.11.1.jar;D:\tools\repository\org\apache\lucene\lucene-suggest\8.11.1\lucene-suggest-8.11.1.jar;D:\tools\repository\org\elasticsearch\elasticsearch-cli\7.17.4\elasticsearch-cli-7.17.4.jar;D:\tools\repository\net\sf\jopt-simple\jopt-simple\5.0.2\jopt-simple-5.0.2.jar;D:\tools\repository\com\carrotsearch\hppc\0.8.1\hppc-0.8.1.jar;D:\tools\repository\com\tdunning\t-digest\3.2\t-digest-3.2.jar;D:\tools\repository\org\hdrhistogram\HdrHistogram\2.1.9\HdrHistogram-2.1.9.jar;D:\tools\repository\net\java\dev\jna\jna\5.10.0\jna-5.10.0.jar;D:\tools\repository\org\elasticsearch\elasticsearch-plugin-classloader\7.17.4\elasticsearch-plugin-classloader-7.17.4.jar;D:\tools\repository\org\elasticsearch\plugin\mapper-extras-client\7.17.4\mapper-extras-client-7.17.4.jar;D:\tools\repository\org\elasticsearch\plugin\parent-join-client\7.17.4\parent-join-client-7.17.4.jar;D:\tools\repository\org\elasticsearch\plugin\aggs-matrix-stats-client\7.17.4\aggs-matrix-stats-client-7.17.4.jar;D:\tools\repository\org\elasticsearch\plugin\rank-eval-client\7.17.4\rank-eval-client-7.17.4.jar;D:\tools\repository\org\elasticsearch\plugin\lang-mustache-client\7.17.4\lang-mustache-client-7.17.4.jar;D:\tools\repository\com\github\spullara\mustache\java\compiler\0.9.6\compiler-0.9.6.jar;D:\tools\repository\co\elastic\clients\elasticsearch-java\7.17.4\elasticsearch-java-7.17.4.jar;D:\tools\repository\com\google\code\findbugs\jsr305\3.0.2\jsr305-3.0.2.jar;D:\tools\repository\jakarta\json\jakarta.json-api\1.1.6\jakarta.json-api-1.1.6.jar;D:\tools\repository\org\eclipse\parsson\parsson\1.0.0\parsson-1.0.0.jar;D:\tools\repository\org\elasticsearch\client\elasticsearch-rest-client\7.17.4\elasticsearch-rest-client-7.17.4.jar;D:\tools\repository\com\github\binarywang\wx-java-mp-spring-boot-starter\4.4.0\wx-java-mp-spring-boot-starter-4.4.0.jar;D:\tools\repository\com\github\binarywang\weixin-java-mp\4.4.0\weixin-java-mp-4.4.0.jar;D:\tools\repository\com\github\binarywang\weixin-java-common\4.4.0\weixin-java-common-4.4.0.jar;D:\tools\repository\com\thoughtworks\xstream\xstream\1.4.19\xstream-1.4.19.jar;D:\tools\repository\io\github\x-stream\mxparser\1.2.2\mxparser-1.2.2.jar;D:\tools\repository\xmlpull\xmlpull\1.1.3.1\xmlpull-1.1.3.1.jar;D:\tools\repository\org\apache\httpcomponents\httpmime\4.5.13\httpmime-4.5.13.jar;D:\tools\repository\org\slf4j\jcl-over-slf4j\1.7.36\jcl-over-slf4j-1.7.36.jar;D:\tools\repository\commons-io\commons-io\2.7\commons-io-2.7.jar;D:\tools\repository\com\google\guava\guava\30.0-jre\guava-30.0-jre.jar;D:\tools\repository\com\google\guava\failureaccess\1.0.1\failureaccess-1.0.1.jar;D:\tools\repository\com\google\guava\listenablefuture\9999.0-empty-to-avoid-conflict-with-guava\listenablefuture-9999.0-empty-to-avoid-conflict-with-guava.jar;D:\tools\repository\org\checkerframework\checker-qual\3.5.0\checker-qual-3.5.0.jar;D:\tools\repository\com\google\errorprone\error_prone_annotations\2.3.4\error_prone_annotations-2.3.4.jar;D:\tools\repository\com\google\j2objc\j2objc-annotations\1.3\j2objc-annotations-1.3.jar;D:\tools\repository\javax\validation\validation-api\2.0.1.Final\validation-api-2.0.1.Final.jar;D:\tools\repository\org\dom4j\dom4j\2.1.3\dom4j-2.1.3.jar;D:\tools\repository\redis\clients\jedis\3.8.0\jedis-3.8.0.jar;D:\tools\repository\org\apache\commons\commons-pool2\2.11.1\commons-pool2-2.11.1.jar;D:\tools\repository\com\github\xiaoymin\knife4j-spring-boot-starter\3.0.3\knife4j-spring-boot-starter-3.0.3.jar;D:\tools\repository\com\github\xiaoymin\knife4j-spring-boot-autoconfigure\3.0.3\knife4j-spring-boot-autoconfigure-3.0.3.jar;D:\tools\repository\com\github\xiaoymin\knife4j-spring\3.0.3\knife4j-spring-3.0.3.jar;D:\tools\repository\com\github\xiaoymin\knife4j-annotations\3.0.3\knife4j-annotations-3.0.3.jar;D:\tools\repository\io\swagger\swagger-annotations\1.5.22\swagger-annotations-1.5.22.jar;D:\tools\repository\io\swagger\core\v3\swagger-annotations\2.1.2\swagger-annotations-2.1.2.jar;D:\tools\repository\com\github\xiaoymin\knife4j-core\3.0.3\knife4j-core-3.0.3.jar;D:\tools\repository\io\springfox\springfox-swagger2\3.0.0\springfox-swagger2-3.0.0.jar;D:\tools\repository\io\springfox\springfox-spi\3.0.0\springfox-spi-3.0.0.jar;D:\tools\repository\io\springfox\springfox-schema\3.0.0\springfox-schema-3.0.0.jar;D:\tools\repository\io\springfox\springfox-swagger-common\3.0.0\springfox-swagger-common-3.0.0.jar;D:\tools\repository\io\springfox\springfox-spring-web\3.0.0\springfox-spring-web-3.0.0.jar;D:\tools\repository\io\github\classgraph\classgraph\4.8.83\classgraph-4.8.83.jar;D:\tools\repository\io\springfox\springfox-spring-webflux\3.0.0\springfox-spring-webflux-3.0.0.jar;D:\tools\repository\org\mapstruct\mapstruct\1.3.1.Final\mapstruct-1.3.1.Final.jar;D:\tools\repository\io\springfox\springfox-spring-webmvc\3.0.0\springfox-spring-webmvc-3.0.0.jar;D:\tools\repository\io\springfox\springfox-core\3.0.0\springfox-core-3.0.0.jar;D:\tools\repository\io\springfox\springfox-oas\3.0.0\springfox-oas-3.0.0.jar;D:\tools\repository\io\swagger\core\v3\swagger-models\2.1.2\swagger-models-2.1.2.jar;D:\tools\repository\io\springfox\springfox-bean-validators\3.0.0\springfox-bean-validators-3.0.0.jar;D:\tools\repository\io\swagger\swagger-models\1.5.22\swagger-models-1.5.22.jar;D:\tools\repository\io\swagger\swagger-core\1.5.22\swagger-core-1.5.22.jar;D:\tools\repository\io\springfox\springfox-boot-starter\3.0.0\springfox-boot-starter-3.0.0.jar;D:\tools\repository\io\springfox\springfox-data-rest\3.0.0\springfox-data-rest-3.0.0.jar;D:\tools\repository\com\fasterxml\classmate\1.5.1\classmate-1.5.1.jar;D:\tools\repository\org\springframework\plugin\spring-plugin-core\2.0.0.RELEASE\spring-plugin-core-2.0.0.RELEASE.jar;D:\tools\repository\org\springframework\plugin\spring-plugin-metadata\2.0.0.RELEASE\spring-plugin-metadata-2.0.0.RELEASE.jar;D:\tools\repository\com\github\xiaoymin\knife4j-spring-ui\3.0.3\knife4j-spring-ui-3.0.3.jar;D:\tools\repository\com\qcloud\cos_api\5.6.89\cos_api-5.6.89.jar;D:\tools\repository\org\apache\httpcomponents\httpclient\4.5.13\httpclient-4.5.13.jar;D:\tools\repository\org\apache\httpcomponents\httpcore\4.4.15\httpcore-4.4.15.jar;D:\tools\repository\commons-codec\commons-codec\1.15\commons-codec-1.15.jar;D:\tools\repository\joda-time\joda-time\2.9.9\joda-time-2.9.9.jar;D:\tools\repository\com\tencentcloudapi\tencentcloud-sdk-java-kms\3.1.213\tencentcloud-sdk-java-kms-3.1.213.jar;D:\tools\repository\com\tencentcloudapi\tencentcloud-sdk-java-common\3.1.213\tencentcloud-sdk-java-common-3.1.213.jar;D:\tools\repository\com\squareup\okhttp\logging-interceptor\2.7.5\logging-interceptor-2.7.5.jar;D:\tools\repository\com\squareup\okhttp\okhttp\2.7.5\okhttp-2.7.5.jar;D:\tools\repository\org\bouncycastle\bcprov-jdk15on\1.67\bcprov-jdk15on-1.67.jar;D:\tools\repository\org\apache\commons\commons-lang3\3.12.0\commons-lang3-3.12.0.jar;D:\tools\repository\com\google\code\gson\gson\2.9.1\gson-2.9.1.jar;D:\tools\repository\com\alibaba\fastjson\1.2.76\fastjson-1.2.76.jar;D:\tools\repository\com\alibaba\easyexcel\3.1.1\easyexcel-3.1.1.jar;D:\tools\repository\com\alibaba\easyexcel-core\3.1.1\easyexcel-core-3.1.1.jar;D:\tools\repository\com\alibaba\easyexcel-support\3.1.1\easyexcel-support-3.1.1.jar;D:\tools\repository\org\apache\poi\poi\4.1.2\poi-4.1.2.jar;D:\tools\repository\org\apache\commons\commons-collections4\4.4\commons-collections4-4.4.jar;D:\tools\repository\org\apache\commons\commons-math3\3.6.1\commons-math3-3.6.1.jar;D:\tools\repository\com\zaxxer\SparseBitSet\1.2\SparseBitSet-1.2.jar;D:\tools\repository\org\apache\poi\poi-ooxml\4.1.2\poi-ooxml-4.1.2.jar;D:\tools\repository\org\apache\commons\commons-compress\1.19\commons-compress-1.19.jar;D:\tools\repository\com\github\virtuald\curvesapi\1.06\curvesapi-1.06.jar;D:\tools\repository\org\apache\poi\poi-ooxml-schemas\4.1.2\poi-ooxml-schemas-4.1.2.jar;D:\tools\repository\org\apache\xmlbeans\xmlbeans\3.1.0\xmlbeans-3.1.0.jar;D:\tools\repository\org\apache\commons\commons-csv\1.8\commons-csv-1.8.jar;D:\tools\repository\org\ehcache\ehcache\3.10.0\ehcache-3.10.0.jar;D:\tools\repository\org\glassfish\jaxb\jaxb-runtime\2.3.6\jaxb-runtime-2.3.6.jar;D:\tools\repository\org\glassfish\jaxb\txw2\2.3.6\txw2-2.3.6.jar;D:\tools\repository\com\sun\istack\istack-commons-runtime\3.0.12\istack-commons-runtime-3.0.12.jar;D:\tools\repository\com\sun\activation\jakarta.activation\1.2.2\jakarta.activation-1.2.2.jar;D:\tools\repository\cn\hutool\hutool-all\5.8.8\hutool-all-5.8.8.jar;D:\tools\repository\com\google\zxing\core\3.4.1\core-3.4.1.jar;D:\tools\repository\org\springframework\boot\spring-boot-devtools\2.7.2\spring-boot-devtools-2.7.2.jar;D:\tools\repository\org\springframework\boot\spring-boot\2.7.2\spring-boot-2.7.2.jar;D:\tools\repository\mysql\mysql-connector-java\8.0.29\mysql-connector-java-8.0.29.jar;D:\tools\repository\org\springframework\boot\spring-boot-configuration-processor\2.7.2\spring-boot-configuration-processor-2.7.2.jar;D:\tools\repository\org\projectlombok\lombok\1.18.24\lombok-1.18.24.jar;D:\tools\repository\org\springframework\boot\spring-boot-starter-test\2.7.2\spring-boot-starter-test-2.7.2.jar;D:\tools\repository\org\springframework\boot\spring-boot-test\2.7.2\spring-boot-test-2.7.2.jar;D:\tools\repository\org\springframework\boot\spring-boot-test-autoconfigure\2.7.2\spring-boot-test-autoconfigure-2.7.2.jar;D:\tools\repository\com\jayway\jsonpath\json-path\2.7.0\json-path-2.7.0.jar;D:\tools\repository\net\minidev\json-smart\2.4.8\json-smart-2.4.8.jar;D:\tools\repository\net\minidev\accessors-smart\2.4.8\accessors-smart-2.4.8.jar;D:\tools\repository\org\ow2\asm\asm\9.1\asm-9.1.jar;D:\tools\repository\jakarta\xml\bind\jakarta.xml.bind-api\2.3.3\jakarta.xml.bind-api-2.3.3.jar;D:\tools\repository\jakarta\activation\jakarta.activation-api\1.2.2\jakarta.activation-api-1.2.2.jar;D:\tools\repository\org\assertj\assertj-core\3.22.0\assertj-core-3.22.0.jar;D:\tools\repository\org\hamcrest\hamcrest\2.2\hamcrest-2.2.jar;D:\tools\repository\org\junit\jupiter\junit-jupiter\5.8.2\junit-jupiter-5.8.2.jar;D:\tools\repository\org\junit\jupiter\junit-jupiter-api\5.8.2\junit-jupiter-api-5.8.2.jar;D:\tools\repository\org\opentest4j\opentest4j\1.2.0\opentest4j-1.2.0.jar;D:\tools\repository\org\junit\platform\junit-platform-commons\1.8.2\junit-platform-commons-1.8.2.jar;D:\tools\repository\org\apiguardian\apiguardian-api\1.1.2\apiguardian-api-1.1.2.jar;D:\tools\repository\org\junit\jupiter\junit-jupiter-params\5.8.2\junit-jupiter-params-5.8.2.jar;D:\tools\repository\org\junit\jupiter\junit-jupiter-engine\5.8.2\junit-jupiter-engine-5.8.2.jar;D:\tools\repository\org\junit\platform\junit-platform-engine\1.8.2\junit-platform-engine-1.8.2.jar;D:\tools\repository\org\mockito\mockito-core\4.5.1\mockito-core-4.5.1.jar;D:\tools\repository\net\bytebuddy\byte-buddy-agent\1.12.12\byte-buddy-agent-1.12.12.jar;D:\tools\repository\org\objenesis\objenesis\3.2\objenesis-3.2.jar;D:\tools\repository\org\mockito\mockito-junit-jupiter\4.5.1\mockito-junit-jupiter-4.5.1.jar;D:\tools\repository\org\skyscreamer\jsonassert\1.5.1\jsonassert-1.5.1.jar;D:\tools\repository\com\vaadin\external\google\android-json\0.0.20131108.vaadin1\android-json-0.0.20131108.vaadin1.jar;D:\tools\repository\org\springframework\spring-core\5.3.22\spring-core-5.3.22.jar;D:\tools\repository\org\springframework\spring-test\5.3.22\spring-test-5.3.22.jar;D:\tools\repository\org\xmlunit\xmlunit-core\2.9.0\xmlunit-core-2.9.0.jar;D:\tools\repository\top\panyuwen\gigotapi-client-sdk\0.0.3\gigotapi-client-sdk-0.0.3.jar;D:\tools\repository\org\apache\dubbo\dubbo\3.0.9\dubbo-3.0.9.jar;D:\tools\repository\org\springframework\spring-context\5.3.22\spring-context-5.3.22.jar;D:\tools\repository\com\alibaba\spring\spring-context-support\1.0.8\spring-context-support-1.0.8.jar;D:\tools\repository\org\javassist\javassist\3.28.0-GA\javassist-3.28.0-GA.jar;D:\tools\repository\io\netty\netty-all\4.1.79.Final\netty-all-4.1.79.Final.jar;D:\tools\repository\io\netty\netty-codec-haproxy\4.1.79.Final\netty-codec-haproxy-4.1.79.Final.jar;D:\tools\repository\io\netty\netty-codec-http\4.1.79.Final\netty-codec-http-4.1.79.Final.jar;D:\tools\repository\io\netty\netty-codec-http2\4.1.79.Final\netty-codec-http2-4.1.79.Final.jar;D:\tools\repository\io\netty\netty-codec-memcache\4.1.79.Final\netty-codec-memcache-4.1.79.Final.jar;D:\tools\repository\io\netty\netty-codec-mqtt\4.1.79.Final\netty-codec-mqtt-4.1.79.Final.jar;D:\tools\repository\io\netty\netty-codec-redis\4.1.79.Final\netty-codec-redis-4.1.79.Final.jar;D:\tools\repository\io\netty\netty-codec-smtp\4.1.79.Final\netty-codec-smtp-4.1.79.Final.jar;D:\tools\repository\io\netty\netty-codec-socks\4.1.79.Final\netty-codec-socks-4.1.79.Final.jar;D:\tools\repository\io\netty\netty-codec-stomp\4.1.79.Final\netty-codec-stomp-4.1.79.Final.jar;D:\tools\repository\io\netty\netty-codec-xml\4.1.79.Final\netty-codec-xml-4.1.79.Final.jar;D:\tools\repository\io\netty\netty-handler-proxy\4.1.79.Final\netty-handler-proxy-4.1.79.Final.jar;D:\tools\repository\io\netty\netty-transport-rxtx\4.1.79.Final\netty-transport-rxtx-4.1.79.Final.jar;D:\tools\repository\io\netty\netty-transport-sctp\4.1.79.Final\netty-transport-sctp-4.1.79.Final.jar;D:\tools\repository\io\netty\netty-transport-udt\4.1.79.Final\netty-transport-udt-4.1.79.Final.jar;D:\tools\repository\io\netty\netty-transport-classes-epoll\4.1.79.Final\netty-transport-classes-epoll-4.1.79.Final.jar;D:\tools\repository\io\netty\netty-transport-classes-kqueue\4.1.79.Final\netty-transport-classes-kqueue-4.1.79.Final.jar;D:\tools\repository\io\netty\netty-resolver-dns-classes-macos\4.1.79.Final\netty-resolver-dns-classes-macos-4.1.79.Final.jar;D:\tools\repository\io\netty\netty-transport-native-epoll\4.1.79.Final\netty-transport-native-epoll-4.1.79.Final-linux-x86_64.jar;D:\tools\repository\io\netty\netty-transport-native-epoll\4.1.79.Final\netty-transport-native-epoll-4.1.79.Final-linux-aarch_64.jar;D:\tools\repository\io\netty\netty-transport-native-kqueue\4.1.79.Final\netty-transport-native-kqueue-4.1.79.Final-osx-x86_64.jar;D:\tools\repository\io\netty\netty-transport-native-kqueue\4.1.79.Final\netty-transport-native-kqueue-4.1.79.Final-osx-aarch_64.jar;D:\tools\repository\io\netty\netty-resolver-dns-native-macos\4.1.79.Final\netty-resolver-dns-native-macos-4.1.79.Final-osx-x86_64.jar;D:\tools\repository\io\netty\netty-resolver-dns-native-macos\4.1.79.Final\netty-resolver-dns-native-macos-4.1.79.Final-osx-aarch_64.jar;D:\tools\repository\org\yaml\snakeyaml\1.30\snakeyaml-1.30.jar;D:\tools\repository\com\alibaba\nacos\nacos-client\2.1.0\nacos-client-2.1.0.jar;D:\tools\repository\com\alibaba\nacos\nacos-auth-plugin\2.1.0\nacos-auth-plugin-2.1.0.jar;D:\tools\repository\com\alibaba\nacos\nacos-encryption-plugin\2.1.0\nacos-encryption-plugin-2.1.0.jar;D:\tools\repository\org\apache\httpcomponents\httpasyncclient\4.1.5\httpasyncclient-4.1.5.jar;D:\tools\repository\org\apache\httpcomponents\httpcore-nio\4.4.15\httpcore-nio-4.4.15.jar;D:\tools\repository\io\prometheus\simpleclient\0.15.0\simpleclient-0.15.0.jar;D:\tools\repository\io\prometheus\simpleclient_tracer_otel\0.15.0\simpleclient_tracer_otel-0.15.0.jar;D:\tools\repository\io\prometheus\simpleclient_tracer_common\0.15.0\simpleclient_tracer_common-0.15.0.jar;D:\tools\repository\io\prometheus\simpleclient_tracer_otel_agent\0.15.0\simpleclient_tracer_otel_agent-0.15.0.jar;D:\tools\repository\com\tencentcloudapi\tencentcloud-sdk-java\3.1.764\tencentcloud-sdk-java-3.1.764.jar;D:\tools\repository\commons-logging\commons-logging\1.2\commons-logging-1.2.jar;D:\tools\repository\javax\xml\bind\jaxb-api\2.3.1\jaxb-api-2.3.1.jar;D:\tools\repository\javax\activation\javax.activation-api\1.2.0\javax.activation-api-1.2.0.jar;D:\tools\repository\com\squareup\okhttp3\logging-interceptor\4.9.3\logging-interceptor-4.9.3.jar;D:\tools\repository\org\ini4j\ini4j\0.5.4\ini4j-0.5.4.jar;D:\tools\repository\com\github\wechatpay-apiv3\wechatpay-java\0.2.12\wechatpay-java-0.2.12.jar;D:\tools\repository\com\github\wechatpay-apiv3\wechatpay-java-core\0.2.12\wechatpay-java-core-0.2.12.jar;D:\tools\repository\com\squareup\okhttp3\okhttp\3.10.0\okhttp-3.10.0.jar;D:\tools\repository\com\squareup\okio\okio\1.13.0\okio-1.13.0.jar;D:\tools\repository\javax\activation\activation\1.1.1\activation-1.1.1.jar;D:\tools\repository\javax\mail\mail\1.4.7\mail-1.4.7.jar;D:\tools\repository\org\apache\commons\commons-email\1.4\commons-email-1.4.jar;D:\tools\repository\com\sun\mail\javax.mail\1.5.2\javax.mail-1.5.2.jar;"/>
    <property name="java.vm.vendor" value="Oracle Corporation"/>
    <property name="sun.arch.data.model" value="64"/>
    <property name="user.variant" value=""/>
    <property name="java.vendor.url" value="http://java.oracle.com/"/>
    <property name="user.timezone" value="Asia/Shanghai"/>
    <property name="java.vm.specification.version" value="1.8"/>
    <property name="os.name" value="Windows 10"/>
    <property name="user.country" value="CN"/>
    <property name="sun.java.launcher" value="SUN_STANDARD"/>
    <property name="sun.boot.library.path" value="D:\Environment\Java\jdk1.8.0_221\jre\bin"/>
    <property name="sun.java.command" value="C:\Users\86150\AppData\Local\Temp\surefire5591983871540530604\surefirebooter-20250505130830300_3.jar C:\Users\86150\AppData\Local\Temp\surefire5591983871540530604 2025-05-05T13-08-29_972-jvmRun1 surefire-20250505130830300_1tmp surefire_0-20250505130830300_2tmp"/>
    <property name="surefire.test.class.path" value="D:\文件下载\gigot-api-main\gigot-api-main\gigotapi\gigotapi-backend\target\test-classes;D:\文件下载\gigot-api-main\gigot-api-main\gigotapi\gigotapi-backend\target\classes;D:\tools\repository\top\panyuwen\gigotapi-common\0.0.2\gigotapi-common-0.0.2.jar;D:\tools\repository\org\mybatis\spring\boot\mybatis-spring-boot-starter\2.2.2\mybatis-spring-boot-starter-2.2.2.jar;D:\tools\repository\org\mybatis\spring\boot\mybatis-spring-boot-autoconfigure\2.2.2\mybatis-spring-boot-autoconfigure-2.2.2.jar;D:\tools\repository\org\mybatis\mybatis-spring\2.0.7\mybatis-spring-2.0.7.jar;D:\tools\repository\org\redisson\redisson\3.17.5\redisson-3.17.5.jar;D:\tools\repository\io\netty\netty-common\4.1.79.Final\netty-common-4.1.79.Final.jar;D:\tools\repository\io\netty\netty-codec\4.1.79.Final\netty-codec-4.1.79.Final.jar;D:\tools\repository\io\netty\netty-buffer\4.1.79.Final\netty-buffer-4.1.79.Final.jar;D:\tools\repository\io\netty\netty-transport\4.1.79.Final\netty-transport-4.1.79.Final.jar;D:\tools\repository\io\netty\netty-resolver\4.1.79.Final\netty-resolver-4.1.79.Final.jar;D:\tools\repository\io\netty\netty-resolver-dns\4.1.79.Final\netty-resolver-dns-4.1.79.Final.jar;D:\tools\repository\io\netty\netty-codec-dns\4.1.79.Final\netty-codec-dns-4.1.79.Final.jar;D:\tools\repository\io\netty\netty-handler\4.1.79.Final\netty-handler-4.1.79.Final.jar;D:\tools\repository\io\netty\netty-transport-native-unix-common\4.1.79.Final\netty-transport-native-unix-common-4.1.79.Final.jar;D:\tools\repository\javax\cache\cache-api\1.1.1\cache-api-1.1.1.jar;D:\tools\repository\io\projectreactor\reactor-core\3.4.21\reactor-core-3.4.21.jar;D:\tools\repository\org\reactivestreams\reactive-streams\1.0.4\reactive-streams-1.0.4.jar;D:\tools\repository\io\reactivex\rxjava3\rxjava\3.1.5\rxjava-3.1.5.jar;D:\tools\repository\org\jboss\marshalling\jboss-marshalling\2.0.11.Final\jboss-marshalling-2.0.11.Final.jar;D:\tools\repository\org\jboss\marshalling\jboss-marshalling-river\2.0.11.Final\jboss-marshalling-river-2.0.11.Final.jar;D:\tools\repository\org\slf4j\slf4j-api\1.7.36\slf4j-api-1.7.36.jar;D:\tools\repository\com\fasterxml\jackson\core\jackson-annotations\2.13.3\jackson-annotations-2.13.3.jar;D:\tools\repository\com\fasterxml\jackson\dataformat\jackson-dataformat-yaml\2.13.3\jackson-dataformat-yaml-2.13.3.jar;D:\tools\repository\com\fasterxml\jackson\core\jackson-core\2.13.3\jackson-core-2.13.3.jar;D:\tools\repository\com\fasterxml\jackson\core\jackson-databind\2.13.3\jackson-databind-2.13.3.jar;D:\tools\repository\net\bytebuddy\byte-buddy\1.12.12\byte-buddy-1.12.12.jar;D:\tools\repository\org\jodd\jodd-bean\5.1.6\jodd-bean-5.1.6.jar;D:\tools\repository\org\jodd\jodd-core\5.1.6\jodd-core-5.1.6.jar;D:\tools\repository\org\springframework\boot\spring-boot-starter-freemarker\2.7.2\spring-boot-starter-freemarker-2.7.2.jar;D:\tools\repository\org\springframework\boot\spring-boot-starter\2.7.2\spring-boot-starter-2.7.2.jar;D:\tools\repository\org\springframework\boot\spring-boot-starter-logging\2.7.2\spring-boot-starter-logging-2.7.2.jar;D:\tools\repository\ch\qos\logback\logback-classic\1.2.11\logback-classic-1.2.11.jar;D:\tools\repository\ch\qos\logback\logback-core\1.2.11\logback-core-1.2.11.jar;D:\tools\repository\org\apache\logging\log4j\log4j-to-slf4j\2.17.2\log4j-to-slf4j-2.17.2.jar;D:\tools\repository\org\apache\logging\log4j\log4j-api\2.17.2\log4j-api-2.17.2.jar;D:\tools\repository\org\slf4j\jul-to-slf4j\1.7.36\jul-to-slf4j-1.7.36.jar;D:\tools\repository\jakarta\annotation\jakarta.annotation-api\1.3.5\jakarta.annotation-api-1.3.5.jar;D:\tools\repository\org\freemarker\freemarker\2.3.31\freemarker-2.3.31.jar;D:\tools\repository\org\springframework\spring-context-support\5.3.22\spring-context-support-5.3.22.jar;D:\tools\repository\org\springframework\spring-beans\5.3.22\spring-beans-5.3.22.jar;D:\tools\repository\org\springframework\boot\spring-boot-starter-web\2.7.2\spring-boot-starter-web-2.7.2.jar;D:\tools\repository\org\springframework\boot\spring-boot-starter-json\2.7.2\spring-boot-starter-json-2.7.2.jar;D:\tools\repository\com\fasterxml\jackson\datatype\jackson-datatype-jdk8\2.13.3\jackson-datatype-jdk8-2.13.3.jar;D:\tools\repository\com\fasterxml\jackson\datatype\jackson-datatype-jsr310\2.13.3\jackson-datatype-jsr310-2.13.3.jar;D:\tools\repository\com\fasterxml\jackson\module\jackson-module-parameter-names\2.13.3\jackson-module-parameter-names-2.13.3.jar;D:\tools\repository\org\springframework\boot\spring-boot-starter-tomcat\2.7.2\spring-boot-starter-tomcat-2.7.2.jar;D:\tools\repository\org\apache\tomcat\embed\tomcat-embed-core\9.0.65\tomcat-embed-core-9.0.65.jar;D:\tools\repository\org\apache\tomcat\embed\tomcat-embed-el\9.0.65\tomcat-embed-el-9.0.65.jar;D:\tools\repository\org\apache\tomcat\embed\tomcat-embed-websocket\9.0.65\tomcat-embed-websocket-9.0.65.jar;D:\tools\repository\org\springframework\spring-web\5.3.22\spring-web-5.3.22.jar;D:\tools\repository\org\springframework\spring-webmvc\5.3.22\spring-webmvc-5.3.22.jar;D:\tools\repository\org\springframework\spring-expression\5.3.22\spring-expression-5.3.22.jar;D:\tools\repository\org\springframework\boot\spring-boot-starter-aop\2.7.2\spring-boot-starter-aop-2.7.2.jar;D:\tools\repository\org\springframework\spring-aop\5.3.22\spring-aop-5.3.22.jar;D:\tools\repository\org\aspectj\aspectjweaver\1.9.7\aspectjweaver-1.9.7.jar;D:\tools\repository\org\mybatis\mybatis\3.5.11\mybatis-3.5.11.jar;D:\tools\repository\com\baomidou\mybatis-plus-boot-starter\3.5.2\mybatis-plus-boot-starter-3.5.2.jar;D:\tools\repository\com\baomidou\mybatis-plus\3.5.2\mybatis-plus-3.5.2.jar;D:\tools\repository\com\baomidou\mybatis-plus-extension\3.5.2\mybatis-plus-extension-3.5.2.jar;D:\tools\repository\com\baomidou\mybatis-plus-core\3.5.2\mybatis-plus-core-3.5.2.jar;D:\tools\repository\com\baomidou\mybatis-plus-annotation\3.5.2\mybatis-plus-annotation-3.5.2.jar;D:\tools\repository\com\github\jsqlparser\jsqlparser\4.4\jsqlparser-4.4.jar;D:\tools\repository\org\jetbrains\kotlin\kotlin-stdlib-jdk8\1.6.21\kotlin-stdlib-jdk8-1.6.21.jar;D:\tools\repository\org\jetbrains\kotlin\kotlin-stdlib\1.6.21\kotlin-stdlib-1.6.21.jar;D:\tools\repository\org\jetbrains\kotlin\kotlin-stdlib-common\1.6.21\kotlin-stdlib-common-1.6.21.jar;D:\tools\repository\org\jetbrains\annotations\13.0\annotations-13.0.jar;D:\tools\repository\org\jetbrains\kotlin\kotlin-stdlib-jdk7\1.6.21\kotlin-stdlib-jdk7-1.6.21.jar;D:\tools\repository\org\springframework\boot\spring-boot-autoconfigure\2.7.2\spring-boot-autoconfigure-2.7.2.jar;D:\tools\repository\org\springframework\boot\spring-boot-starter-jdbc\2.7.2\spring-boot-starter-jdbc-2.7.2.jar;D:\tools\repository\com\zaxxer\HikariCP\4.0.3\HikariCP-4.0.3.jar;D:\tools\repository\org\springframework\spring-jdbc\5.3.22\spring-jdbc-5.3.22.jar;D:\tools\repository\org\springframework\boot\spring-boot-starter-data-redis\2.7.2\spring-boot-starter-data-redis-2.7.2.jar;D:\tools\repository\org\springframework\data\spring-data-redis\2.6.2\spring-data-redis-2.6.2.jar;D:\tools\repository\org\springframework\data\spring-data-keyvalue\2.7.2\spring-data-keyvalue-2.7.2.jar;D:\tools\repository\org\springframework\data\spring-data-commons\2.7.2\spring-data-commons-2.7.2.jar;D:\tools\repository\org\springframework\spring-tx\5.3.22\spring-tx-5.3.22.jar;D:\tools\repository\org\springframework\spring-oxm\5.3.22\spring-oxm-5.3.22.jar;D:\tools\repository\io\lettuce\lettuce-core\6.1.6.RELEASE\lettuce-core-6.1.6.RELEASE.jar;D:\tools\repository\org\springframework\session\spring-session-data-redis\2.7.0\spring-session-data-redis-2.7.0.jar;D:\tools\repository\org\springframework\session\spring-session-core\2.7.0\spring-session-core-2.7.0.jar;D:\tools\repository\org\springframework\spring-jcl\5.3.22\spring-jcl-5.3.22.jar;D:\tools\repository\org\springframework\boot\spring-boot-starter-data-elasticsearch\2.7.2\spring-boot-starter-data-elasticsearch-2.7.2.jar;D:\tools\repository\org\springframework\data\spring-data-elasticsearch\4.4.2\spring-data-elasticsearch-4.4.2.jar;D:\tools\repository\org\elasticsearch\client\elasticsearch-rest-high-level-client\7.17.4\elasticsearch-rest-high-level-client-7.17.4.jar;D:\tools\repository\org\elasticsearch\elasticsearch\7.17.4\elasticsearch-7.17.4.jar;D:\tools\repository\org\elasticsearch\elasticsearch-core\7.17.4\elasticsearch-core-7.17.4.jar;D:\tools\repository\org\elasticsearch\elasticsearch-secure-sm\7.17.4\elasticsearch-secure-sm-7.17.4.jar;D:\tools\repository\org\elasticsearch\elasticsearch-x-content\7.17.4\elasticsearch-x-content-7.17.4.jar;D:\tools\repository\com\fasterxml\jackson\dataformat\jackson-dataformat-smile\2.13.3\jackson-dataformat-smile-2.13.3.jar;D:\tools\repository\com\fasterxml\jackson\dataformat\jackson-dataformat-cbor\2.13.3\jackson-dataformat-cbor-2.13.3.jar;D:\tools\repository\org\elasticsearch\elasticsearch-geo\7.17.4\elasticsearch-geo-7.17.4.jar;D:\tools\repository\org\elasticsearch\elasticsearch-lz4\7.17.4\elasticsearch-lz4-7.17.4.jar;D:\tools\repository\org\lz4\lz4-java\1.8.0\lz4-java-1.8.0.jar;D:\tools\repository\org\apache\lucene\lucene-core\8.11.1\lucene-core-8.11.1.jar;D:\tools\repository\org\apache\lucene\lucene-analyzers-common\8.11.1\lucene-analyzers-common-8.11.1.jar;D:\tools\repository\org\apache\lucene\lucene-backward-codecs\8.11.1\lucene-backward-codecs-8.11.1.jar;D:\tools\repository\org\apache\lucene\lucene-grouping\8.11.1\lucene-grouping-8.11.1.jar;D:\tools\repository\org\apache\lucene\lucene-highlighter\8.11.1\lucene-highlighter-8.11.1.jar;D:\tools\repository\org\apache\lucene\lucene-join\8.11.1\lucene-join-8.11.1.jar;D:\tools\repository\org\apache\lucene\lucene-memory\8.11.1\lucene-memory-8.11.1.jar;D:\tools\repository\org\apache\lucene\lucene-misc\8.11.1\lucene-misc-8.11.1.jar;D:\tools\repository\org\apache\lucene\lucene-queries\8.11.1\lucene-queries-8.11.1.jar;D:\tools\repository\org\apache\lucene\lucene-queryparser\8.11.1\lucene-queryparser-8.11.1.jar;D:\tools\repository\org\apache\lucene\lucene-sandbox\8.11.1\lucene-sandbox-8.11.1.jar;D:\tools\repository\org\apache\lucene\lucene-spatial3d\8.11.1\lucene-spatial3d-8.11.1.jar;D:\tools\repository\org\apache\lucene\lucene-suggest\8.11.1\lucene-suggest-8.11.1.jar;D:\tools\repository\org\elasticsearch\elasticsearch-cli\7.17.4\elasticsearch-cli-7.17.4.jar;D:\tools\repository\net\sf\jopt-simple\jopt-simple\5.0.2\jopt-simple-5.0.2.jar;D:\tools\repository\com\carrotsearch\hppc\0.8.1\hppc-0.8.1.jar;D:\tools\repository\com\tdunning\t-digest\3.2\t-digest-3.2.jar;D:\tools\repository\org\hdrhistogram\HdrHistogram\2.1.9\HdrHistogram-2.1.9.jar;D:\tools\repository\net\java\dev\jna\jna\5.10.0\jna-5.10.0.jar;D:\tools\repository\org\elasticsearch\elasticsearch-plugin-classloader\7.17.4\elasticsearch-plugin-classloader-7.17.4.jar;D:\tools\repository\org\elasticsearch\plugin\mapper-extras-client\7.17.4\mapper-extras-client-7.17.4.jar;D:\tools\repository\org\elasticsearch\plugin\parent-join-client\7.17.4\parent-join-client-7.17.4.jar;D:\tools\repository\org\elasticsearch\plugin\aggs-matrix-stats-client\7.17.4\aggs-matrix-stats-client-7.17.4.jar;D:\tools\repository\org\elasticsearch\plugin\rank-eval-client\7.17.4\rank-eval-client-7.17.4.jar;D:\tools\repository\org\elasticsearch\plugin\lang-mustache-client\7.17.4\lang-mustache-client-7.17.4.jar;D:\tools\repository\com\github\spullara\mustache\java\compiler\0.9.6\compiler-0.9.6.jar;D:\tools\repository\co\elastic\clients\elasticsearch-java\7.17.4\elasticsearch-java-7.17.4.jar;D:\tools\repository\com\google\code\findbugs\jsr305\3.0.2\jsr305-3.0.2.jar;D:\tools\repository\jakarta\json\jakarta.json-api\1.1.6\jakarta.json-api-1.1.6.jar;D:\tools\repository\org\eclipse\parsson\parsson\1.0.0\parsson-1.0.0.jar;D:\tools\repository\org\elasticsearch\client\elasticsearch-rest-client\7.17.4\elasticsearch-rest-client-7.17.4.jar;D:\tools\repository\com\github\binarywang\wx-java-mp-spring-boot-starter\4.4.0\wx-java-mp-spring-boot-starter-4.4.0.jar;D:\tools\repository\com\github\binarywang\weixin-java-mp\4.4.0\weixin-java-mp-4.4.0.jar;D:\tools\repository\com\github\binarywang\weixin-java-common\4.4.0\weixin-java-common-4.4.0.jar;D:\tools\repository\com\thoughtworks\xstream\xstream\1.4.19\xstream-1.4.19.jar;D:\tools\repository\io\github\x-stream\mxparser\1.2.2\mxparser-1.2.2.jar;D:\tools\repository\xmlpull\xmlpull\1.1.3.1\xmlpull-1.1.3.1.jar;D:\tools\repository\org\apache\httpcomponents\httpmime\4.5.13\httpmime-4.5.13.jar;D:\tools\repository\org\slf4j\jcl-over-slf4j\1.7.36\jcl-over-slf4j-1.7.36.jar;D:\tools\repository\commons-io\commons-io\2.7\commons-io-2.7.jar;D:\tools\repository\com\google\guava\guava\30.0-jre\guava-30.0-jre.jar;D:\tools\repository\com\google\guava\failureaccess\1.0.1\failureaccess-1.0.1.jar;D:\tools\repository\com\google\guava\listenablefuture\9999.0-empty-to-avoid-conflict-with-guava\listenablefuture-9999.0-empty-to-avoid-conflict-with-guava.jar;D:\tools\repository\org\checkerframework\checker-qual\3.5.0\checker-qual-3.5.0.jar;D:\tools\repository\com\google\errorprone\error_prone_annotations\2.3.4\error_prone_annotations-2.3.4.jar;D:\tools\repository\com\google\j2objc\j2objc-annotations\1.3\j2objc-annotations-1.3.jar;D:\tools\repository\javax\validation\validation-api\2.0.1.Final\validation-api-2.0.1.Final.jar;D:\tools\repository\org\dom4j\dom4j\2.1.3\dom4j-2.1.3.jar;D:\tools\repository\redis\clients\jedis\3.8.0\jedis-3.8.0.jar;D:\tools\repository\org\apache\commons\commons-pool2\2.11.1\commons-pool2-2.11.1.jar;D:\tools\repository\com\github\xiaoymin\knife4j-spring-boot-starter\3.0.3\knife4j-spring-boot-starter-3.0.3.jar;D:\tools\repository\com\github\xiaoymin\knife4j-spring-boot-autoconfigure\3.0.3\knife4j-spring-boot-autoconfigure-3.0.3.jar;D:\tools\repository\com\github\xiaoymin\knife4j-spring\3.0.3\knife4j-spring-3.0.3.jar;D:\tools\repository\com\github\xiaoymin\knife4j-annotations\3.0.3\knife4j-annotations-3.0.3.jar;D:\tools\repository\io\swagger\swagger-annotations\1.5.22\swagger-annotations-1.5.22.jar;D:\tools\repository\io\swagger\core\v3\swagger-annotations\2.1.2\swagger-annotations-2.1.2.jar;D:\tools\repository\com\github\xiaoymin\knife4j-core\3.0.3\knife4j-core-3.0.3.jar;D:\tools\repository\io\springfox\springfox-swagger2\3.0.0\springfox-swagger2-3.0.0.jar;D:\tools\repository\io\springfox\springfox-spi\3.0.0\springfox-spi-3.0.0.jar;D:\tools\repository\io\springfox\springfox-schema\3.0.0\springfox-schema-3.0.0.jar;D:\tools\repository\io\springfox\springfox-swagger-common\3.0.0\springfox-swagger-common-3.0.0.jar;D:\tools\repository\io\springfox\springfox-spring-web\3.0.0\springfox-spring-web-3.0.0.jar;D:\tools\repository\io\github\classgraph\classgraph\4.8.83\classgraph-4.8.83.jar;D:\tools\repository\io\springfox\springfox-spring-webflux\3.0.0\springfox-spring-webflux-3.0.0.jar;D:\tools\repository\org\mapstruct\mapstruct\1.3.1.Final\mapstruct-1.3.1.Final.jar;D:\tools\repository\io\springfox\springfox-spring-webmvc\3.0.0\springfox-spring-webmvc-3.0.0.jar;D:\tools\repository\io\springfox\springfox-core\3.0.0\springfox-core-3.0.0.jar;D:\tools\repository\io\springfox\springfox-oas\3.0.0\springfox-oas-3.0.0.jar;D:\tools\repository\io\swagger\core\v3\swagger-models\2.1.2\swagger-models-2.1.2.jar;D:\tools\repository\io\springfox\springfox-bean-validators\3.0.0\springfox-bean-validators-3.0.0.jar;D:\tools\repository\io\swagger\swagger-models\1.5.22\swagger-models-1.5.22.jar;D:\tools\repository\io\swagger\swagger-core\1.5.22\swagger-core-1.5.22.jar;D:\tools\repository\io\springfox\springfox-boot-starter\3.0.0\springfox-boot-starter-3.0.0.jar;D:\tools\repository\io\springfox\springfox-data-rest\3.0.0\springfox-data-rest-3.0.0.jar;D:\tools\repository\com\fasterxml\classmate\1.5.1\classmate-1.5.1.jar;D:\tools\repository\org\springframework\plugin\spring-plugin-core\2.0.0.RELEASE\spring-plugin-core-2.0.0.RELEASE.jar;D:\tools\repository\org\springframework\plugin\spring-plugin-metadata\2.0.0.RELEASE\spring-plugin-metadata-2.0.0.RELEASE.jar;D:\tools\repository\com\github\xiaoymin\knife4j-spring-ui\3.0.3\knife4j-spring-ui-3.0.3.jar;D:\tools\repository\com\qcloud\cos_api\5.6.89\cos_api-5.6.89.jar;D:\tools\repository\org\apache\httpcomponents\httpclient\4.5.13\httpclient-4.5.13.jar;D:\tools\repository\org\apache\httpcomponents\httpcore\4.4.15\httpcore-4.4.15.jar;D:\tools\repository\commons-codec\commons-codec\1.15\commons-codec-1.15.jar;D:\tools\repository\joda-time\joda-time\2.9.9\joda-time-2.9.9.jar;D:\tools\repository\com\tencentcloudapi\tencentcloud-sdk-java-kms\3.1.213\tencentcloud-sdk-java-kms-3.1.213.jar;D:\tools\repository\com\tencentcloudapi\tencentcloud-sdk-java-common\3.1.213\tencentcloud-sdk-java-common-3.1.213.jar;D:\tools\repository\com\squareup\okhttp\logging-interceptor\2.7.5\logging-interceptor-2.7.5.jar;D:\tools\repository\com\squareup\okhttp\okhttp\2.7.5\okhttp-2.7.5.jar;D:\tools\repository\org\bouncycastle\bcprov-jdk15on\1.67\bcprov-jdk15on-1.67.jar;D:\tools\repository\org\apache\commons\commons-lang3\3.12.0\commons-lang3-3.12.0.jar;D:\tools\repository\com\google\code\gson\gson\2.9.1\gson-2.9.1.jar;D:\tools\repository\com\alibaba\fastjson\1.2.76\fastjson-1.2.76.jar;D:\tools\repository\com\alibaba\easyexcel\3.1.1\easyexcel-3.1.1.jar;D:\tools\repository\com\alibaba\easyexcel-core\3.1.1\easyexcel-core-3.1.1.jar;D:\tools\repository\com\alibaba\easyexcel-support\3.1.1\easyexcel-support-3.1.1.jar;D:\tools\repository\org\apache\poi\poi\4.1.2\poi-4.1.2.jar;D:\tools\repository\org\apache\commons\commons-collections4\4.4\commons-collections4-4.4.jar;D:\tools\repository\org\apache\commons\commons-math3\3.6.1\commons-math3-3.6.1.jar;D:\tools\repository\com\zaxxer\SparseBitSet\1.2\SparseBitSet-1.2.jar;D:\tools\repository\org\apache\poi\poi-ooxml\4.1.2\poi-ooxml-4.1.2.jar;D:\tools\repository\org\apache\commons\commons-compress\1.19\commons-compress-1.19.jar;D:\tools\repository\com\github\virtuald\curvesapi\1.06\curvesapi-1.06.jar;D:\tools\repository\org\apache\poi\poi-ooxml-schemas\4.1.2\poi-ooxml-schemas-4.1.2.jar;D:\tools\repository\org\apache\xmlbeans\xmlbeans\3.1.0\xmlbeans-3.1.0.jar;D:\tools\repository\org\apache\commons\commons-csv\1.8\commons-csv-1.8.jar;D:\tools\repository\org\ehcache\ehcache\3.10.0\ehcache-3.10.0.jar;D:\tools\repository\org\glassfish\jaxb\jaxb-runtime\2.3.6\jaxb-runtime-2.3.6.jar;D:\tools\repository\org\glassfish\jaxb\txw2\2.3.6\txw2-2.3.6.jar;D:\tools\repository\com\sun\istack\istack-commons-runtime\3.0.12\istack-commons-runtime-3.0.12.jar;D:\tools\repository\com\sun\activation\jakarta.activation\1.2.2\jakarta.activation-1.2.2.jar;D:\tools\repository\cn\hutool\hutool-all\5.8.8\hutool-all-5.8.8.jar;D:\tools\repository\com\google\zxing\core\3.4.1\core-3.4.1.jar;D:\tools\repository\org\springframework\boot\spring-boot-devtools\2.7.2\spring-boot-devtools-2.7.2.jar;D:\tools\repository\org\springframework\boot\spring-boot\2.7.2\spring-boot-2.7.2.jar;D:\tools\repository\mysql\mysql-connector-java\8.0.29\mysql-connector-java-8.0.29.jar;D:\tools\repository\org\springframework\boot\spring-boot-configuration-processor\2.7.2\spring-boot-configuration-processor-2.7.2.jar;D:\tools\repository\org\projectlombok\lombok\1.18.24\lombok-1.18.24.jar;D:\tools\repository\org\springframework\boot\spring-boot-starter-test\2.7.2\spring-boot-starter-test-2.7.2.jar;D:\tools\repository\org\springframework\boot\spring-boot-test\2.7.2\spring-boot-test-2.7.2.jar;D:\tools\repository\org\springframework\boot\spring-boot-test-autoconfigure\2.7.2\spring-boot-test-autoconfigure-2.7.2.jar;D:\tools\repository\com\jayway\jsonpath\json-path\2.7.0\json-path-2.7.0.jar;D:\tools\repository\net\minidev\json-smart\2.4.8\json-smart-2.4.8.jar;D:\tools\repository\net\minidev\accessors-smart\2.4.8\accessors-smart-2.4.8.jar;D:\tools\repository\org\ow2\asm\asm\9.1\asm-9.1.jar;D:\tools\repository\jakarta\xml\bind\jakarta.xml.bind-api\2.3.3\jakarta.xml.bind-api-2.3.3.jar;D:\tools\repository\jakarta\activation\jakarta.activation-api\1.2.2\jakarta.activation-api-1.2.2.jar;D:\tools\repository\org\assertj\assertj-core\3.22.0\assertj-core-3.22.0.jar;D:\tools\repository\org\hamcrest\hamcrest\2.2\hamcrest-2.2.jar;D:\tools\repository\org\junit\jupiter\junit-jupiter\5.8.2\junit-jupiter-5.8.2.jar;D:\tools\repository\org\junit\jupiter\junit-jupiter-api\5.8.2\junit-jupiter-api-5.8.2.jar;D:\tools\repository\org\opentest4j\opentest4j\1.2.0\opentest4j-1.2.0.jar;D:\tools\repository\org\junit\platform\junit-platform-commons\1.8.2\junit-platform-commons-1.8.2.jar;D:\tools\repository\org\apiguardian\apiguardian-api\1.1.2\apiguardian-api-1.1.2.jar;D:\tools\repository\org\junit\jupiter\junit-jupiter-params\5.8.2\junit-jupiter-params-5.8.2.jar;D:\tools\repository\org\junit\jupiter\junit-jupiter-engine\5.8.2\junit-jupiter-engine-5.8.2.jar;D:\tools\repository\org\junit\platform\junit-platform-engine\1.8.2\junit-platform-engine-1.8.2.jar;D:\tools\repository\org\mockito\mockito-core\4.5.1\mockito-core-4.5.1.jar;D:\tools\repository\net\bytebuddy\byte-buddy-agent\1.12.12\byte-buddy-agent-1.12.12.jar;D:\tools\repository\org\objenesis\objenesis\3.2\objenesis-3.2.jar;D:\tools\repository\org\mockito\mockito-junit-jupiter\4.5.1\mockito-junit-jupiter-4.5.1.jar;D:\tools\repository\org\skyscreamer\jsonassert\1.5.1\jsonassert-1.5.1.jar;D:\tools\repository\com\vaadin\external\google\android-json\0.0.20131108.vaadin1\android-json-0.0.20131108.vaadin1.jar;D:\tools\repository\org\springframework\spring-core\5.3.22\spring-core-5.3.22.jar;D:\tools\repository\org\springframework\spring-test\5.3.22\spring-test-5.3.22.jar;D:\tools\repository\org\xmlunit\xmlunit-core\2.9.0\xmlunit-core-2.9.0.jar;D:\tools\repository\top\panyuwen\gigotapi-client-sdk\0.0.3\gigotapi-client-sdk-0.0.3.jar;D:\tools\repository\org\apache\dubbo\dubbo\3.0.9\dubbo-3.0.9.jar;D:\tools\repository\org\springframework\spring-context\5.3.22\spring-context-5.3.22.jar;D:\tools\repository\com\alibaba\spring\spring-context-support\1.0.8\spring-context-support-1.0.8.jar;D:\tools\repository\org\javassist\javassist\3.28.0-GA\javassist-3.28.0-GA.jar;D:\tools\repository\io\netty\netty-all\4.1.79.Final\netty-all-4.1.79.Final.jar;D:\tools\repository\io\netty\netty-codec-haproxy\4.1.79.Final\netty-codec-haproxy-4.1.79.Final.jar;D:\tools\repository\io\netty\netty-codec-http\4.1.79.Final\netty-codec-http-4.1.79.Final.jar;D:\tools\repository\io\netty\netty-codec-http2\4.1.79.Final\netty-codec-http2-4.1.79.Final.jar;D:\tools\repository\io\netty\netty-codec-memcache\4.1.79.Final\netty-codec-memcache-4.1.79.Final.jar;D:\tools\repository\io\netty\netty-codec-mqtt\4.1.79.Final\netty-codec-mqtt-4.1.79.Final.jar;D:\tools\repository\io\netty\netty-codec-redis\4.1.79.Final\netty-codec-redis-4.1.79.Final.jar;D:\tools\repository\io\netty\netty-codec-smtp\4.1.79.Final\netty-codec-smtp-4.1.79.Final.jar;D:\tools\repository\io\netty\netty-codec-socks\4.1.79.Final\netty-codec-socks-4.1.79.Final.jar;D:\tools\repository\io\netty\netty-codec-stomp\4.1.79.Final\netty-codec-stomp-4.1.79.Final.jar;D:\tools\repository\io\netty\netty-codec-xml\4.1.79.Final\netty-codec-xml-4.1.79.Final.jar;D:\tools\repository\io\netty\netty-handler-proxy\4.1.79.Final\netty-handler-proxy-4.1.79.Final.jar;D:\tools\repository\io\netty\netty-transport-rxtx\4.1.79.Final\netty-transport-rxtx-4.1.79.Final.jar;D:\tools\repository\io\netty\netty-transport-sctp\4.1.79.Final\netty-transport-sctp-4.1.79.Final.jar;D:\tools\repository\io\netty\netty-transport-udt\4.1.79.Final\netty-transport-udt-4.1.79.Final.jar;D:\tools\repository\io\netty\netty-transport-classes-epoll\4.1.79.Final\netty-transport-classes-epoll-4.1.79.Final.jar;D:\tools\repository\io\netty\netty-transport-classes-kqueue\4.1.79.Final\netty-transport-classes-kqueue-4.1.79.Final.jar;D:\tools\repository\io\netty\netty-resolver-dns-classes-macos\4.1.79.Final\netty-resolver-dns-classes-macos-4.1.79.Final.jar;D:\tools\repository\io\netty\netty-transport-native-epoll\4.1.79.Final\netty-transport-native-epoll-4.1.79.Final-linux-x86_64.jar;D:\tools\repository\io\netty\netty-transport-native-epoll\4.1.79.Final\netty-transport-native-epoll-4.1.79.Final-linux-aarch_64.jar;D:\tools\repository\io\netty\netty-transport-native-kqueue\4.1.79.Final\netty-transport-native-kqueue-4.1.79.Final-osx-x86_64.jar;D:\tools\repository\io\netty\netty-transport-native-kqueue\4.1.79.Final\netty-transport-native-kqueue-4.1.79.Final-osx-aarch_64.jar;D:\tools\repository\io\netty\netty-resolver-dns-native-macos\4.1.79.Final\netty-resolver-dns-native-macos-4.1.79.Final-osx-x86_64.jar;D:\tools\repository\io\netty\netty-resolver-dns-native-macos\4.1.79.Final\netty-resolver-dns-native-macos-4.1.79.Final-osx-aarch_64.jar;D:\tools\repository\org\yaml\snakeyaml\1.30\snakeyaml-1.30.jar;D:\tools\repository\com\alibaba\nacos\nacos-client\2.1.0\nacos-client-2.1.0.jar;D:\tools\repository\com\alibaba\nacos\nacos-auth-plugin\2.1.0\nacos-auth-plugin-2.1.0.jar;D:\tools\repository\com\alibaba\nacos\nacos-encryption-plugin\2.1.0\nacos-encryption-plugin-2.1.0.jar;D:\tools\repository\org\apache\httpcomponents\httpasyncclient\4.1.5\httpasyncclient-4.1.5.jar;D:\tools\repository\org\apache\httpcomponents\httpcore-nio\4.4.15\httpcore-nio-4.4.15.jar;D:\tools\repository\io\prometheus\simpleclient\0.15.0\simpleclient-0.15.0.jar;D:\tools\repository\io\prometheus\simpleclient_tracer_otel\0.15.0\simpleclient_tracer_otel-0.15.0.jar;D:\tools\repository\io\prometheus\simpleclient_tracer_common\0.15.0\simpleclient_tracer_common-0.15.0.jar;D:\tools\repository\io\prometheus\simpleclient_tracer_otel_agent\0.15.0\simpleclient_tracer_otel_agent-0.15.0.jar;D:\tools\repository\com\tencentcloudapi\tencentcloud-sdk-java\3.1.764\tencentcloud-sdk-java-3.1.764.jar;D:\tools\repository\commons-logging\commons-logging\1.2\commons-logging-1.2.jar;D:\tools\repository\javax\xml\bind\jaxb-api\2.3.1\jaxb-api-2.3.1.jar;D:\tools\repository\javax\activation\javax.activation-api\1.2.0\javax.activation-api-1.2.0.jar;D:\tools\repository\com\squareup\okhttp3\logging-interceptor\4.9.3\logging-interceptor-4.9.3.jar;D:\tools\repository\org\ini4j\ini4j\0.5.4\ini4j-0.5.4.jar;D:\tools\repository\com\github\wechatpay-apiv3\wechatpay-java\0.2.12\wechatpay-java-0.2.12.jar;D:\tools\repository\com\github\wechatpay-apiv3\wechatpay-java-core\0.2.12\wechatpay-java-core-0.2.12.jar;D:\tools\repository\com\squareup\okhttp3\okhttp\3.10.0\okhttp-3.10.0.jar;D:\tools\repository\com\squareup\okio\okio\1.13.0\okio-1.13.0.jar;D:\tools\repository\javax\activation\activation\1.1.1\activation-1.1.1.jar;D:\tools\repository\javax\mail\mail\1.4.7\mail-1.4.7.jar;D:\tools\repository\org\apache\commons\commons-email\1.4\commons-email-1.4.jar;D:\tools\repository\com\sun\mail\javax.mail\1.5.2\javax.mail-1.5.2.jar;"/>
    <property name="sun.cpu.endian" value="little"/>
    <property name="user.home" value="C:\Users\86150"/>
    <property name="user.language" value="zh"/>
    <property name="java.specification.vendor" value="Oracle Corporation"/>
    <property name="java.home" value="D:\Environment\Java\jdk1.8.0_221\jre"/>
    <property name="basedir" value="D:\文件下载\gigot-api-main\gigot-api-main\gigotapi\gigotapi-backend"/>
    <property name="file.separator" value="\"/>
    <property name="line.separator" value="&#10;"/>
    <property name="java.vm.specification.vendor" value="Oracle Corporation"/>
    <property name="java.specification.name" value="Java Platform API Specification"/>
    <property name="FILE_LOG_CHARSET" value="GBK"/>
    <property name="java.awt.graphicsenv" value="sun.awt.Win32GraphicsEnvironment"/>
    <property name="java.awt.headless" value="true"/>
    <property name="surefire.real.class.path" value="C:\Users\86150\AppData\Local\Temp\surefire5591983871540530604\surefirebooter-20250505130830300_3.jar"/>
    <property name="sun.boot.class.path" value="D:\Environment\Java\jdk1.8.0_221\jre\lib\resources.jar;D:\Environment\Java\jdk1.8.0_221\jre\lib\rt.jar;D:\Environment\Java\jdk1.8.0_221\jre\lib\sunrsasign.jar;D:\Environment\Java\jdk1.8.0_221\jre\lib\jsse.jar;D:\Environment\Java\jdk1.8.0_221\jre\lib\jce.jar;D:\Environment\Java\jdk1.8.0_221\jre\lib\charsets.jar;D:\Environment\Java\jdk1.8.0_221\jre\lib\jfr.jar;D:\Environment\Java\jdk1.8.0_221\jre\classes"/>
    <property name="user.script" value=""/>
    <property name="JM.LOG.PATH" value="C:\Users\86150\logs"/>
    <property name="sun.management.compiler" value="HotSpot 64-Bit Tiered Compilers"/>
    <property name="java.runtime.version" value="1.8.0_221-b11"/>
    <property name="user.name" value="86150"/>
    <property name="path.separator" value=";"/>
    <property name="os.version" value="10.0"/>
    <property name="java.endorsed.dirs" value="D:\Environment\Java\jdk1.8.0_221\jre\lib\endorsed"/>
    <property name="java.runtime.name" value="Java(TM) SE Runtime Environment"/>
    <property name="file.encoding" value="GBK"/>
    <property name="spring.beaninfo.ignore" value="true"/>
    <property name="sun.nio.ch.bugLevel" value=""/>
    <property name="java.vm.name" value="Java HotSpot(TM) 64-Bit Server VM"/>
    <property name="localRepository" value="D:\tools\repository"/>
    <property name="java.vendor.url.bug" value="http://bugreport.sun.com/bugreport/"/>
    <property name="java.io.tmpdir" value="C:\Users\86150\AppData\Local\Temp\"/>
    <property name="idea.version" value="2023.2.3"/>
    <property name="java.version" value="1.8.0_221"/>
    <property name="user.dir" value="D:\文件下载\gigot-api-main\gigot-api-main\gigotapi\gigotapi-backend"/>
    <property name="os.arch" value="amd64"/>
    <property name="java.vm.specification.name" value="Java Virtual Machine Specification"/>
    <property name="PID" value="31524"/>
    <property name="java.awt.printerjob" value="sun.awt.windows.WPrinterJob"/>
    <property name="sun.os.patch.level" value=""/>
    <property name="CONSOLE_LOG_CHARSET" value="GBK"/>
    <property name="java.library.path" value="D:\Environment\Java\jdk1.8.0_221\jre\bin;C:\Windows\Sun\Java\bin;C:\Windows\system32;C:\Windows;C:\Program Files\Common Files\Oracle\Java\javapath;D:\candao\ZenTao\zbox\nssm\win64;D:\VM\bin\;D:\ssh\OpenSSH-Win64;C:\Windows\system32;C:\Windows;C:\Windows\System32\Wbem;C:\Windows\System32\WindowsPowerShell\v1.0\;C:\Windows\System32\OpenSSH\;D:\software\camke\bin;D:\software\CodeBlocks;D:\openssh\bin;D:\xshell\;D:\software\WinSCP\;D:\software\;D:\wenjianxiazai\MATLAB R2018a\runtime\win64;D:\wenjianxiazai\MATLAB R2018a\bin;D:\LINGO64_15\;D:\LINGO64_18\;D:\software\git\Git\cmd;D:\mingw64\bin;C:\Program Files\Google\Chrome\Application;C:\Program Files\Google\Chrome\Application\chromedriver-win64\chromedriver-win64;D:\tomcat\apache-tomcat-9.0.91\bin;D:\tomcat\apache-tomcat-9.0.91\lib;D:\software\Microsoft VS;D:\software\apache-jmeter-5.6.3\apache-jmeter-5.6.3\bin;D:\toroiseGit\bin;D:\python\Python312;D:\tools\apache-maven-3.9.9\bin;D:\tools\spark-2.4.3-bin-hadoop2.7\bin;D:\tools\scala\scala-2.12.11\bin;D:\tools\hadoop\hadoop-3.2.2\hadoop-3.2.2\bin\winutils.exe;D:\python\Python312\Scripts;&quot;D:\Environment\Java\jdk1.8.0_221\bin;D:\Environment\Java\jdk1.8.0_221\jre\bin;&quot;;C:\Program Files\MySQL\MySQL Shell 8.0\bin;D:\Ollama\;D:\tools\nvm;D:\tools\nvm4w\nodejs;D:\tools\nvm\node_global\node_modules\yarn\bin;C:\Program Files\MySQL\MySQL Shell 8.0\bin\;C:\Users\86150\AppData\Local\Microsoft\WindowsApps;D:\software\Microsoft VS Code\bin;D:\software\PyCharm 2023.2.4\bin;;D:\software\IntelliJ IDEA 2023.2.3\bin;;&quot;D:\Environment\Java\jdk1.8.0_221\bin;D:\Environment\Java\jdk1.8.0_221\jre\bin;&quot;;D:\software\DevEco Studio\bin;;C:\Users\86150\AppData\Local\Programs\Ollama;D:\software\WebStorm 2024.3.5\bin;;D:\tools\nvm;D:\tools\nvm4w\nodejs;."/>
    <property name="java.vm.info" value="mixed mode"/>
    <property name="java.vendor" value="Oracle Corporation"/>
    <property name="java.vm.version" value="25.221-b11"/>
    <property name="java.ext.dirs" value="D:\Environment\Java\jdk1.8.0_221\jre\lib\ext;C:\Windows\Sun\Java\lib\ext"/>
    <property name="sun.io.unicode.encoding" value="UnicodeLittle"/>
    <property name="maven.repo.local" value="D:\tools\repository"/>
    <property name="java.class.version" value="52.0"/>
  </properties>
  <testcase name="contextLoads" classname="top.panyuwen.gigotapibackend.MainApplicationTests" time="0.232">
    <system-out><![CDATA[13:08:30.993 [main] DEBUG org.springframework.test.context.BootstrapUtils - Instantiating CacheAwareContextLoaderDelegate from class [org.springframework.test.context.cache.DefaultCacheAwareContextLoaderDelegate]
13:08:31.000 [main] DEBUG org.springframework.test.context.BootstrapUtils - Instantiating BootstrapContext using constructor [public org.springframework.test.context.support.DefaultBootstrapContext(java.lang.Class,org.springframework.test.context.CacheAwareContextLoaderDelegate)]
13:08:31.027 [main] DEBUG org.springframework.test.context.BootstrapUtils - Instantiating TestContextBootstrapper for test class [top.panyuwen.gigotapibackend.MainApplicationTests] from class [org.springframework.boot.test.context.SpringBootTestContextBootstrapper]
13:08:31.036 [main] INFO org.springframework.boot.test.context.SpringBootTestContextBootstrapper - Neither @ContextConfiguration nor @ContextHierarchy found for test class [top.panyuwen.gigotapibackend.MainApplicationTests], using SpringBootContextLoader
13:08:31.038 [main] DEBUG org.springframework.test.context.support.AbstractContextLoader - Did not detect default resource location for test class [top.panyuwen.gigotapibackend.MainApplicationTests]: class path resource [top/panyuwen/gigotapibackend/MainApplicationTests-context.xml] does not exist
13:08:31.039 [main] DEBUG org.springframework.test.context.support.AbstractContextLoader - Did not detect default resource location for test class [top.panyuwen.gigotapibackend.MainApplicationTests]: class path resource [top/panyuwen/gigotapibackend/MainApplicationTestsContext.groovy] does not exist
13:08:31.039 [main] INFO org.springframework.test.context.support.AbstractContextLoader - Could not detect default resource locations for test class [top.panyuwen.gigotapibackend.MainApplicationTests]: no resource found for suffixes {-context.xml, Context.groovy}.
13:08:31.039 [main] INFO org.springframework.test.context.support.AnnotationConfigContextLoaderUtils - Could not detect default configuration classes for test class [top.panyuwen.gigotapibackend.MainApplicationTests]: MainApplicationTests does not declare any static, non-private, non-final, nested classes annotated with @Configuration.
13:08:31.076 [main] DEBUG org.springframework.test.context.support.ActiveProfilesUtils - Could not find an 'annotation declaring class' for annotation type [org.springframework.test.context.ActiveProfiles] and class [top.panyuwen.gigotapibackend.MainApplicationTests]
13:08:31.146 [main] DEBUG org.springframework.context.annotation.ClassPathScanningCandidateComponentProvider - Identified candidate component class: file [D:\文件下载\gigot-api-main\gigot-api-main\gigotapi\gigotapi-backend\target\classes\top\panyuwen\gigotapibackend\GigotApiApplication.class]
13:08:31.147 [main] INFO org.springframework.boot.test.context.SpringBootTestContextBootstrapper - Found @SpringBootConfiguration top.panyuwen.gigotapibackend.GigotApiApplication for test class top.panyuwen.gigotapibackend.MainApplicationTests
13:08:31.240 [main] DEBUG org.springframework.boot.test.context.SpringBootTestContextBootstrapper - @TestExecutionListeners is not present for class [top.panyuwen.gigotapibackend.MainApplicationTests]: using defaults.
13:08:31.241 [main] INFO org.springframework.boot.test.context.SpringBootTestContextBootstrapper - Loaded default TestExecutionListener class names from location [META-INF/spring.factories]: [org.springframework.boot.test.mock.mockito.MockitoTestExecutionListener, org.springframework.boot.test.mock.mockito.ResetMocksTestExecutionListener, org.springframework.boot.test.autoconfigure.restdocs.RestDocsTestExecutionListener, org.springframework.boot.test.autoconfigure.web.client.MockRestServiceServerResetTestExecutionListener, org.springframework.boot.test.autoconfigure.web.servlet.MockMvcPrintOnlyOnFailureTestExecutionListener, org.springframework.boot.test.autoconfigure.web.servlet.WebDriverTestExecutionListener, org.springframework.boot.test.autoconfigure.webservices.client.MockWebServiceServerTestExecutionListener, org.springframework.test.context.web.ServletTestExecutionListener, org.springframework.test.context.support.DirtiesContextBeforeModesTestExecutionListener, org.springframework.test.context.event.ApplicationEventsTestExecutionListener, org.springframework.test.context.support.DependencyInjectionTestExecutionListener, org.springframework.test.context.support.DirtiesContextTestExecutionListener, org.springframework.test.context.transaction.TransactionalTestExecutionListener, org.springframework.test.context.jdbc.SqlScriptsTestExecutionListener, org.springframework.test.context.event.EventPublishingTestExecutionListener]
13:08:31.254 [main] INFO org.springframework.boot.test.context.SpringBootTestContextBootstrapper - Using TestExecutionListeners: [org.springframework.test.context.web.ServletTestExecutionListener@3697186, org.springframework.test.context.support.DirtiesContextBeforeModesTestExecutionListener@1583741e, org.springframework.test.context.event.ApplicationEventsTestExecutionListener@5b367418, org.springframework.boot.test.mock.mockito.MockitoTestExecutionListener@36060e, org.springframework.boot.test.autoconfigure.SpringBootDependencyInjectionTestExecutionListener@481ba2cf, org.springframework.test.context.support.DirtiesContextTestExecutionListener@46b61c56, org.springframework.test.context.transaction.TransactionalTestExecutionListener@2e48362c, org.springframework.test.context.jdbc.SqlScriptsTestExecutionListener@1efe439d, org.springframework.test.context.event.EventPublishingTestExecutionListener@be68757, org.springframework.boot.test.mock.mockito.ResetMocksTestExecutionListener@7d446ed1, org.springframework.boot.test.autoconfigure.restdocs.RestDocsTestExecutionListener@12d2ce03, org.springframework.boot.test.autoconfigure.web.client.MockRestServiceServerResetTestExecutionListener@7e5c856f, org.springframework.boot.test.autoconfigure.web.servlet.MockMvcPrintOnlyOnFailureTestExecutionListener@413f69cc, org.springframework.boot.test.autoconfigure.web.servlet.WebDriverTestExecutionListener@1f53a5dc, org.springframework.boot.test.autoconfigure.webservices.client.MockWebServiceServerTestExecutionListener@1b75c2e3]
13:08:31.257 [main] DEBUG org.springframework.test.context.support.AbstractDirtiesContextTestExecutionListener - Before test class: context [DefaultTestContext@3e6104fc testClass = MainApplicationTests, testInstance = [null], testMethod = [null], testException = [null], mergedContextConfiguration = [WebMergedContextConfiguration@12359a82 testClass = MainApplicationTests, locations = '{}', classes = '{class top.panyuwen.gigotapibackend.GigotApiApplication}', contextInitializerClasses = '[]', activeProfiles = '{}', propertySourceLocations = '{}', propertySourceProperties = '{org.springframework.boot.test.context.SpringBootTestContextBootstrapper=true}', contextCustomizers = set[org.springframework.boot.test.context.filter.ExcludeFilterContextCustomizer@3c73951, org.springframework.boot.test.json.DuplicateJsonObjectContextCustomizerFactory$DuplicateJsonObjectContextCustomizer@10d307f1, org.springframework.boot.test.mock.mockito.MockitoContextCustomizer@0, org.springframework.boot.test.web.client.TestRestTemplateContextCustomizer@16610890, org.springframework.boot.test.autoconfigure.actuate.metrics.MetricsExportContextCustomizerFactory$DisableMetricExportContextCustomizer@4d0f2471, org.springframework.boot.test.autoconfigure.properties.PropertyMappingContextCustomizer@0, org.springframework.boot.test.autoconfigure.web.servlet.WebDriverContextCustomizerFactory$Customizer@66d3eec0, org.springframework.boot.test.context.SpringBootTestArgs@1, org.springframework.boot.test.context.SpringBootTestWebEnvironment@6366ebe0], resourceBasePath = 'src/main/webapp', contextLoader = 'org.springframework.boot.test.context.SpringBootContextLoader', parent = [null]], attributes = map['org.springframework.test.context.web.ServletTestExecutionListener.activateListener' -> true]], class annotated with @DirtiesContext [false] with mode [null].
by Gigot
个人博客：https://panyw-git.gitee.io/
个人网站：http://www.panyuwen.top/
2025-05-05 13:08:31.635  INFO 31524 --- [           main] t.p.g.MainApplicationTests               : Starting MainApplicationTests using Java 1.8.0_221 on R1 with PID 31524 (started by 86150 in D:\文件下载\gigot-api-main\gigot-api-main\gigotapi\gigotapi-backend)
2025-05-05 13:08:31.636  INFO 31524 --- [           main] t.p.g.MainApplicationTests               : No active profile set, falling back to 1 default profile: "default"
2025-05-05 13:08:32.730  INFO 31524 --- [           main] o.apache.dubbo.rpc.model.FrameworkModel  :  [DUBBO] Reset global default framework from null to Dubbo Framework[1], dubbo version: 3.0.9, current host: 192.168.56.1
2025-05-05 13:08:32.730  INFO 31524 --- [           main] o.apache.dubbo.rpc.model.FrameworkModel  :  [DUBBO] Dubbo Framework[1] is created, dubbo version: 3.0.9, current host: 192.168.56.1
2025-05-05 13:08:32.761  INFO 31524 --- [           main] o.a.dubbo.rpc.model.ApplicationModel     :  [DUBBO] Dubbo Application[1.0](unknown) is created, dubbo version: 3.0.9, current host: 192.168.56.1
2025-05-05 13:08:32.762  INFO 31524 --- [           main] org.apache.dubbo.rpc.model.ScopeModel    :  [DUBBO] Dubbo Module[1.0.0] is created, dubbo version: 3.0.9, current host: 192.168.56.1
2025-05-05 13:08:32.816  INFO 31524 --- [           main] o.a.d.c.context.AbstractConfigManager    :  [DUBBO] Config settings: {dubbo.config.mode=STRICT, dubbo.config.ignore-duplicated-interface=false}, dubbo version: 3.0.9, current host: 192.168.56.1
2025-05-05 13:08:32.817  INFO 31524 --- [           main] o.a.d.c.context.AbstractConfigManager    :  [DUBBO] Config settings: {dubbo.config.mode=STRICT, dubbo.config.ignore-duplicated-interface=false}, dubbo version: 3.0.9, current host: 192.168.56.1
2025-05-05 13:08:32.873  INFO 31524 --- [           main] o.apache.dubbo.rpc.model.FrameworkModel  :  [DUBBO] Reset global default application from null to Dubbo Application[1.1](unknown), dubbo version: 3.0.9, current host: 192.168.56.1
2025-05-05 13:08:32.873  INFO 31524 --- [           main] o.a.dubbo.rpc.model.ApplicationModel     :  [DUBBO] Dubbo Application[1.1](unknown) is created, dubbo version: 3.0.9, current host: 192.168.56.1
2025-05-05 13:08:32.873  INFO 31524 --- [           main] org.apache.dubbo.rpc.model.ScopeModel    :  [DUBBO] Dubbo Module[1.1.0] is created, dubbo version: 3.0.9, current host: 192.168.56.1
2025-05-05 13:08:32.880  INFO 31524 --- [           main] o.a.d.c.context.AbstractConfigManager    :  [DUBBO] Config settings: {dubbo.config.mode=STRICT, dubbo.config.ignore-duplicated-interface=false}, dubbo version: 3.0.9, current host: 192.168.56.1
2025-05-05 13:08:32.880  INFO 31524 --- [           main] o.a.d.c.context.AbstractConfigManager    :  [DUBBO] Config settings: {dubbo.config.mode=STRICT, dubbo.config.ignore-duplicated-interface=false}, dubbo version: 3.0.9, current host: 192.168.56.1
2025-05-05 13:08:32.890  INFO 31524 --- [           main] o.a.d.c.s.c.DubboSpringInitializer       :  [DUBBO] Use default application: Dubbo Application[1.1](unknown), dubbo version: 3.0.9, current host: 192.168.56.1
2025-05-05 13:08:32.891  INFO 31524 --- [           main] org.apache.dubbo.rpc.model.ScopeModel    :  [DUBBO] Dubbo Module[1.1.1] is created, dubbo version: 3.0.9, current host: 192.168.56.1
2025-05-05 13:08:32.896  INFO 31524 --- [           main] o.a.d.c.context.AbstractConfigManager    :  [DUBBO] Config settings: {dubbo.config.mode=STRICT, dubbo.config.ignore-duplicated-interface=false}, dubbo version: 3.0.9, current host: 192.168.56.1
2025-05-05 13:08:32.900  INFO 31524 --- [           main] o.a.d.c.s.c.DubboSpringInitializer       :  [DUBBO] Use default module model of target application: Dubbo Module[1.1.1], dubbo version: 3.0.9, current host: 192.168.56.1
2025-05-05 13:08:32.900  INFO 31524 --- [           main] o.a.d.c.s.c.DubboSpringInitializer       :  [DUBBO] Bind Dubbo Module[1.1.1] to spring container: org.springframework.beans.factory.support.DefaultListableBeanFactory@324dcd31, dubbo version: 3.0.9, current host: 192.168.56.1
2025-05-05 13:08:33.226  INFO 31524 --- [           main] .s.d.r.c.RepositoryConfigurationDelegate : Multiple Spring Data modules found, entering strict repository configuration mode
2025-05-05 13:08:33.229  INFO 31524 --- [           main] .s.d.r.c.RepositoryConfigurationDelegate : Bootstrapping Spring Data Elasticsearch repositories in DEFAULT mode.
2025-05-05 13:08:33.255  INFO 31524 --- [           main] .s.d.r.c.RepositoryConfigurationDelegate : Finished Spring Data repository scanning in 22 ms. Found 0 Elasticsearch repository interfaces.
2025-05-05 13:08:33.260  INFO 31524 --- [           main] .s.d.r.c.RepositoryConfigurationDelegate : Multiple Spring Data modules found, entering strict repository configuration mode
2025-05-05 13:08:33.261  INFO 31524 --- [           main] .s.d.r.c.RepositoryConfigurationDelegate : Bootstrapping Spring Data Reactive Elasticsearch repositories in DEFAULT mode.
2025-05-05 13:08:33.269  INFO 31524 --- [           main] .s.d.r.c.RepositoryConfigurationDelegate : Finished Spring Data repository scanning in 7 ms. Found 0 Reactive Elasticsearch repository interfaces.
2025-05-05 13:08:33.282  INFO 31524 --- [           main] .s.d.r.c.RepositoryConfigurationDelegate : Multiple Spring Data modules found, entering strict repository configuration mode
2025-05-05 13:08:33.284  INFO 31524 --- [           main] .s.d.r.c.RepositoryConfigurationDelegate : Bootstrapping Spring Data Redis repositories in DEFAULT mode.
2025-05-05 13:08:33.295  INFO 31524 --- [           main] .s.d.r.c.RepositoryConfigurationDelegate : Finished Spring Data repository scanning in 6 ms. Found 0 Redis repository interfaces.
2025-05-05 13:08:33.472  WARN 31524 --- [           main] o.m.s.mapper.ClassPathMapperScanner      : No MyBatis mapper was found in '[com.yupi.springbootinit.mapper]' package. Please check your configuration.
2025-05-05 13:08:33.480  INFO 31524 --- [           main] c.s.b.f.a.ServiceAnnotationPostProcessor :  [DUBBO] BeanNameGenerator bean can't be found in BeanFactory with name [org.springframework.context.annotation.internalConfigurationBeanNameGenerator], dubbo version: 3.0.9, current host: 192.168.56.1
2025-05-05 13:08:33.480  INFO 31524 --- [           main] c.s.b.f.a.ServiceAnnotationPostProcessor :  [DUBBO] BeanNameGenerator will be a instance of org.springframework.context.annotation.AnnotationBeanNameGenerator , it maybe a potential problem on bean name generation., dubbo version: 3.0.9, current host: 192.168.56.1
2025-05-05 13:08:33.485  INFO 31524 --- [           main] c.s.b.f.a.ServiceAnnotationPostProcessor :  [DUBBO] Found 4 classes annotated by Dubbo @Service under package [top.panyuwen.gigotapibackend]: [top.panyuwen.gigotapibackend.service.impl.inner.InnerInterfaceInfoServiceImpl, top.panyuwen.gigotapibackend.service.impl.inner.InnerInterfaceLogServiceImpl, top.panyuwen.gigotapibackend.service.impl.inner.InnerUserInterfaceInfoServiceImpl, top.panyuwen.gigotapibackend.service.impl.inner.InnerUserServiceImpl], dubbo version: 3.0.9, current host: 192.168.56.1
2025-05-05 13:08:33.495  INFO 31524 --- [           main] c.s.b.f.a.ServiceAnnotationPostProcessor :  [DUBBO] Register ServiceBean[ServiceBean:top.panyuwen.gigotapicommon.service.InnerInterfaceInfoService]: Root bean: class [org.apache.dubbo.config.spring.ServiceBean]; scope=; abstract=false; lazyInit=null; autowireMode=0; dependencyCheck=0; autowireCandidate=true; primary=false; factoryBeanName=null; factoryMethodName=null; initMethodName=null; destroyMethodName=null, dubbo version: 3.0.9, current host: 192.168.56.1
2025-05-05 13:08:33.496  INFO 31524 --- [           main] c.s.b.f.a.ServiceAnnotationPostProcessor :  [DUBBO] Register ServiceBean[ServiceBean:top.panyuwen.gigotapicommon.service.InnerInterfaceLogService]: Root bean: class [org.apache.dubbo.config.spring.ServiceBean]; scope=; abstract=false; lazyInit=null; autowireMode=0; dependencyCheck=0; autowireCandidate=true; primary=false; factoryBeanName=null; factoryMethodName=null; initMethodName=null; destroyMethodName=null, dubbo version: 3.0.9, current host: 192.168.56.1
2025-05-05 13:08:33.497  INFO 31524 --- [           main] c.s.b.f.a.ServiceAnnotationPostProcessor :  [DUBBO] Register ServiceBean[ServiceBean:top.panyuwen.gigotapicommon.service.InnerUserInterfaceInfoService]: Root bean: class [org.apache.dubbo.config.spring.ServiceBean]; scope=; abstract=false; lazyInit=null; autowireMode=0; dependencyCheck=0; autowireCandidate=true; primary=false; factoryBeanName=null; factoryMethodName=null; initMethodName=null; destroyMethodName=null, dubbo version: 3.0.9, current host: 192.168.56.1
2025-05-05 13:08:33.498  INFO 31524 --- [           main] c.s.b.f.a.ServiceAnnotationPostProcessor :  [DUBBO] Register ServiceBean[ServiceBean:top.panyuwen.gigotapicommon.service.InnerUserService]: Root bean: class [org.apache.dubbo.config.spring.ServiceBean]; scope=; abstract=false; lazyInit=null; autowireMode=0; dependencyCheck=0; autowireCandidate=true; primary=false; factoryBeanName=null; factoryMethodName=null; initMethodName=null; destroyMethodName=null, dubbo version: 3.0.9, current host: 192.168.56.1
2025-05-05 13:08:34.367  INFO 31524 --- [           main] f.a.ReferenceAnnotationBeanPostProcessor : class org.apache.dubbo.config.spring.beans.factory.annotation.ReferenceAnnotationBeanPostProcessor was destroying!
2025-05-05 13:08:34.852  INFO 31524 --- [           main] o.a.d.c.s.c.DubboConfigBeanInitializer   : loading dubbo config beans ...
2025-05-05 13:08:34.856  INFO 31524 --- [           main] o.a.d.c.s.c.DubboConfigBeanInitializer   : dubbo config beans are loaded.
2025-05-05 13:08:34.905  INFO 31524 --- [           main] o.a.d.c.d.DefaultApplicationDeployer     :  [DUBBO] No value is configured in the registry, the DynamicConfigurationFactory extension[name : nacos] supports as the config center, dubbo version: 3.0.9, current host: 192.168.56.1
2025-05-05 13:08:34.905  INFO 31524 --- [           main] o.a.d.c.d.DefaultApplicationDeployer     :  [DUBBO] The registry[<dubbo:registry id="nacos-registry" address="nacos://localhost:8848" protocol="nacos" port="8848" />] will be used as the config center, dubbo version: 3.0.9, current host: 192.168.56.1
2025-05-05 13:08:34.909  INFO 31524 --- [           main] o.a.d.c.d.DefaultApplicationDeployer     :  [DUBBO] use registry as config-center: <dubbo:config-center highestPriority="false" id="config-center-nacos-localhost-8848" address="nacos://localhost:8848" protocol="nacos" port="8848" />, dubbo version: 3.0.9, current host: 192.168.56.1
2025-05-05 13:08:35.224  INFO 31524 --- [           main] c.a.n.p.a.s.c.ClientAuthPluginManager    : [ClientAuthPluginManager] Load ClientAuthService com.alibaba.nacos.client.auth.impl.NacosClientAuthServiceImpl success.
2025-05-05 13:08:35.224  INFO 31524 --- [           main] c.a.n.p.a.s.c.ClientAuthPluginManager    : [ClientAuthPluginManager] Load ClientAuthService com.alibaba.nacos.client.auth.ram.RamClientAuthServiceImpl success.
2025-05-05 13:08:36.942  WARN 31524 --- [           main] o.a.d.common.config.ConfigurationUtils   :  [DUBBO] Config center was specified, but no config item found., dubbo version: 3.0.9, current host: 192.168.56.1
2025-05-05 13:08:36.942  WARN 31524 --- [           main] o.a.d.common.config.ConfigurationUtils   :  [DUBBO] Config center was specified, but no config item found., dubbo version: 3.0.9, current host: 192.168.56.1
2025-05-05 13:08:36.970  INFO 31524 --- [           main] o.a.d.c.deploy.DefaultModuleDeployer     :  [DUBBO] Dubbo Module[1.1.0] has been initialized!, dubbo version: 3.0.9, current host: 192.168.56.1
2025-05-05 13:08:36.973  INFO 31524 --- [           main] o.a.d.c.deploy.DefaultModuleDeployer     :  [DUBBO] Dubbo Module[1.1.1] has been initialized!, dubbo version: 3.0.9, current host: 192.168.56.1
2025-05-05 13:08:36.978  INFO 31524 --- [           main] o.a.d.c.d.DefaultApplicationDeployer     :  [DUBBO] No value is configured in the registry, the MetadataReportFactory extension[name : nacos] supports as the metadata center, dubbo version: 3.0.9, current host: 192.168.56.1
2025-05-05 13:08:36.978  INFO 31524 --- [           main] o.a.d.c.d.DefaultApplicationDeployer     :  [DUBBO] The registry[<dubbo:registry id="nacos-registry" address="nacos://localhost:8848" protocol="nacos" port="8848" />] will be used as the metadata center, dubbo version: 3.0.9, current host: 192.168.56.1
2025-05-05 13:08:36.980  INFO 31524 --- [           main] o.a.d.c.d.DefaultApplicationDeployer     :  [DUBBO] use registry as metadata-center: <dubbo:metadata-report id="nacos-registry" address="nacos://localhost:8848" protocol="nacos" port="8848" />, dubbo version: 3.0.9, current host: 192.168.56.1
2025-05-05 13:08:37.079  INFO 31524 --- [           main] c.a.n.p.a.s.c.ClientAuthPluginManager    : [ClientAuthPluginManager] Load ClientAuthService com.alibaba.nacos.client.auth.impl.NacosClientAuthServiceImpl success.
2025-05-05 13:08:37.079  INFO 31524 --- [           main] c.a.n.p.a.s.c.ClientAuthPluginManager    : [ClientAuthPluginManager] Load ClientAuthService com.alibaba.nacos.client.auth.ram.RamClientAuthServiceImpl success.
2025-05-05 13:08:37.080  INFO 31524 --- [           main] o.a.d.c.d.DefaultApplicationDeployer     :  [DUBBO] Dubbo Application[1.1](dubbo-springboot-demo-provider) has been initialized!, dubbo version: 3.0.9, current host: 192.168.56.1
Logging initialized using 'class org.apache.ibatis.logging.stdout.StdOutImpl' adapter.
Registered plugin: 'com.baomidou.mybatisplus.extension.plugins.MybatisPlusInterceptor@32c08610'
Parsed mapper file: 'file [D:\文件下载\gigot-api-main\gigot-api-main\gigotapi\gigotapi-backend\target\classes\mapper\InterfaceInfoMapper.xml]'
Can not find table primary key in Class: "top.panyuwen.gigotapicommon.model.entity.InterfaceInfoProportion".
2025-05-05 13:08:38.423  WARN 31524 --- [           main] c.b.m.core.injector.DefaultSqlInjector   : class top.panyuwen.gigotapicommon.model.entity.InterfaceInfoProportion ,Not found @TableId annotation, Cannot use Mybatis-Plus 'xxById' Method.
Parsed mapper file: 'file [D:\文件下载\gigot-api-main\gigot-api-main\gigotapi\gigotapi-backend\target\classes\mapper\InterfaceInfoProportionMapper.xml]'
Parsed mapper file: 'file [D:\文件下载\gigot-api-main\gigot-api-main\gigotapi\gigotapi-backend\target\classes\mapper\InterfaceLogMapper.xml]'
Can not find table primary key in Class: "top.panyuwen.gigotapicommon.model.entity.InterfaceLogWeekCount".
2025-05-05 13:08:38.457  WARN 31524 --- [           main] c.b.m.core.injector.DefaultSqlInjector   : class top.panyuwen.gigotapicommon.model.entity.InterfaceLogWeekCount ,Not found @TableId annotation, Cannot use Mybatis-Plus 'xxById' Method.
Parsed mapper file: 'file [D:\文件下载\gigot-api-main\gigot-api-main\gigotapi\gigotapi-backend\target\classes\mapper\InterfaceLogWeekCountMapper.xml]'
Parsed mapper file: 'file [D:\文件下载\gigot-api-main\gigot-api-main\gigotapi\gigotapi-backend\target\classes\mapper\PaymentTransactionLogMapper.xml]'
Parsed mapper file: 'file [D:\文件下载\gigot-api-main\gigot-api-main\gigotapi\gigotapi-backend\target\classes\mapper\ProductInfoMapper.xml]'
Parsed mapper file: 'file [D:\文件下载\gigot-api-main\gigot-api-main\gigotapi\gigotapi-backend\target\classes\mapper\ProductOrderMapper.xml]'
Can not find table primary key in Class: "top.panyuwen.gigotapicommon.model.entity.ProductOrderPayoutRank".
2025-05-05 13:08:38.556  WARN 31524 --- [           main] c.b.m.core.injector.DefaultSqlInjector   : class top.panyuwen.gigotapicommon.model.entity.ProductOrderPayoutRank ,Not found @TableId annotation, Cannot use Mybatis-Plus 'xxById' Method.
Parsed mapper file: 'file [D:\文件下载\gigot-api-main\gigot-api-main\gigotapi\gigotapi-backend\target\classes\mapper\ProductOrderPayoutRankMapper.xml]'
Can not find table primary key in Class: "top.panyuwen.gigotapicommon.model.entity.ProductOrderPeriodIntroducerow".
2025-05-05 13:08:38.577  WARN 31524 --- [           main] c.b.m.core.injector.DefaultSqlInjector   : class top.panyuwen.gigotapicommon.model.entity.ProductOrderPeriodIntroducerow ,Not found @TableId annotation, Cannot use Mybatis-Plus 'xxById' Method.
Parsed mapper file: 'file [D:\文件下载\gigot-api-main\gigot-api-main\gigotapi\gigotapi-backend\target\classes\mapper\ProductOrderPeriodIntroducerowMapper.xml]'
Can not find table primary key in Class: "top.panyuwen.gigotapicommon.model.entity.ProductOrderTotalDay".
2025-05-05 13:08:38.587  WARN 31524 --- [           main] c.b.m.core.injector.DefaultSqlInjector   : class top.panyuwen.gigotapicommon.model.entity.ProductOrderTotalDay ,Not found @TableId annotation, Cannot use Mybatis-Plus 'xxById' Method.
Parsed mapper file: 'file [D:\文件下载\gigot-api-main\gigot-api-main\gigotapi\gigotapi-backend\target\classes\mapper\ProductOrderTotalDayMapper.xml]'
Parsed mapper file: 'file [D:\文件下载\gigot-api-main\gigot-api-main\gigotapi\gigotapi-backend\target\classes\mapper\UserInterfaceinfoMapper.xml]'
Parsed mapper file: 'file [D:\文件下载\gigot-api-main\gigot-api-main\gigotapi\gigotapi-backend\target\classes\mapper\UserMapper.xml]'
 _ _   |_  _ _|_. ___ _ |    _ 
| | |\/|_)(_| | |_\  |_)||_|_\ 
     /               |         
                        3.5.2 
2025-05-05 13:08:39.988  INFO 31524 --- [           main] t.p.gigotapibackend.utils.WxPayUtil      : 加载微信支付配置
2025-05-05 13:08:39.988  INFO 31524 --- [           main] t.p.gigotapibackend.utils.WxPayUtil      : WxPayUtil:WxPayUtil(mchId=null, mchSerialNo=null, privateKeyPath=null, apiV3Key=null, appId=null, domain=null, notifyDomain=null)
2025-05-05 13:08:39.988  INFO 31524 --- [           main] t.p.gigotapibackend.utils.WxPayUtil      : 密钥文件：
2025-05-05 13:08:40.764  INFO 31524 --- [           main] org.redisson.Version                     : Redisson 3.17.5
2025-05-05 13:08:41.122  INFO 31524 --- [isson-netty-4-7] o.r.c.pool.MasterPubSubConnectionPool    : 1 connections initialized for 192.168.216.103/192.168.216.103:6379
2025-05-05 13:08:41.167  INFO 31524 --- [sson-netty-4-19] o.r.c.pool.MasterConnectionPool          : 24 connections initialized for 192.168.216.103/192.168.216.103:6379
2025-05-05 13:08:41.223  INFO 31524 --- [           main] t.p.g.utils.SMSTencentCloudUtils         : 加载腾讯云配置
2025-05-05 13:08:41.223  INFO 31524 --- [           main] t.p.g.utils.SMSTencentCloudUtils         : secretId:null
2025-05-05 13:08:41.223  INFO 31524 --- [           main] t.p.g.utils.SMSTencentCloudUtils         : secretKey:null
2025-05-05 13:08:41.223  INFO 31524 --- [           main] t.p.g.utils.SMSTencentCloudUtils         : sdkAppId:null
2025-05-05 13:08:41.223  INFO 31524 --- [           main] t.p.g.utils.SMSTencentCloudUtils         : templateId:null
2025-05-05 13:08:43.028  WARN 31524 --- [           main] o.s.b.a.f.FreeMarkerAutoConfiguration    : Cannot find template location(s): [classpath:/templates/] (please add some templates, check your FreeMarker configuration, or set spring.freemarker.checkTemplateLocation=false)
2025-05-05 13:08:44.677  INFO 31524 --- [           main] s.a.ScheduledAnnotationBeanPostProcessor : No TaskScheduler/ScheduledExecutorService bean found for scheduled processing
2025-05-05 13:08:44.685  INFO 31524 --- [           main] o.a.d.c.deploy.DefaultModuleDeployer     :  [DUBBO] Dubbo Module[1.1.1] is starting., dubbo version: 3.0.9, current host: 192.168.56.1
2025-05-05 13:08:44.685  INFO 31524 --- [           main] o.a.d.c.d.DefaultApplicationDeployer     :  [DUBBO] Dubbo Application[1.1](dubbo-springboot-demo-provider) is starting., dubbo version: 3.0.9, current host: 192.168.56.1
2025-05-05 13:08:44.754  WARN 31524 --- [           main] org.apache.dubbo.config.ServiceConfig    :  [DUBBO] Use random available port(20880) for protocol dubbo, dubbo version: 3.0.9, current host: 192.168.56.1
2025-05-05 13:08:44.812  INFO 31524 --- [           main] org.apache.dubbo.config.ServiceConfig    :  [DUBBO] Export dubbo service top.panyuwen.gigotapicommon.service.InnerInterfaceInfoService to local registry url : injvm://127.0.0.1/top.panyuwen.gigotapicommon.service.InnerInterfaceInfoService?anyhost=true&application=dubbo-springboot-demo-provider&background=false&bind.ip=192.168.56.1&bind.port=20880&deprecated=false&dubbo=2.0.2&dynamic=true&generic=false&interface=top.panyuwen.gigotapicommon.service.InnerInterfaceInfoService&methods=getInterfaceInfo&pid=31524&release=3.0.9&revision=0.0.2&side=provider&timestamp=1746421724749, dubbo version: 3.0.9, current host: 192.168.56.1
2025-05-05 13:08:44.813  INFO 31524 --- [           main] org.apache.dubbo.config.ServiceConfig    :  [DUBBO] Register dubbo service top.panyuwen.gigotapicommon.service.InnerInterfaceInfoService url dubbo://192.168.56.1:20880/top.panyuwen.gigotapicommon.service.InnerInterfaceInfoService?anyhost=true&application=dubbo-springboot-demo-provider&background=false&bind.ip=192.168.56.1&bind.port=20880&deprecated=false&dubbo=2.0.2&dynamic=true&generic=false&interface=top.panyuwen.gigotapicommon.service.InnerInterfaceInfoService&methods=getInterfaceInfo&pid=31524&release=3.0.9&revision=0.0.2&service-name-mapping=true&side=provider&timestamp=1746421724749 to registry localhost:8848, dubbo version: 3.0.9, current host: 192.168.56.1
2025-05-05 13:08:44.833  INFO 31524 --- [           main] org.apache.dubbo.qos.server.Server       :  [DUBBO] qos-server bind localhost:22222, dubbo version: 3.0.9, current host: 192.168.56.1
2025-05-05 13:08:44.936  INFO 31524 --- [           main] o.a.d.remoting.transport.AbstractServer  :  [DUBBO] Start NettyServer bind /0.0.0.0:20880, export /192.168.56.1:20880, dubbo version: 3.0.9, current host: 192.168.56.1
2025-05-05 13:08:44.970  INFO 31524 --- [           main] o.a.d.r.client.ServiceDiscoveryRegistry  :  [DUBBO] Loaded registry cache file C:\Users\86150\.dubbo\dubbo-registry-dubbo-springboot-demo-provider-localhost-8848.cache, dubbo version: 3.0.9, current host: 192.168.56.1
2025-05-05 13:08:44.984  INFO 31524 --- [           main] o.a.d.r.c.m.store.MetaCacheManager       :  [DUBBO] Successfully loaded mapping cache from file .metadata.nacoslocalhost:8848, entries 1, dubbo version: 3.0.9, current host: 192.168.56.1
2025-05-05 13:08:45.016 ERROR 31524 --- [           main] o.a.d.r.c.m.store.MetaCacheManager       :  [DUBBO] Load mapping from local cache file error , dubbo version: 3.0.9, current host: 192.168.56.1

com.alibaba.fastjson.JSONException: set property error, org.apache.dubbo.metadata.MetadataInfo$ServiceInfo#allParams
	at com.alibaba.fastjson.parser.deserializer.FieldDeserializer.setValue(FieldDeserializer.java:217) ~[fastjson-1.2.76.jar:na]
	at com.alibaba.fastjson.parser.deserializer.DefaultFieldDeserializer.parseField(DefaultFieldDeserializer.java:126) ~[fastjson-1.2.76.jar:na]
	at com.alibaba.fastjson.parser.deserializer.JavaBeanDeserializer.deserialze(JavaBeanDeserializer.java:862) ~[fastjson-1.2.76.jar:na]
	at com.alibaba.fastjson.parser.deserializer.JavaBeanDeserializer.deserialze(JavaBeanDeserializer.java:295) ~[fastjson-1.2.76.jar:na]
	at com.alibaba.fastjson.parser.DefaultJSONParser.parseObject(DefaultJSONParser.java:706) ~[fastjson-1.2.76.jar:na]
	at com.alibaba.fastjson.parser.deserializer.MapDeserializer.parseMap(MapDeserializer.java:224) ~[fastjson-1.2.76.jar:na]
	at com.alibaba.fastjson.parser.deserializer.MapDeserializer.deserialze(MapDeserializer.java:69) ~[fastjson-1.2.76.jar:na]
	at com.alibaba.fastjson.parser.deserializer.MapDeserializer.deserialze(MapDeserializer.java:43) ~[fastjson-1.2.76.jar:na]
	at com.alibaba.fastjson.parser.deserializer.ContextObjectDeserializer.deserialze(ContextObjectDeserializer.java:9) ~[fastjson-1.2.76.jar:na]
	at com.alibaba.fastjson.parser.deserializer.DefaultFieldDeserializer.parseField(DefaultFieldDeserializer.java:88) ~[fastjson-1.2.76.jar:na]
	at com.alibaba.fastjson.parser.deserializer.JavaBeanDeserializer.deserialze(JavaBeanDeserializer.java:862) ~[fastjson-1.2.76.jar:na]
	at com.alibaba.fastjson.parser.deserializer.JavaBeanDeserializer.deserialze(JavaBeanDeserializer.java:295) ~[fastjson-1.2.76.jar:na]
	at com.alibaba.fastjson.parser.DefaultJSONParser.parseObject(DefaultJSONParser.java:706) ~[fastjson-1.2.76.jar:na]
	at com.alibaba.fastjson.JSON.parseObject(JSON.java:394) ~[fastjson-1.2.76.jar:na]
	at com.alibaba.fastjson.JSON.parseObject(JSON.java:362) ~[fastjson-1.2.76.jar:na]
	at com.alibaba.fastjson.JSON.parseObject(JSON.java:325) ~[fastjson-1.2.76.jar:na]
	at org.apache.dubbo.common.json.impl.FastJsonImpl.toJavaObject(FastJsonImpl.java:39) ~[dubbo-3.0.9.jar:3.0.9]
	at org.apache.dubbo.registry.client.metadata.store.MetaCacheManager.toValueType(MetaCacheManager.java:69) [dubbo-3.0.9.jar:3.0.9]
	at org.apache.dubbo.registry.client.metadata.store.MetaCacheManager.toValueType(MetaCacheManager.java:31) [dubbo-3.0.9.jar:3.0.9]
	at org.apache.dubbo.metadata.AbstractCacheManager.init(AbstractCacheManager.java:53) ~[dubbo-3.0.9.jar:3.0.9]
	at org.apache.dubbo.registry.client.metadata.store.MetaCacheManager.<init>(MetaCacheManager.java:59) [dubbo-3.0.9.jar:3.0.9]
	at org.apache.dubbo.registry.client.AbstractServiceDiscovery.<init>(AbstractServiceDiscovery.java:86) [dubbo-3.0.9.jar:3.0.9]
	at org.apache.dubbo.registry.client.AbstractServiceDiscovery.<init>(AbstractServiceDiscovery.java:67) [dubbo-3.0.9.jar:3.0.9]
	at org.apache.dubbo.registry.nacos.NacosServiceDiscovery.<init>(NacosServiceDiscovery.java:59) [dubbo-3.0.9.jar:3.0.9]
	at org.apache.dubbo.registry.nacos.NacosServiceDiscoveryFactory.createDiscovery(NacosServiceDiscoveryFactory.java:27) [dubbo-3.0.9.jar:3.0.9]
	at org.apache.dubbo.registry.client.AbstractServiceDiscoveryFactory.lambda$getServiceDiscovery$0(AbstractServiceDiscoveryFactory.java:53) [dubbo-3.0.9.jar:3.0.9]
	at java.util.concurrent.ConcurrentHashMap.computeIfAbsent(ConcurrentHashMap.java:1660) ~[na:1.8.0_221]
	at org.apache.dubbo.registry.client.AbstractServiceDiscoveryFactory.getServiceDiscovery(AbstractServiceDiscoveryFactory.java:53) [dubbo-3.0.9.jar:3.0.9]
	at org.apache.dubbo.registry.client.ServiceDiscoveryRegistry.getServiceDiscovery(ServiceDiscoveryRegistry.java:122) ~[dubbo-3.0.9.jar:3.0.9]
	at org.apache.dubbo.registry.client.ServiceDiscoveryRegistry.createServiceDiscovery(ServiceDiscoveryRegistry.java:109) ~[dubbo-3.0.9.jar:3.0.9]
	at org.apache.dubbo.registry.client.ServiceDiscoveryRegistry.<init>(ServiceDiscoveryRegistry.java:86) ~[dubbo-3.0.9.jar:3.0.9]
	at org.apache.dubbo.registry.client.ServiceDiscoveryRegistryFactory.createRegistry(ServiceDiscoveryRegistryFactory.java:35) ~[dubbo-3.0.9.jar:3.0.9]
	at org.apache.dubbo.registry.support.AbstractRegistryFactory.getRegistry(AbstractRegistryFactory.java:89) ~[dubbo-3.0.9.jar:3.0.9]
	at org.apache.dubbo.registry.RegistryFactoryWrapper.getRegistry(RegistryFactoryWrapper.java:33) ~[dubbo-3.0.9.jar:3.0.9]
	at org.apache.dubbo.registry.RegistryFactory$Adaptive.getRegistry(RegistryFactory$Adaptive.java) ~[dubbo-3.0.9.jar:3.0.9]
	at org.apache.dubbo.registry.integration.RegistryProtocol.getRegistry(RegistryProtocol.java:393) ~[dubbo-3.0.9.jar:3.0.9]
	at org.apache.dubbo.registry.integration.RegistryProtocol.export(RegistryProtocol.java:242) ~[dubbo-3.0.9.jar:3.0.9]
	at org.apache.dubbo.qos.protocol.QosProtocolWrapper.export(QosProtocolWrapper.java:74) ~[dubbo-3.0.9.jar:3.0.9]
	at org.apache.dubbo.rpc.protocol.ProtocolListenerWrapper.export(ProtocolListenerWrapper.java:64) ~[dubbo-3.0.9.jar:3.0.9]
	at org.apache.dubbo.rpc.cluster.filter.ProtocolFilterWrapper.export(ProtocolFilterWrapper.java:58) ~[dubbo-3.0.9.jar:3.0.9]
	at org.apache.dubbo.rpc.protocol.ProtocolSerializationWrapper.export(ProtocolSerializationWrapper.java:47) ~[dubbo-3.0.9.jar:3.0.9]
	at org.apache.dubbo.rpc.Protocol$Adaptive.export(Protocol$Adaptive.java) ~[dubbo-3.0.9.jar:3.0.9]
	at org.apache.dubbo.config.ServiceConfig.doExportUrl(ServiceConfig.java:641) ~[dubbo-3.0.9.jar:3.0.9]
	at org.apache.dubbo.config.ServiceConfig.exportRemote(ServiceConfig.java:619) ~[dubbo-3.0.9.jar:3.0.9]
	at org.apache.dubbo.config.ServiceConfig.exportUrl(ServiceConfig.java:578) ~[dubbo-3.0.9.jar:3.0.9]
	at org.apache.dubbo.config.ServiceConfig.doExportUrlsFor1Protocol(ServiceConfig.java:410) ~[dubbo-3.0.9.jar:3.0.9]
	at org.apache.dubbo.config.ServiceConfig.doExportUrls(ServiceConfig.java:396) ~[dubbo-3.0.9.jar:3.0.9]
	at org.apache.dubbo.config.ServiceConfig.doExport(ServiceConfig.java:361) ~[dubbo-3.0.9.jar:3.0.9]
	at org.apache.dubbo.config.ServiceConfig.export(ServiceConfig.java:233) ~[dubbo-3.0.9.jar:3.0.9]
	at org.apache.dubbo.config.deploy.DefaultModuleDeployer.exportServiceInternal(DefaultModuleDeployer.java:341) ~[dubbo-3.0.9.jar:3.0.9]
	at org.apache.dubbo.config.deploy.DefaultModuleDeployer.exportServices(DefaultModuleDeployer.java:313) ~[dubbo-3.0.9.jar:3.0.9]
	at org.apache.dubbo.config.deploy.DefaultModuleDeployer.start(DefaultModuleDeployer.java:145) ~[dubbo-3.0.9.jar:3.0.9]
	at org.apache.dubbo.config.spring.context.DubboDeployApplicationListener.onContextRefreshedEvent(DubboDeployApplicationListener.java:111) ~[dubbo-3.0.9.jar:3.0.9]
	at org.apache.dubbo.config.spring.context.DubboDeployApplicationListener.onApplicationEvent(DubboDeployApplicationListener.java:100) ~[dubbo-3.0.9.jar:3.0.9]
	at org.apache.dubbo.config.spring.context.DubboDeployApplicationListener.onApplicationEvent(DubboDeployApplicationListener.java:45) ~[dubbo-3.0.9.jar:3.0.9]
	at org.springframework.context.event.SimpleApplicationEventMulticaster.doInvokeListener(SimpleApplicationEventMulticaster.java:176) ~[spring-context-5.3.22.jar:5.3.22]
	at org.springframework.context.event.SimpleApplicationEventMulticaster.invokeListener(SimpleApplicationEventMulticaster.java:169) ~[spring-context-5.3.22.jar:5.3.22]
	at org.springframework.context.event.SimpleApplicationEventMulticaster.multicastEvent(SimpleApplicationEventMulticaster.java:143) ~[spring-context-5.3.22.jar:5.3.22]
	at org.springframework.context.support.AbstractApplicationContext.publishEvent(AbstractApplicationContext.java:421) ~[spring-context-5.3.22.jar:5.3.22]
	at org.springframework.context.support.AbstractApplicationContext.publishEvent(AbstractApplicationContext.java:378) ~[spring-context-5.3.22.jar:5.3.22]
	at org.springframework.context.support.AbstractApplicationContext.finishRefresh(AbstractApplicationContext.java:938) ~[spring-context-5.3.22.jar:5.3.22]
	at org.springframework.context.support.AbstractApplicationContext.refresh(AbstractApplicationContext.java:586) ~[spring-context-5.3.22.jar:5.3.22]
	at org.springframework.boot.SpringApplication.refresh(SpringApplication.java:734) ~[spring-boot-2.7.2.jar:2.7.2]
	at org.springframework.boot.SpringApplication.refreshContext(SpringApplication.java:408) ~[spring-boot-2.7.2.jar:2.7.2]
	at org.springframework.boot.SpringApplication.run(SpringApplication.java:308) ~[spring-boot-2.7.2.jar:2.7.2]
	at org.springframework.boot.test.context.SpringBootContextLoader.loadContext(SpringBootContextLoader.java:132) ~[spring-boot-test-2.7.2.jar:2.7.2]
	at org.springframework.test.context.cache.DefaultCacheAwareContextLoaderDelegate.loadContextInternal(DefaultCacheAwareContextLoaderDelegate.java:99) ~[spring-test-5.3.22.jar:5.3.22]
	at org.springframework.test.context.cache.DefaultCacheAwareContextLoaderDelegate.loadContext(DefaultCacheAwareContextLoaderDelegate.java:124) ~[spring-test-5.3.22.jar:5.3.22]
	at org.springframework.test.context.support.DefaultTestContext.getApplicationContext(DefaultTestContext.java:124) ~[spring-test-5.3.22.jar:5.3.22]
	at org.springframework.test.context.web.ServletTestExecutionListener.setUpRequestContextIfNecessary(ServletTestExecutionListener.java:190) ~[spring-test-5.3.22.jar:5.3.22]
	at org.springframework.test.context.web.ServletTestExecutionListener.prepareTestInstance(ServletTestExecutionListener.java:132) ~[spring-test-5.3.22.jar:5.3.22]
	at org.springframework.test.context.TestContextManager.prepareTestInstance(TestContextManager.java:248) ~[spring-test-5.3.22.jar:5.3.22]
	at org.springframework.test.context.junit.jupiter.SpringExtension.postProcessTestInstance(SpringExtension.java:138) ~[spring-test-5.3.22.jar:5.3.22]
	at org.junit.jupiter.engine.descriptor.ClassBasedTestDescriptor.lambda$invokeTestInstancePostProcessors$8(ClassBasedTestDescriptor.java:363) ~[junit-jupiter-engine-5.8.2.jar:5.8.2]
	at org.junit.jupiter.engine.descriptor.ClassBasedTestDescriptor.executeAndMaskThrowable(ClassBasedTestDescriptor.java:368) ~[junit-jupiter-engine-5.8.2.jar:5.8.2]
	at org.junit.jupiter.engine.descriptor.ClassBasedTestDescriptor.lambda$invokeTestInstancePostProcessors$9(ClassBasedTestDescriptor.java:363) ~[junit-jupiter-engine-5.8.2.jar:5.8.2]
	at java.util.stream.ReferencePipeline$3$1.accept(ReferencePipeline.java:193) ~[na:1.8.0_221]
	at java.util.stream.ReferencePipeline$2$1.accept(ReferencePipeline.java:175) ~[na:1.8.0_221]
	at java.util.ArrayList$ArrayListSpliterator.forEachRemaining(ArrayList.java:1382) ~[na:1.8.0_221]
	at java.util.stream.AbstractPipeline.copyInto(AbstractPipeline.java:482) ~[na:1.8.0_221]
	at java.util.stream.AbstractPipeline.wrapAndCopyInto(AbstractPipeline.java:472) ~[na:1.8.0_221]
	at java.util.stream.StreamSpliterators$WrappingSpliterator.forEachRemaining(StreamSpliterators.java:312) ~[na:1.8.0_221]
	at java.util.stream.Streams$ConcatSpliterator.forEachRemaining(Streams.java:743) ~[na:1.8.0_221]
	at java.util.stream.Streams$ConcatSpliterator.forEachRemaining(Streams.java:742) ~[na:1.8.0_221]
	at java.util.stream.ReferencePipeline$Head.forEach(ReferencePipeline.java:580) ~[na:1.8.0_221]
	at org.junit.jupiter.engine.descriptor.ClassBasedTestDescriptor.invokeTestInstancePostProcessors(ClassBasedTestDescriptor.java:362) ~[junit-jupiter-engine-5.8.2.jar:5.8.2]
	at org.junit.jupiter.engine.descriptor.ClassBasedTestDescriptor.lambda$instantiateAndPostProcessTestInstance$6(ClassBasedTestDescriptor.java:283) ~[junit-jupiter-engine-5.8.2.jar:5.8.2]
	at org.junit.platform.engine.support.hierarchical.ThrowableCollector.execute(ThrowableCollector.java:73) ~[junit-platform-engine-1.8.2.jar:1.8.2]
	at org.junit.jupiter.engine.descriptor.ClassBasedTestDescriptor.instantiateAndPostProcessTestInstance(ClassBasedTestDescriptor.java:282) ~[junit-jupiter-engine-5.8.2.jar:5.8.2]
	at org.junit.jupiter.engine.descriptor.ClassBasedTestDescriptor.lambda$testInstancesProvider$4(ClassBasedTestDescriptor.java:272) ~[junit-jupiter-engine-5.8.2.jar:5.8.2]
	at java.util.Optional.orElseGet(Optional.java:267) ~[na:1.8.0_221]
	at org.junit.jupiter.engine.descriptor.ClassBasedTestDescriptor.lambda$testInstancesProvider$5(ClassBasedTestDescriptor.java:271) ~[junit-jupiter-engine-5.8.2.jar:5.8.2]
	at org.junit.jupiter.engine.execution.TestInstancesProvider.getTestInstances(TestInstancesProvider.java:31) ~[junit-jupiter-engine-5.8.2.jar:5.8.2]
	at org.junit.jupiter.engine.descriptor.TestMethodTestDescriptor.lambda$prepare$0(TestMethodTestDescriptor.java:102) ~[junit-jupiter-engine-5.8.2.jar:5.8.2]
	at org.junit.platform.engine.support.hierarchical.ThrowableCollector.execute(ThrowableCollector.java:73) ~[junit-platform-engine-1.8.2.jar:1.8.2]
	at org.junit.jupiter.engine.descriptor.TestMethodTestDescriptor.prepare(TestMethodTestDescriptor.java:101) ~[junit-jupiter-engine-5.8.2.jar:5.8.2]
	at org.junit.jupiter.engine.descriptor.TestMethodTestDescriptor.prepare(TestMethodTestDescriptor.java:66) ~[junit-jupiter-engine-5.8.2.jar:5.8.2]
	at org.junit.platform.engine.support.hierarchical.NodeTestTask.lambda$prepare$2(NodeTestTask.java:123) ~[junit-platform-engine-1.8.2.jar:1.8.2]
	at org.junit.platform.engine.support.hierarchical.ThrowableCollector.execute(ThrowableCollector.java:73) ~[junit-platform-engine-1.8.2.jar:1.8.2]
	at org.junit.platform.engine.support.hierarchical.NodeTestTask.prepare(NodeTestTask.java:123) ~[junit-platform-engine-1.8.2.jar:1.8.2]
	at org.junit.platform.engine.support.hierarchical.NodeTestTask.execute(NodeTestTask.java:90) ~[junit-platform-engine-1.8.2.jar:1.8.2]
	at java.util.ArrayList.forEach(ArrayList.java:1257) ~[na:1.8.0_221]
	at org.junit.platform.engine.support.hierarchical.SameThreadHierarchicalTestExecutorService.invokeAll(SameThreadHierarchicalTestExecutorService.java:41) ~[junit-platform-engine-1.8.2.jar:1.8.2]
	at org.junit.platform.engine.support.hierarchical.NodeTestTask.lambda$executeRecursively$6(NodeTestTask.java:155) ~[junit-platform-engine-1.8.2.jar:1.8.2]
	at org.junit.platform.engine.support.hierarchical.ThrowableCollector.execute(ThrowableCollector.java:73) ~[junit-platform-engine-1.8.2.jar:1.8.2]
	at org.junit.platform.engine.support.hierarchical.NodeTestTask.lambda$executeRecursively$8(NodeTestTask.java:141) ~[junit-platform-engine-1.8.2.jar:1.8.2]
	at org.junit.platform.engine.support.hierarchical.Node.around(Node.java:137) ~[junit-platform-engine-1.8.2.jar:1.8.2]
	at org.junit.platform.engine.support.hierarchical.NodeTestTask.lambda$executeRecursively$9(NodeTestTask.java:139) ~[junit-platform-engine-1.8.2.jar:1.8.2]
	at org.junit.platform.engine.support.hierarchical.ThrowableCollector.execute(ThrowableCollector.java:73) ~[junit-platform-engine-1.8.2.jar:1.8.2]
	at org.junit.platform.engine.support.hierarchical.NodeTestTask.executeRecursively(NodeTestTask.java:138) ~[junit-platform-engine-1.8.2.jar:1.8.2]
	at org.junit.platform.engine.support.hierarchical.NodeTestTask.execute(NodeTestTask.java:95) ~[junit-platform-engine-1.8.2.jar:1.8.2]
	at java.util.ArrayList.forEach(ArrayList.java:1257) ~[na:1.8.0_221]
	at org.junit.platform.engine.support.hierarchical.SameThreadHierarchicalTestExecutorService.invokeAll(SameThreadHierarchicalTestExecutorService.java:41) ~[junit-platform-engine-1.8.2.jar:1.8.2]
	at org.junit.platform.engine.support.hierarchical.NodeTestTask.lambda$executeRecursively$6(NodeTestTask.java:155) ~[junit-platform-engine-1.8.2.jar:1.8.2]
	at org.junit.platform.engine.support.hierarchical.ThrowableCollector.execute(ThrowableCollector.java:73) ~[junit-platform-engine-1.8.2.jar:1.8.2]
	at org.junit.platform.engine.support.hierarchical.NodeTestTask.lambda$executeRecursively$8(NodeTestTask.java:141) ~[junit-platform-engine-1.8.2.jar:1.8.2]
	at org.junit.platform.engine.support.hierarchical.Node.around(Node.java:137) ~[junit-platform-engine-1.8.2.jar:1.8.2]
	at org.junit.platform.engine.support.hierarchical.NodeTestTask.lambda$executeRecursively$9(NodeTestTask.java:139) ~[junit-platform-engine-1.8.2.jar:1.8.2]
	at org.junit.platform.engine.support.hierarchical.ThrowableCollector.execute(ThrowableCollector.java:73) ~[junit-platform-engine-1.8.2.jar:1.8.2]
	at org.junit.platform.engine.support.hierarchical.NodeTestTask.executeRecursively(NodeTestTask.java:138) ~[junit-platform-engine-1.8.2.jar:1.8.2]
	at org.junit.platform.engine.support.hierarchical.NodeTestTask.execute(NodeTestTask.java:95) ~[junit-platform-engine-1.8.2.jar:1.8.2]
	at org.junit.platform.engine.support.hierarchical.SameThreadHierarchicalTestExecutorService.submit(SameThreadHierarchicalTestExecutorService.java:35) ~[junit-platform-engine-1.8.2.jar:1.8.2]
	at org.junit.platform.engine.support.hierarchical.HierarchicalTestExecutor.execute(HierarchicalTestExecutor.java:57) ~[junit-platform-engine-1.8.2.jar:1.8.2]
	at org.junit.platform.engine.support.hierarchical.HierarchicalTestEngine.execute(HierarchicalTestEngine.java:54) ~[junit-platform-engine-1.8.2.jar:1.8.2]
	at org.junit.platform.launcher.core.EngineExecutionOrchestrator.execute(EngineExecutionOrchestrator.java:107) ~[junit-platform-launcher-1.8.2.jar:1.8.2]
	at org.junit.platform.launcher.core.EngineExecutionOrchestrator.execute(EngineExecutionOrchestrator.java:88) ~[junit-platform-launcher-1.8.2.jar:1.8.2]
	at org.junit.platform.launcher.core.EngineExecutionOrchestrator.lambda$execute$0(EngineExecutionOrchestrator.java:54) ~[junit-platform-launcher-1.8.2.jar:1.8.2]
	at org.junit.platform.launcher.core.EngineExecutionOrchestrator.withInterceptedStreams(EngineExecutionOrchestrator.java:67) ~[junit-platform-launcher-1.8.2.jar:1.8.2]
	at org.junit.platform.launcher.core.EngineExecutionOrchestrator.execute(EngineExecutionOrchestrator.java:52) ~[junit-platform-launcher-1.8.2.jar:1.8.2]
	at org.junit.platform.launcher.core.DefaultLauncher.execute(DefaultLauncher.java:114) ~[junit-platform-launcher-1.8.2.jar:1.8.2]
	at org.junit.platform.launcher.core.DefaultLauncher.execute(DefaultLauncher.java:86) ~[junit-platform-launcher-1.8.2.jar:1.8.2]
	at org.junit.platform.launcher.core.DefaultLauncherSession$DelegatingLauncher.execute(DefaultLauncherSession.java:86) ~[junit-platform-launcher-1.8.2.jar:1.8.2]
	at org.apache.maven.surefire.junitplatform.LazyLauncher.execute(LazyLauncher.java:56) ~[surefire-junit-platform-3.2.5.jar:3.2.5]
	at org.apache.maven.surefire.junitplatform.JUnitPlatformProvider.execute(JUnitPlatformProvider.java:184) ~[surefire-junit-platform-3.2.5.jar:3.2.5]
	at org.apache.maven.surefire.junitplatform.JUnitPlatformProvider.invokeAllTests(JUnitPlatformProvider.java:148) ~[surefire-junit-platform-3.2.5.jar:3.2.5]
	at org.apache.maven.surefire.junitplatform.JUnitPlatformProvider.invoke(JUnitPlatformProvider.java:122) ~[surefire-junit-platform-3.2.5.jar:3.2.5]
	at org.apache.maven.surefire.booter.ForkedBooter.runSuitesInProcess(ForkedBooter.java:385) ~[surefire-booter-3.2.5.jar:3.2.5]
	at org.apache.maven.surefire.booter.ForkedBooter.execute(ForkedBooter.java:162) ~[surefire-booter-3.2.5.jar:3.2.5]
	at org.apache.maven.surefire.booter.ForkedBooter.run(ForkedBooter.java:507) ~[surefire-booter-3.2.5.jar:3.2.5]
	at org.apache.maven.surefire.booter.ForkedBooter.main(ForkedBooter.java:495) ~[surefire-booter-3.2.5.jar:3.2.5]
Caused by: java.lang.NoSuchMethodException: org.apache.dubbo.metadata.MetadataInfo$ServiceInfo.setAllParams(java.util.Map)
	at java.lang.Class.getDeclaredMethod(Class.java:2130) ~[na:1.8.0_221]
	at com.alibaba.fastjson.parser.deserializer.FieldDeserializer.degradeValueAssignment(FieldDeserializer.java:228) ~[fastjson-1.2.76.jar:na]
	at com.alibaba.fastjson.parser.deserializer.FieldDeserializer.setValue(FieldDeserializer.java:125) ~[fastjson-1.2.76.jar:na]
	... 139 common frames omitted

2025-05-05 13:08:45.046  INFO 31524 --- [           main] c.a.n.p.a.s.c.ClientAuthPluginManager    : [ClientAuthPluginManager] Load ClientAuthService com.alibaba.nacos.client.auth.impl.NacosClientAuthServiceImpl success.
2025-05-05 13:08:45.047  INFO 31524 --- [           main] c.a.n.p.a.s.c.ClientAuthPluginManager    : [ClientAuthPluginManager] Load ClientAuthService com.alibaba.nacos.client.auth.ram.RamClientAuthServiceImpl success.
2025-05-05 13:08:45.188  INFO 31524 --- [           main] o.a.dubbo.metadata.MappingCacheManager   :  [DUBBO] Successfully loaded mapping cache from file .mapping, entries 8, dubbo version: 3.0.9, current host: 192.168.56.1
2025-05-05 13:08:45.198  INFO 31524 --- [           main] o.a.d.r.c.m.MigrationRuleListener        :  [DUBBO] Listening for migration rules on dataId dubbo-springboot-demo-provider.migration, group DUBBO_SERVICEDISCOVERY_MIGRATION, dubbo version: 3.0.9, current host: 192.168.56.1
2025-05-05 13:08:45.205  INFO 31524 --- [           main] org.apache.dubbo.config.ServiceConfig    :  [DUBBO] Register dubbo service top.panyuwen.gigotapicommon.service.InnerInterfaceInfoService url dubbo://192.168.56.1:20880/top.panyuwen.gigotapicommon.service.InnerInterfaceInfoService?anyhost=true&application=dubbo-springboot-demo-provider&background=false&bind.ip=192.168.56.1&bind.port=20880&deprecated=false&dubbo=2.0.2&dynamic=true&generic=false&interface=top.panyuwen.gigotapicommon.service.InnerInterfaceInfoService&methods=getInterfaceInfo&pid=31524&release=3.0.9&revision=0.0.2&service-name-mapping=true&side=provider&timestamp=1746421724749 to registry localhost:8848, dubbo version: 3.0.9, current host: 192.168.56.1
2025-05-05 13:08:45.221  INFO 31524 --- [           main] c.a.n.p.a.s.c.ClientAuthPluginManager    : [ClientAuthPluginManager] Load ClientAuthService com.alibaba.nacos.client.auth.impl.NacosClientAuthServiceImpl success.
2025-05-05 13:08:45.221  INFO 31524 --- [           main] c.a.n.p.a.s.c.ClientAuthPluginManager    : [ClientAuthPluginManager] Load ClientAuthService com.alibaba.nacos.client.auth.ram.RamClientAuthServiceImpl success.
2025-05-05 13:08:45.335  INFO 31524 --- [           main] o.a.dubbo.registry.nacos.NacosRegistry   :  [DUBBO] Loaded registry cache file C:\Users\86150\.dubbo\dubbo-registry-dubbo-springboot-demo-provider-localhost-8848.cache, dubbo version: 3.0.9, current host: 192.168.56.1
2025-05-05 13:08:45.336  INFO 31524 --- [           main] o.a.dubbo.registry.nacos.NacosRegistry   :  [DUBBO] Register: dubbo://192.168.56.1:20880/top.panyuwen.gigotapicommon.service.InnerInterfaceInfoService?anyhost=true&application=dubbo-springboot-demo-provider&background=false&deprecated=false&dubbo=2.0.2&dynamic=true&generic=false&interface=top.panyuwen.gigotapicommon.service.InnerInterfaceInfoService&methods=getInterfaceInfo&pid=31524&release=3.0.9&revision=0.0.2&service-name-mapping=true&side=provider&timestamp=1746421724749, dubbo version: 3.0.9, current host: 192.168.56.1
2025-05-05 13:08:45.348  INFO 31524 --- [           main] o.a.dubbo.registry.nacos.NacosRegistry   :  [DUBBO] Subscribe: provider://192.168.56.1:20880/top.panyuwen.gigotapicommon.service.InnerInterfaceInfoService?anyhost=true&application=dubbo-springboot-demo-provider&background=false&bind.ip=192.168.56.1&bind.port=20880&category=configurators&check=false&deprecated=false&dubbo=2.0.2&dynamic=true&generic=false&interface=top.panyuwen.gigotapicommon.service.InnerInterfaceInfoService&methods=getInterfaceInfo&pid=31524&release=3.0.9&revision=0.0.2&service-name-mapping=true&side=provider&timestamp=1746421724749, dubbo version: 3.0.9, current host: 192.168.56.1
2025-05-05 13:08:45.388  WARN 31524 --- [           main] o.a.dubbo.registry.nacos.NacosRegistry   :  [DUBBO] Ignore empty notify urls for subscribe url provider://192.168.56.1:20880/top.panyuwen.gigotapicommon.service.InnerInterfaceInfoService?anyhost=true&application=dubbo-springboot-demo-provider&background=false&bind.ip=192.168.56.1&bind.port=20880&category=configurators&check=false&deprecated=false&dubbo=2.0.2&dynamic=true&generic=false&interface=top.panyuwen.gigotapicommon.service.InnerInterfaceInfoService&methods=getInterfaceInfo&pid=31524&release=3.0.9&revision=0.0.2&service-name-mapping=true&side=provider&timestamp=1746421724749, dubbo version: 3.0.9, current host: 192.168.56.1
2025-05-05 13:08:45.400  INFO 31524 --- [Report-thread-1] o.a.d.m.store.nacos.NacosMetadataReport  :  [DUBBO] store provider metadata. Identifier : org.apache.dubbo.metadata.report.identifier.MetadataIdentifier@3b79061f; definition: FullServiceDefinition{parameters=org.apache.dubbo.common.url.component.URLParam$URLParamMap@600c8463} ServiceDefinition [canonicalName=top.panyuwen.gigotapicommon.service.InnerInterfaceInfoService, codeSource=gigotapi-common-0.0.2.jar, methods=[MethodDefinition [name=getInterfaceInfo, parameterTypes=[java.lang.String, java.lang.String], returnType=top.panyuwen.gigotapicommon.model.entity.InterfaceInfo]]], dubbo version: 3.0.9, current host: 192.168.56.1
2025-05-05 13:08:45.527  INFO 31524 --- [           main] org.apache.dubbo.config.ServiceConfig    :  [DUBBO] Successfully registered interface application mapping for service top.panyuwen.gigotapicommon.service.InnerInterfaceInfoService, dubbo version: 3.0.9, current host: 192.168.56.1
2025-05-05 13:08:45.543  INFO 31524 --- [           main] org.apache.dubbo.config.ServiceConfig    :  [DUBBO] Export dubbo service top.panyuwen.gigotapicommon.service.InnerUserInterfaceInfoService to local registry url : injvm://127.0.0.1/top.panyuwen.gigotapicommon.service.InnerUserInterfaceInfoService?anyhost=true&application=dubbo-springboot-demo-provider&background=false&bind.ip=192.168.56.1&bind.port=20880&deprecated=false&dubbo=2.0.2&dynamic=true&generic=false&interface=top.panyuwen.gigotapicommon.service.InnerUserInterfaceInfoService&methods=invoke&pid=31524&release=3.0.9&revision=0.0.2&side=provider&timestamp=1746421725529, dubbo version: 3.0.9, current host: 192.168.56.1
2025-05-05 13:08:45.544  INFO 31524 --- [           main] org.apache.dubbo.config.ServiceConfig    :  [DUBBO] Register dubbo service top.panyuwen.gigotapicommon.service.InnerUserInterfaceInfoService url dubbo://192.168.56.1:20880/top.panyuwen.gigotapicommon.service.InnerUserInterfaceInfoService?anyhost=true&application=dubbo-springboot-demo-provider&background=false&bind.ip=192.168.56.1&bind.port=20880&deprecated=false&dubbo=2.0.2&dynamic=true&generic=false&interface=top.panyuwen.gigotapicommon.service.InnerUserInterfaceInfoService&methods=invoke&pid=31524&release=3.0.9&revision=0.0.2&service-name-mapping=true&side=provider&timestamp=1746421725529 to registry localhost:8848, dubbo version: 3.0.9, current host: 192.168.56.1
2025-05-05 13:08:45.552  INFO 31524 --- [           main] org.apache.dubbo.config.ServiceConfig    :  [DUBBO] Register dubbo service top.panyuwen.gigotapicommon.service.InnerUserInterfaceInfoService url dubbo://192.168.56.1:20880/top.panyuwen.gigotapicommon.service.InnerUserInterfaceInfoService?anyhost=true&application=dubbo-springboot-demo-provider&background=false&bind.ip=192.168.56.1&bind.port=20880&deprecated=false&dubbo=2.0.2&dynamic=true&generic=false&interface=top.panyuwen.gigotapicommon.service.InnerUserInterfaceInfoService&methods=invoke&pid=31524&release=3.0.9&revision=0.0.2&service-name-mapping=true&side=provider&timestamp=1746421725529 to registry localhost:8848, dubbo version: 3.0.9, current host: 192.168.56.1
2025-05-05 13:08:45.753  INFO 31524 --- [           main] o.a.dubbo.registry.nacos.NacosRegistry   :  [DUBBO] Register: dubbo://192.168.56.1:20880/top.panyuwen.gigotapicommon.service.InnerUserInterfaceInfoService?anyhost=true&application=dubbo-springboot-demo-provider&background=false&deprecated=false&dubbo=2.0.2&dynamic=true&generic=false&interface=top.panyuwen.gigotapicommon.service.InnerUserInterfaceInfoService&methods=invoke&pid=31524&release=3.0.9&revision=0.0.2&service-name-mapping=true&side=provider&timestamp=1746421725529, dubbo version: 3.0.9, current host: 192.168.56.1
2025-05-05 13:08:45.757  INFO 31524 --- [           main] o.a.dubbo.registry.nacos.NacosRegistry   :  [DUBBO] Subscribe: provider://192.168.56.1:20880/top.panyuwen.gigotapicommon.service.InnerUserInterfaceInfoService?anyhost=true&application=dubbo-springboot-demo-provider&background=false&bind.ip=192.168.56.1&bind.port=20880&category=configurators&check=false&deprecated=false&dubbo=2.0.2&dynamic=true&generic=false&interface=top.panyuwen.gigotapicommon.service.InnerUserInterfaceInfoService&methods=invoke&pid=31524&release=3.0.9&revision=0.0.2&service-name-mapping=true&side=provider&timestamp=1746421725529, dubbo version: 3.0.9, current host: 192.168.56.1
2025-05-05 13:08:45.786  WARN 31524 --- [           main] o.a.dubbo.registry.nacos.NacosRegistry   :  [DUBBO] Ignore empty notify urls for subscribe url provider://192.168.56.1:20880/top.panyuwen.gigotapicommon.service.InnerUserInterfaceInfoService?anyhost=true&application=dubbo-springboot-demo-provider&background=false&bind.ip=192.168.56.1&bind.port=20880&category=configurators&check=false&deprecated=false&dubbo=2.0.2&dynamic=true&generic=false&interface=top.panyuwen.gigotapicommon.service.InnerUserInterfaceInfoService&methods=invoke&pid=31524&release=3.0.9&revision=0.0.2&service-name-mapping=true&side=provider&timestamp=1746421725529, dubbo version: 3.0.9, current host: 192.168.56.1
2025-05-05 13:08:45.787  INFO 31524 --- [Report-thread-1] o.a.d.m.store.nacos.NacosMetadataReport  :  [DUBBO] store provider metadata. Identifier : org.apache.dubbo.metadata.report.identifier.MetadataIdentifier@5294ac04; definition: FullServiceDefinition{parameters=org.apache.dubbo.common.url.component.URLParam$URLParamMap@562bed39} ServiceDefinition [canonicalName=top.panyuwen.gigotapicommon.service.InnerUserInterfaceInfoService, codeSource=gigotapi-common-0.0.2.jar, methods=[MethodDefinition [name=invoke, parameterTypes=[java.lang.Long, java.lang.Long], returnType=boolean]]], dubbo version: 3.0.9, current host: 192.168.56.1
2025-05-05 13:08:45.799  INFO 31524 --- [           main] org.apache.dubbo.config.ServiceConfig    :  [DUBBO] Successfully registered interface application mapping for service top.panyuwen.gigotapicommon.service.InnerUserInterfaceInfoService, dubbo version: 3.0.9, current host: 192.168.56.1
2025-05-05 13:08:45.823  INFO 31524 --- [           main] org.apache.dubbo.config.ServiceConfig    :  [DUBBO] Export dubbo service top.panyuwen.gigotapicommon.service.InnerInterfaceLogService to local registry url : injvm://127.0.0.1/top.panyuwen.gigotapicommon.service.InnerInterfaceLogService?anyhost=true&application=dubbo-springboot-demo-provider&background=false&bind.ip=192.168.56.1&bind.port=20880&deprecated=false&dubbo=2.0.2&dynamic=true&generic=false&interface=top.panyuwen.gigotapicommon.service.InnerInterfaceLogService&methods=save&pid=31524&release=3.0.9&revision=0.0.2&side=provider&timestamp=1746421725805, dubbo version: 3.0.9, current host: 192.168.56.1
2025-05-05 13:08:45.826  INFO 31524 --- [           main] org.apache.dubbo.config.ServiceConfig    :  [DUBBO] Register dubbo service top.panyuwen.gigotapicommon.service.InnerInterfaceLogService url dubbo://192.168.56.1:20880/top.panyuwen.gigotapicommon.service.InnerInterfaceLogService?anyhost=true&application=dubbo-springboot-demo-provider&background=false&bind.ip=192.168.56.1&bind.port=20880&deprecated=false&dubbo=2.0.2&dynamic=true&generic=false&interface=top.panyuwen.gigotapicommon.service.InnerInterfaceLogService&methods=save&pid=31524&release=3.0.9&revision=0.0.2&service-name-mapping=true&side=provider&timestamp=1746421725805 to registry localhost:8848, dubbo version: 3.0.9, current host: 192.168.56.1
2025-05-05 13:08:45.835  INFO 31524 --- [           main] org.apache.dubbo.config.ServiceConfig    :  [DUBBO] Register dubbo service top.panyuwen.gigotapicommon.service.InnerInterfaceLogService url dubbo://192.168.56.1:20880/top.panyuwen.gigotapicommon.service.InnerInterfaceLogService?anyhost=true&application=dubbo-springboot-demo-provider&background=false&bind.ip=192.168.56.1&bind.port=20880&deprecated=false&dubbo=2.0.2&dynamic=true&generic=false&interface=top.panyuwen.gigotapicommon.service.InnerInterfaceLogService&methods=save&pid=31524&release=3.0.9&revision=0.0.2&service-name-mapping=true&side=provider&timestamp=1746421725805 to registry localhost:8848, dubbo version: 3.0.9, current host: 192.168.56.1
2025-05-05 13:08:46.035  INFO 31524 --- [           main] o.a.dubbo.registry.nacos.NacosRegistry   :  [DUBBO] Register: dubbo://192.168.56.1:20880/top.panyuwen.gigotapicommon.service.InnerInterfaceLogService?anyhost=true&application=dubbo-springboot-demo-provider&background=false&deprecated=false&dubbo=2.0.2&dynamic=true&generic=false&interface=top.panyuwen.gigotapicommon.service.InnerInterfaceLogService&methods=save&pid=31524&release=3.0.9&revision=0.0.2&service-name-mapping=true&side=provider&timestamp=1746421725805, dubbo version: 3.0.9, current host: 192.168.56.1
2025-05-05 13:08:46.040  INFO 31524 --- [           main] o.a.dubbo.registry.nacos.NacosRegistry   :  [DUBBO] Subscribe: provider://192.168.56.1:20880/top.panyuwen.gigotapicommon.service.InnerInterfaceLogService?anyhost=true&application=dubbo-springboot-demo-provider&background=false&bind.ip=192.168.56.1&bind.port=20880&category=configurators&check=false&deprecated=false&dubbo=2.0.2&dynamic=true&generic=false&interface=top.panyuwen.gigotapicommon.service.InnerInterfaceLogService&methods=save&pid=31524&release=3.0.9&revision=0.0.2&service-name-mapping=true&side=provider&timestamp=1746421725805, dubbo version: 3.0.9, current host: 192.168.56.1
2025-05-05 13:08:46.052  WARN 31524 --- [           main] o.a.dubbo.registry.nacos.NacosRegistry   :  [DUBBO] Ignore empty notify urls for subscribe url provider://192.168.56.1:20880/top.panyuwen.gigotapicommon.service.InnerInterfaceLogService?anyhost=true&application=dubbo-springboot-demo-provider&background=false&bind.ip=192.168.56.1&bind.port=20880&category=configurators&check=false&deprecated=false&dubbo=2.0.2&dynamic=true&generic=false&interface=top.panyuwen.gigotapicommon.service.InnerInterfaceLogService&methods=save&pid=31524&release=3.0.9&revision=0.0.2&service-name-mapping=true&side=provider&timestamp=1746421725805, dubbo version: 3.0.9, current host: 192.168.56.1
2025-05-05 13:08:46.053  INFO 31524 --- [Report-thread-1] o.a.d.m.store.nacos.NacosMetadataReport  :  [DUBBO] store provider metadata. Identifier : org.apache.dubbo.metadata.report.identifier.MetadataIdentifier@5dadeb29; definition: FullServiceDefinition{parameters=org.apache.dubbo.common.url.component.URLParam$URLParamMap@5f04dbf3} ServiceDefinition [canonicalName=top.panyuwen.gigotapicommon.service.InnerInterfaceLogService, codeSource=gigotapi-common-0.0.2.jar, methods=[MethodDefinition [name=save, parameterTypes=[top.panyuwen.gigotapicommon.model.entity.InterfaceLog], returnType=boolean]]], dubbo version: 3.0.9, current host: 192.168.56.1
2025-05-05 13:08:46.060  INFO 31524 --- [           main] org.apache.dubbo.config.ServiceConfig    :  [DUBBO] Successfully registered interface application mapping for service top.panyuwen.gigotapicommon.service.InnerInterfaceLogService, dubbo version: 3.0.9, current host: 192.168.56.1
2025-05-05 13:08:46.070  INFO 31524 --- [           main] org.apache.dubbo.config.ServiceConfig    :  [DUBBO] Export dubbo service top.panyuwen.gigotapicommon.service.InnerUserService to local registry url : injvm://127.0.0.1/top.panyuwen.gigotapicommon.service.InnerUserService?anyhost=true&application=dubbo-springboot-demo-provider&background=false&bind.ip=192.168.56.1&bind.port=20880&deprecated=false&dubbo=2.0.2&dynamic=true&generic=false&interface=top.panyuwen.gigotapicommon.service.InnerUserService&methods=getInvokeUser&pid=31524&release=3.0.9&revision=0.0.2&side=provider&timestamp=1746421726063, dubbo version: 3.0.9, current host: 192.168.56.1
2025-05-05 13:08:46.070  INFO 31524 --- [           main] org.apache.dubbo.config.ServiceConfig    :  [DUBBO] Register dubbo service top.panyuwen.gigotapicommon.service.InnerUserService url dubbo://192.168.56.1:20880/top.panyuwen.gigotapicommon.service.InnerUserService?anyhost=true&application=dubbo-springboot-demo-provider&background=false&bind.ip=192.168.56.1&bind.port=20880&deprecated=false&dubbo=2.0.2&dynamic=true&generic=false&interface=top.panyuwen.gigotapicommon.service.InnerUserService&methods=getInvokeUser&pid=31524&release=3.0.9&revision=0.0.2&service-name-mapping=true&side=provider&timestamp=1746421726063 to registry localhost:8848, dubbo version: 3.0.9, current host: 192.168.56.1
2025-05-05 13:08:46.077  INFO 31524 --- [           main] org.apache.dubbo.config.ServiceConfig    :  [DUBBO] Register dubbo service top.panyuwen.gigotapicommon.service.InnerUserService url dubbo://192.168.56.1:20880/top.panyuwen.gigotapicommon.service.InnerUserService?anyhost=true&application=dubbo-springboot-demo-provider&background=false&bind.ip=192.168.56.1&bind.port=20880&deprecated=false&dubbo=2.0.2&dynamic=true&generic=false&interface=top.panyuwen.gigotapicommon.service.InnerUserService&methods=getInvokeUser&pid=31524&release=3.0.9&revision=0.0.2&service-name-mapping=true&side=provider&timestamp=1746421726063 to registry localhost:8848, dubbo version: 3.0.9, current host: 192.168.56.1
2025-05-05 13:08:46.277  INFO 31524 --- [           main] o.a.dubbo.registry.nacos.NacosRegistry   :  [DUBBO] Register: dubbo://192.168.56.1:20880/top.panyuwen.gigotapicommon.service.InnerUserService?anyhost=true&application=dubbo-springboot-demo-provider&background=false&deprecated=false&dubbo=2.0.2&dynamic=true&generic=false&interface=top.panyuwen.gigotapicommon.service.InnerUserService&methods=getInvokeUser&pid=31524&release=3.0.9&revision=0.0.2&service-name-mapping=true&side=provider&timestamp=1746421726063, dubbo version: 3.0.9, current host: 192.168.56.1
2025-05-05 13:08:46.280  INFO 31524 --- [           main] o.a.dubbo.registry.nacos.NacosRegistry   :  [DUBBO] Subscribe: provider://192.168.56.1:20880/top.panyuwen.gigotapicommon.service.InnerUserService?anyhost=true&application=dubbo-springboot-demo-provider&background=false&bind.ip=192.168.56.1&bind.port=20880&category=configurators&check=false&deprecated=false&dubbo=2.0.2&dynamic=true&generic=false&interface=top.panyuwen.gigotapicommon.service.InnerUserService&methods=getInvokeUser&pid=31524&release=3.0.9&revision=0.0.2&service-name-mapping=true&side=provider&timestamp=1746421726063, dubbo version: 3.0.9, current host: 192.168.56.1
2025-05-05 13:08:46.287  WARN 31524 --- [           main] o.a.dubbo.registry.nacos.NacosRegistry   :  [DUBBO] Ignore empty notify urls for subscribe url provider://192.168.56.1:20880/top.panyuwen.gigotapicommon.service.InnerUserService?anyhost=true&application=dubbo-springboot-demo-provider&background=false&bind.ip=192.168.56.1&bind.port=20880&category=configurators&check=false&deprecated=false&dubbo=2.0.2&dynamic=true&generic=false&interface=top.panyuwen.gigotapicommon.service.InnerUserService&methods=getInvokeUser&pid=31524&release=3.0.9&revision=0.0.2&service-name-mapping=true&side=provider&timestamp=1746421726063, dubbo version: 3.0.9, current host: 192.168.56.1
2025-05-05 13:08:46.288  INFO 31524 --- [Report-thread-1] o.a.d.m.store.nacos.NacosMetadataReport  :  [DUBBO] store provider metadata. Identifier : org.apache.dubbo.metadata.report.identifier.MetadataIdentifier@43534504; definition: FullServiceDefinition{parameters=org.apache.dubbo.common.url.component.URLParam$URLParamMap@9944d3b6} ServiceDefinition [canonicalName=top.panyuwen.gigotapicommon.service.InnerUserService, codeSource=gigotapi-common-0.0.2.jar, methods=[MethodDefinition [name=getInvokeUser, parameterTypes=[java.lang.String], returnType=top.panyuwen.gigotapicommon.model.entity.User]]], dubbo version: 3.0.9, current host: 192.168.56.1
2025-05-05 13:08:46.294  INFO 31524 --- [           main] org.apache.dubbo.config.ServiceConfig    :  [DUBBO] Successfully registered interface application mapping for service top.panyuwen.gigotapicommon.service.InnerUserService, dubbo version: 3.0.9, current host: 192.168.56.1
2025-05-05 13:08:46.295  INFO 31524 --- [           main] o.a.d.c.deploy.DefaultModuleDeployer     :  [DUBBO] Dubbo Module[1.1.0] is starting., dubbo version: 3.0.9, current host: 192.168.56.1
2025-05-05 13:08:46.296  INFO 31524 --- [           main] o.a.d.c.deploy.DefaultModuleDeployer     :  [DUBBO] Dubbo Module[1.1.0] has started., dubbo version: 3.0.9, current host: 192.168.56.1
2025-05-05 13:08:46.296  INFO 31524 --- [           main] o.a.d.c.deploy.DefaultModuleDeployer     :  [DUBBO] Dubbo Module[1.1.1] has started., dubbo version: 3.0.9, current host: 192.168.56.1
2025-05-05 13:08:46.300  INFO 31524 --- [           main] .c.m.ConfigurableMetadataServiceExporter :  [DUBBO] Metadata Service Port hasn't been set will use default protocol defined in protocols., dubbo version: 3.0.9, current host: 192.168.56.1
2025-05-05 13:08:46.301  INFO 31524 --- [           main] .c.m.ConfigurableMetadataServiceExporter :  [DUBBO] Using dubbo protocol to export metadata service on port 20880, dubbo version: 3.0.9, current host: 192.168.56.1
2025-05-05 13:08:46.339  INFO 31524 --- [           main] org.apache.dubbo.config.ServiceConfig    :  [DUBBO] Export dubbo service org.apache.dubbo.metadata.MetadataService to local registry url : injvm://127.0.0.1/org.apache.dubbo.metadata.MetadataService?anyhost=true&application=dubbo-springboot-demo-provider&background=false&bind.ip=192.168.56.1&bind.port=20880&connections=1&corethreads=2&delay=0&deprecated=false&dubbo=2.0.2&dynamic=true&executes=100&generic=false&getAndListenInstanceMetadata.1.callback=true&getAndListenInstanceMetadata.return=true&getAndListenInstanceMetadata.sent=true&group=dubbo-springboot-demo-provider&interface=org.apache.dubbo.metadata.MetadataService&methods=getMetadataURL,isMetadataService,getAndListenInstanceMetadata,getExportedURLs,serviceName,version,getSubscribedURLs,exportInstanceMetadata,getExportedServiceURLs,getMetadataInfo,toSortedStrings,getMetadataInfos,getServiceDefinition,getInstanceMetadataChangedListenerMap&pid=31524&register=false&release=3.0.9&revision=3.0.9&side=provider&threadpool=cached&threads=100&timestamp=1746421726317&version=1.0.0, dubbo version: 3.0.9, current host: 192.168.56.1
2025-05-05 13:08:46.340  INFO 31524 --- [           main] org.apache.dubbo.config.ServiceConfig    :  [DUBBO] Export dubbo service org.apache.dubbo.metadata.MetadataService to url dubbo://192.168.56.1:20880/org.apache.dubbo.metadata.MetadataService?anyhost=true&application=dubbo-springboot-demo-provider&background=false&bind.ip=192.168.56.1&bind.port=20880&connections=1&corethreads=2&delay=0&deprecated=false&dubbo=2.0.2&dynamic=true&executes=100&generic=false&getAndListenInstanceMetadata.1.callback=true&getAndListenInstanceMetadata.return=true&getAndListenInstanceMetadata.sent=true&group=dubbo-springboot-demo-provider&interface=org.apache.dubbo.metadata.MetadataService&methods=getMetadataURL,isMetadataService,getAndListenInstanceMetadata,getExportedURLs,serviceName,version,getSubscribedURLs,exportInstanceMetadata,getExportedServiceURLs,getMetadataInfo,toSortedStrings,getMetadataInfos,getServiceDefinition,getInstanceMetadataChangedListenerMap&pid=31524&register=false&release=3.0.9&revision=3.0.9&service-name-mapping=true&side=provider&threadpool=cached&threads=100&timestamp=1746421726317&version=1.0.0, dubbo version: 3.0.9, current host: 192.168.56.1
2025-05-05 13:08:46.354  INFO 31524 --- [           main] o.a.d.r.c.m.MigrationRuleListener        :  [DUBBO] Listening for migration rules on dataId dubbo-springboot-demo-provider.migration, group DUBBO_SERVICEDISCOVERY_MIGRATION, dubbo version: 3.0.9, current host: 192.168.56.1
2025-05-05 13:08:46.358  INFO 31524 --- [           main] org.apache.dubbo.config.ServiceConfig    :  [DUBBO] Export dubbo service org.apache.dubbo.metadata.MetadataService to url dubbo://192.168.56.1:20880/org.apache.dubbo.metadata.MetadataService?anyhost=true&application=dubbo-springboot-demo-provider&background=false&bind.ip=192.168.56.1&bind.port=20880&connections=1&corethreads=2&delay=0&deprecated=false&dubbo=2.0.2&dynamic=true&executes=100&generic=false&getAndListenInstanceMetadata.1.callback=true&getAndListenInstanceMetadata.return=true&getAndListenInstanceMetadata.sent=true&group=dubbo-springboot-demo-provider&interface=org.apache.dubbo.metadata.MetadataService&methods=getMetadataURL,isMetadataService,getAndListenInstanceMetadata,getExportedURLs,serviceName,version,getSubscribedURLs,exportInstanceMetadata,getExportedServiceURLs,getMetadataInfo,toSortedStrings,getMetadataInfos,getServiceDefinition,getInstanceMetadataChangedListenerMap&pid=31524&register=false&release=3.0.9&revision=3.0.9&service-name-mapping=true&side=provider&threadpool=cached&threads=100&timestamp=1746421726317&version=1.0.0, dubbo version: 3.0.9, current host: 192.168.56.1
2025-05-05 13:08:46.556  INFO 31524 --- [           main] o.a.dubbo.registry.nacos.NacosRegistry   :  [DUBBO] Subscribe: provider://192.168.56.1:20880/org.apache.dubbo.metadata.MetadataService?anyhost=true&application=dubbo-springboot-demo-provider&background=false&bind.ip=192.168.56.1&bind.port=20880&category=configurators&check=false&connections=1&corethreads=2&delay=0&deprecated=false&dubbo=2.0.2&dynamic=true&executes=100&generic=false&getAndListenInstanceMetadata.1.callback=true&getAndListenInstanceMetadata.return=true&getAndListenInstanceMetadata.sent=true&group=dubbo-springboot-demo-provider&interface=org.apache.dubbo.metadata.MetadataService&methods=getMetadataURL,isMetadataService,getAndListenInstanceMetadata,getExportedURLs,serviceName,version,getSubscribedURLs,exportInstanceMetadata,getExportedServiceURLs,getMetadataInfo,toSortedStrings,getMetadataInfos,getServiceDefinition,getInstanceMetadataChangedListenerMap&pid=31524&register=false&release=3.0.9&revision=3.0.9&service-name-mapping=true&side=provider&threadpool=cached&threads=100&timestamp=1746421726317&version=1.0.0, dubbo version: 3.0.9, current host: 192.168.56.1
2025-05-05 13:08:46.566  WARN 31524 --- [           main] o.a.dubbo.registry.nacos.NacosRegistry   :  [DUBBO] Ignore empty notify urls for subscribe url provider://192.168.56.1:20880/org.apache.dubbo.metadata.MetadataService?anyhost=true&application=dubbo-springboot-demo-provider&background=false&bind.ip=192.168.56.1&bind.port=20880&category=configurators&check=false&connections=1&corethreads=2&delay=0&deprecated=false&dubbo=2.0.2&dynamic=true&executes=100&generic=false&getAndListenInstanceMetadata.1.callback=true&getAndListenInstanceMetadata.return=true&getAndListenInstanceMetadata.sent=true&group=dubbo-springboot-demo-provider&interface=org.apache.dubbo.metadata.MetadataService&methods=getMetadataURL,isMetadataService,getAndListenInstanceMetadata,getExportedURLs,serviceName,version,getSubscribedURLs,exportInstanceMetadata,getExportedServiceURLs,getMetadataInfo,toSortedStrings,getMetadataInfos,getServiceDefinition,getInstanceMetadataChangedListenerMap&pid=31524&register=false&release=3.0.9&revision=3.0.9&service-name-mapping=true&side=provider&threadpool=cached&threads=100&timestamp=1746421726317&version=1.0.0, dubbo version: 3.0.9, current host: 192.168.56.1
2025-05-05 13:08:46.567  INFO 31524 --- [           main] org.apache.dubbo.config.ServiceConfig    :  [DUBBO] Successfully registered interface application mapping for service dubbo-springboot-demo-provider/org.apache.dubbo.metadata.MetadataService:1.0.0, dubbo version: 3.0.9, current host: 192.168.56.1
2025-05-05 13:08:46.568  INFO 31524 --- [           main] .c.m.ConfigurableMetadataServiceExporter :  [DUBBO] The MetadataService exports urls : [dubbo://192.168.56.1:20880/org.apache.dubbo.metadata.MetadataService?anyhost=true&application=dubbo-springboot-demo-provider&background=false&bind.ip=192.168.56.1&bind.port=20880&connections=1&corethreads=2&delay=0&deprecated=false&dubbo=2.0.2&dynamic=true&executes=100&generic=false&getAndListenInstanceMetadata.1.callback=true&getAndListenInstanceMetadata.return=true&getAndListenInstanceMetadata.sent=true&group=dubbo-springboot-demo-provider&interface=org.apache.dubbo.metadata.MetadataService&methods=getMetadataURL,isMetadataService,getAndListenInstanceMetadata,getExportedURLs,serviceName,version,getSubscribedURLs,exportInstanceMetadata,getExportedServiceURLs,getMetadataInfo,toSortedStrings,getMetadataInfos,getServiceDefinition,getInstanceMetadataChangedListenerMap&pid=31524&register=false&release=3.0.9&revision=3.0.9&service-name-mapping=true&side=provider&threadpool=cached&threads=100&timestamp=1746421726317&version=1.0.0], dubbo version: 3.0.9, current host: 192.168.56.1
2025-05-05 13:08:46.570  INFO 31524 --- [           main] o.a.d.r.c.m.ServiceInstanceMetadataUtils :  [DUBBO] Start registering instance address to registry., dubbo version: 3.0.9, current host: 192.168.56.1
2025-05-05 13:08:46.586  INFO 31524 --- [           main] org.apache.dubbo.metadata.MetadataInfo   :  [DUBBO] metadata revision changed: null -> 7bfc9dd80390e61d22b97231330ca793, app: dubbo-springboot-demo-provider, services: 4, dubbo version: 3.0.9, current host: 192.168.56.1
2025-05-05 13:08:46.608  INFO 31524 --- [           main] o.a.d.c.d.DefaultApplicationDeployer     :  [DUBBO] Dubbo Application[1.1](dubbo-springboot-demo-provider) is ready., dubbo version: 3.0.9, current host: 192.168.56.1
2025-05-05 13:08:46.615  INFO 31524 --- [           main] t.p.g.MainApplicationTests               : Started MainApplicationTests in 15.32 seconds (JVM running for 16.094)
WxOpenConfig(appId=xxx, appSecret=xxx, wxMpService=me.chanjar.weixin.mp.api.impl.WxMpServiceImpl@3f3b0b19)
]]></system-out>
  </testcase>
</testsuite>